#
# A fatal error has been detected by the Java Runtime Environment:
#
#  EXCEPTION_ACCESS_VIOLATION (0xc0000005) at pc=0x000000007110b5db, pid=1920, tid=18760
#
# JRE version: Java(TM) SE Runtime Environment (21.0.1+12) (build 21.0.1+12-LTS-29)
# Java VM: Java HotSpot(TM) 64-Bit Server VM (21.0.1+12-LTS-29, mixed mode, emulated-client, sharing, tiered, compressed oops, compressed class ptrs, g1 gc, windows-amd64)
# Problematic frame:
# C  [jSSC-2.8_x86_64.dll+0xb5db]
#
# No core dump will be written. Minidumps are not enabled by default on client versions of Windows
#
# If you would like to submit a bug report, please visit:
#   https://bugreport.java.com/bugreport/crash.jsp
# The crash happened outside the Java Virtual Machine in native code.
# See problematic frame for where to report the bug.
#

---------------  S U M M A R Y ------------

Command Line: -XX:TieredStopAtLevel=1 -Dspring.output.ansi.enabled=always -Dcom.sun.management.jmxremote -Dspring.jmx.enabled=true -Dspring.liveBeansView.mbeanDomain -Dspring.application.admin.enabled=true -Dmanagement.endpoints.jmx.exposure.include=* -javaagent:C:\Program Files\JetBrains\IntelliJ IDEA 2024.2.0.1\lib\idea_rt.jar=56319:C:\Program Files\JetBrains\IntelliJ IDEA 2024.2.0.1\bin -Dfile.encoding=UTF-8 -Dsun.stdout.encoding=UTF-8 -Dsun.stderr.encoding=UTF-8 com.gabriel.api_estacao_meteorologica.ApiEstacaoMeteorologicaApplication

Host: 11th Gen Intel(R) Core(TM) i5-1135G7 @ 2.40GHz, 8 cores, 15G,  Windows 11 , 64 bit Build 26100 (10.0.26100.6725)
Time: Thu Oct 16 16:27:13 2025 Hora Padrão de Buenos Aires elapsed time: 4.091580 seconds (0d 0h 0m 4s)

---------------  T H R E A D  ---------------

Current thread (0x0000025ad1bf4ce0):  JavaThread "Thread-4"         [_thread_in_native, id=18760, stack(0x000000bc8b700000,0x000000bc8b800000) (1024K)]

Stack: [0x000000bc8b700000,0x000000bc8b800000],  sp=0x000000bc8b7ff0c0,  free space=1020k
Native frames: (J=compiled Java code, j=interpreted, Vv=VM code, C=native code)
C  [jSSC-2.8_x86_64.dll+0xb5db]

Java frames: (J=compiled Java code, j=interpreted, Vv=VM code)
j  jssc.SerialNativeInterface.openPort(Ljava/lang/String;Z)J+0
j  jssc.SerialPort.openPort()Z+65
j  com.gabriel.api_estacao_meteorologica.service.ArduinoService.lerPortaSerial()V+11
j  com.gabriel.api_estacao_meteorologica.service.ArduinoService$$Lambda+0x0000025a8c819320.run()V+4
j  java.lang.Thread.runWith(Ljava/lang/Object;Ljava/lang/Runnable;)V+5 java.base@21.0.1
j  java.lang.Thread.run()V+19 java.base@21.0.1
v  ~StubRoutines::call_stub 0x0000025a800010e7

siginfo: EXCEPTION_ACCESS_VIOLATION (0xc0000005), reading address 0xfffffffff5ffef7a


Registers:
RAX=0xfffffffff5ffef7a, RBX=0x000000bc8b7ff130, RCX=0x00007ffbf87e1dd4, RDX=0x0000000000000000
RSP=0x000000bc8b7ff0c0, RBP=0x000000bc8b7ff240, RSI=0x0000025ad1bf5098, RDI=0x0000000000000810
R8 =0x000000bc8b7fefb8, R9 =0x0000000000000000, R10=0x0000000000000000, R11=0x0000000000000246
R12=0x000000bc8b7ff300, R13=0x0000025ad22ef830, R14=0x000000bc8b7ff1f0, R15=0x0000025ad1bf4ce0
RIP=0x000000007110b5db, EFLAGS=0x0000000000010202


Register to memory mapping:

RAX=0xfffffffff5ffef7a is an unknown value
RBX=0x000000bc8b7ff130 is pointing into the stack for thread: 0x0000025ad1bf4ce0
RCX=0x00007ffbf87e1dd4 ntdll.dll
RDX=0x0 is null
RSP=0x000000bc8b7ff0c0 is pointing into the stack for thread: 0x0000025ad1bf4ce0
RBP=0x000000bc8b7ff240 is pointing into the stack for thread: 0x0000025ad1bf4ce0
RSI=0x0000025ad1bf5098 points into unknown readable memory: 0x00007ffb53c8c600 | 00 c6 c8 53 fb 7f 00 00
RDI=0x0000000000000810 is an unknown value
R8 =0x000000bc8b7fefb8 is pointing into the stack for thread: 0x0000025ad1bf4ce0
R9 =0x0 is null
R10=0x0 is null
R11=0x0000000000000246 is an unknown value
R12=0x000000bc8b7ff300 is pointing into the stack for thread: 0x0000025ad1bf4ce0
R13=0x0000025ad22ef830 points into unknown readable memory: 0x0073646f6874656d | 6d 65 74 68 6f 64 73 00
R14=0x000000bc8b7ff1f0 is pointing into the stack for thread: 0x0000025ad1bf4ce0
R15=0x0000025ad1bf4ce0 is a thread

Top of Stack: (sp=0x000000bc8b7ff0c0)
0x000000bc8b7ff0c0:   0000000000000003 0000000000000000
0x000000bc8b7ff0d0:   000000007110b230 0000000000000000
0x000000bc8b7ff0e0:   0000000000000001 0000000000000004
0x000000bc8b7ff0f0:   0000025ad1bf5098 0000000000000810
0x000000bc8b7ff100:   000000bc8b7ff240 0000000071112590
0x000000bc8b7ff110:   0000025ad25bd680 00000000c0000000
0x000000bc8b7ff120:   0000000000000810 00007ffbf587d43c
0x000000bc8b7ff130:   0000000000000057 0000000000000010
0x000000bc8b7ff140:   0000025ad1bf4ce0 000000bc8b7ff1f0
0x000000bc8b7ff150:   0000025ad22ef830 000000bc8b7ff300
0x000000bc8b7ff160:   0000000071113500 0000000071113be8
0x000000bc8b7ff170:   000000bc8b7ff1a0 0000000071112641
0x000000bc8b7ff180:   000000bc8b7ff110 0000000000000000
0x000000bc8b7ff190:   0000025ad22ef830 000000bc8b7ff1f0
0x000000bc8b7ff1a0:   000000bc8b7ff240 0000000071101595
0x000000bc8b7ff1b0:   000000000000001c 0000025a00000000
0x000000bc8b7ff1c0:   000000bc8b7ff200 000000bc8b7ff300
0x000000bc8b7ff1d0:   0000025a00000003 00007ffb40000000
0x000000bc8b7ff1e0:   0000000000000000 0000000000000996
0x000000bc8b7ff1f0:   334d4f435c2e5c5c 0000025ad1bf4c00
0x000000bc8b7ff200:   000002005c2e5c5c 0000025ad1bf4ce0
0x000000bc8b7ff210:   0000025acf21ad38 000000004535bc88
0x000000bc8b7ff220:   0000000000000000 0000000000000000
0x000000bc8b7ff230:   0000025acf21ad38 000000bc8b7ff308
0x000000bc8b7ff240:   000000bc8b7ff2d8 0000025a8000c992
0x000000bc8b7ff250:   0000000000000000 0000025a8000c669
0x000000bc8b7ff260:   0000025acf21ad38 000000004535bc88
0x000000bc8b7ff270:   00000007090df220 0000000704d680f8
0x000000bc8b7ff280:   000000bc8b7ff360 0000025a8000c626
0x000000bc8b7ff290:   000000bc8b7ff290 0000025acf21ad38
0x000000bc8b7ff2a0:   0000000000000006 0000025acf21bc58
0x000000bc8b7ff2b0:   0000000000000000 00000007090de630 

Instructions: (pc=0x000000007110b5db)
0x000000007110b4db:   48 85 c0 74 bf 44 8b 03 45 85 c0 0f 84 77 ff ff
0x000000007110b4eb:   ff eb 9f 66 90 e8 8b fe ff ff 48 89 05 0c 34 01
0x000000007110b4fb:   00 eb ad 66 90 e8 7b fe ff ff 48 89 05 fc 33 01
0x000000007110b50b:   00 eb 8b e8 8d fe ff ff c7 03 01 00 00 00 e9 6f
0x000000007110b51b:   ff ff ff 66 90 55 48 89 e5 56 53 48 83 ec 20 48
0x000000007110b52b:   8b 05 d7 33 01 00 48 8b 31 48 89 cb 48 85 c0 74
0x000000007110b53b:   56 44 8b 18 45 85 db 78 42 48 8b 05 bd 33 01 00
0x000000007110b54b:   48 85 c0 74 50 44 8b 10 45 85 d2 74 1d 48 89 f1
0x000000007110b55b:   e8 d0 fd ff ff 48 8b 13 48 8d 42 40 48 8b 48 08
0x000000007110b56b:   48 8b 6a 40 48 8b 60 10 ff e1 48 8b 05 9c 33 01
0x000000007110b57b:   00 48 85 c0 74 2d 48 89 30 eb da e8 b5 fe ff ff
0x000000007110b58b:   0f 1f 44 00 00 eb b2 e8 e9 fd ff ff 48 89 05 6a
0x000000007110b59b:   33 01 00 eb 9c e8 db fd ff ff 48 89 05 5c 33 01
0x000000007110b5ab:   00 eb a2 e8 3d fd ff ff 48 89 05 5e 33 01 00 eb
0x000000007110b5bb:   c5 0f 1f 40 00 55 57 56 53 48 83 ec 28 48 8b 05
0x000000007110b5cb:   39 33 01 00 48 89 cb 48 85 c0 0f 84 c5 00 00 00
0x000000007110b5db:   8b 38 85 ff 0f 88 ab 00 00 00 48 8b 05 1c 33 01
0x000000007110b5eb:   00 48 85 c0 0f 84 bc 00 00 00 8b 30 85 f6 74 57
0x000000007110b5fb:   48 8b 05 0e 33 01 00 48 85 c0 0f 84 e5 00 00 00
0x000000007110b60b:   8b 28 48 8b 35 10 5e 01 00 ff d6 89 c7 89 e9 ff
0x000000007110b61b:   15 f4 5e 01 00 89 f9 48 89 c5 ff 15 b9 5e 01 00
0x000000007110b62b:   48 8b 05 de 32 01 00 48 89 2b 48 85 c0 74 46 48
0x000000007110b63b:   89 da 8b 08 ff 15 d7 5e 01 00 85 c0 74 27 48 83
0x000000007110b64b:   c4 28 5b 5e 5f 5d c3 48 8b 05 bf 32 01 00 48 85
0x000000007110b65b:   c0 74 64 48 8b 10 48 89 13 48 89 18 48 83 c4 28
0x000000007110b66b:   5b 5e 5f 5d c3 48 89 f2 48 83 c4 28 5b 5e 5f 5d
0x000000007110b67b:   48 ff e2 66 90 e8 8b fc ff ff 48 89 05 84 32 01
0x000000007110b68b:   00 eb ac 66 90 e8 ab fd ff ff e9 4b ff ff ff 66
0x000000007110b69b:   0f 1f 44 00 00 e8 db fc ff ff 48 89 05 5c 32 01
0x000000007110b6ab:   00 e9 2a ff ff ff e8 ca fc ff ff 48 89 05 4b 32
0x000000007110b6bb:   01 00 e9 33 ff ff ff e8 29 fc ff ff 48 89 05 4a
0x000000007110b6cb:   32 01 00 48 8b 10 48 85 c0 48 89 13 75 8b e8 12 


Stack slot to memory mapping:

stack at sp + 0 slots: 0x0000000000000003 is an unknown value
stack at sp + 1 slots: 0x0 is null
stack at sp + 2 slots: 0x000000007110b230 jSSC-2.8_x86_64.dll
stack at sp + 3 slots: 0x0 is null
stack at sp + 4 slots: 0x0000000000000001 is an unknown value
stack at sp + 5 slots: 0x0000000000000004 is an unknown value
stack at sp + 6 slots: 0x0000025ad1bf5098 points into unknown readable memory: 0x00007ffb53c8c600 | 00 c6 c8 53 fb 7f 00 00
stack at sp + 7 slots: 0x0000000000000810 is an unknown value


---------------  P R O C E S S  ---------------

Threads class SMR info:
_java_thread_list=0x0000025ad2542790, length=26, elements={
0x0000025af5ccdba0, 0x0000025a8af3dd70, 0x0000025a8af404f0, 0x0000025a8af44b10,
0x0000025a8af45740, 0x0000025a8af4a930, 0x0000025a8af577f0, 0x0000025a8af674d0,
0x0000025a8af084b0, 0x0000025a8af08b20, 0x0000025ad05ffdd0, 0x0000025ad06053d0,
0x0000025ad0714a80, 0x0000025ad0715130, 0x0000025ad0800710, 0x0000025ad0c89f30,
0x0000025ad0c98370, 0x0000025ad12532e0, 0x0000025ad1310bd0, 0x0000025ad1bf4650,
0x0000025ad1bf5a00, 0x0000025ad1bf7440, 0x0000025ad1bf6720, 0x0000025ad1bf6db0,
0x0000025ad1bf7ad0, 0x0000025ad1bf4ce0
}

Java Threads: ( => current thread )
  0x0000025af5ccdba0 JavaThread "main"                              [_thread_blocked, id=21092, stack(0x000000bc88d00000,0x000000bc88e00000) (1024K)]
  0x0000025a8af3dd70 JavaThread "Reference Handler"          daemon [_thread_blocked, id=3500, stack(0x000000bc89500000,0x000000bc89600000) (1024K)]
  0x0000025a8af404f0 JavaThread "Finalizer"                  daemon [_thread_blocked, id=16716, stack(0x000000bc89600000,0x000000bc89700000) (1024K)]
  0x0000025a8af44b10 JavaThread "Signal Dispatcher"          daemon [_thread_blocked, id=3504, stack(0x000000bc89700000,0x000000bc89800000) (1024K)]
  0x0000025a8af45740 JavaThread "Attach Listener"            daemon [_thread_blocked, id=23688, stack(0x000000bc89800000,0x000000bc89900000) (1024K)]
  0x0000025a8af4a930 JavaThread "Service Thread"             daemon [_thread_blocked, id=2080, stack(0x000000bc89900000,0x000000bc89a00000) (1024K)]
  0x0000025a8af577f0 JavaThread "Monitor Deflation Thread"   daemon [_thread_blocked, id=8560, stack(0x000000bc89a00000,0x000000bc89b00000) (1024K)]
  0x0000025a8af674d0 JavaThread "C1 CompilerThread0"         daemon [_thread_blocked, id=8132, stack(0x000000bc89b00000,0x000000bc89c00000) (1024K)]
  0x0000025a8af084b0 JavaThread "Common-Cleaner"             daemon [_thread_blocked, id=25640, stack(0x000000bc89c00000,0x000000bc89d00000) (1024K)]
  0x0000025a8af08b20 JavaThread "C1 CompilerThread1"         daemon [_thread_blocked, id=21312, stack(0x000000bc89d00000,0x000000bc89e00000) (1024K)]
  0x0000025ad05ffdd0 JavaThread "Monitor Ctrl-Break"         daemon [_thread_in_native, id=25976, stack(0x000000bc89e00000,0x000000bc89f00000) (1024K)]
  0x0000025ad06053d0 JavaThread "Notification Thread"        daemon [_thread_blocked, id=14044, stack(0x000000bc89f00000,0x000000bc8a000000) (1024K)]
  0x0000025ad0714a80 JavaThread "C1 CompilerThread2"         daemon [_thread_blocked, id=20412, stack(0x000000bc8a000000,0x000000bc8a100000) (1024K)]
  0x0000025ad0715130 JavaThread "C1 CompilerThread3"         daemon [_thread_blocked, id=21720, stack(0x000000bc8a100000,0x000000bc8a200000) (1024K)]
  0x0000025ad0800710 JavaThread "RMI TCP Accept-0"           daemon [_thread_in_native, id=24940, stack(0x000000bc8a200000,0x000000bc8a300000) (1024K)]
  0x0000025ad0c89f30 JavaThread "Thread-0"                          [_thread_blocked, id=21020, stack(0x000000bc8a900000,0x000000bc8aa00000) (1024K)]
  0x0000025ad0c98370 JavaThread "restartedMain"                     [_thread_in_vm, id=2388, stack(0x000000bc8aa00000,0x000000bc8ab00000) (1024K)]
  0x0000025ad12532e0 JavaThread "RMI TCP Connection(1)-192.168.1.6" daemon [_thread_in_native, id=7976, stack(0x000000bc8ad00000,0x000000bc8ae00000) (1024K)]
  0x0000025ad1310bd0 JavaThread "RMI Scheduler(0)"           daemon [_thread_blocked, id=12536, stack(0x000000bc8ae00000,0x000000bc8af00000) (1024K)]
  0x0000025ad1bf4650 JavaThread "Catalina-utility-1"                [_thread_blocked, id=5876, stack(0x000000bc8b000000,0x000000bc8b100000) (1024K)]
  0x0000025ad1bf5a00 JavaThread "Catalina-utility-2"                [_thread_blocked, id=8716, stack(0x000000bc8b100000,0x000000bc8b200000) (1024K)]
  0x0000025ad1bf7440 JavaThread "container-0"                       [_thread_blocked, id=17152, stack(0x000000bc8b200000,0x000000bc8b300000) (1024K)]
  0x0000025ad1bf6720 JavaThread "PostgreSQL-JDBC-Cleaner"    daemon [_thread_blocked, id=11436, stack(0x000000bc8b400000,0x000000bc8b500000) (1024K)]
  0x0000025ad1bf6db0 JavaThread "HikariPool-1:housekeeper"   daemon [_thread_blocked, id=6304, stack(0x000000bc8b500000,0x000000bc8b600000) (1024K)]
  0x0000025ad1bf7ad0 JavaThread "HikariPool-1:connection-adder" daemon [_thread_blocked, id=8824, stack(0x000000bc8b600000,0x000000bc8b700000) (1024K)]
=>0x0000025ad1bf4ce0 JavaThread "Thread-4"                          [_thread_in_native, id=18760, stack(0x000000bc8b700000,0x000000bc8b800000) (1024K)]
Total: 26

Other Threads:
  0x0000025a8af191a0 VMThread "VM Thread"                           [id=4620, stack(0x000000bc89400000,0x000000bc89500000) (1024K)]
  0x0000025a8af073a0 WatcherThread "VM Periodic Task Thread"        [id=24368, stack(0x000000bc89300000,0x000000bc89400000) (1024K)]
  0x0000025af784a6e0 WorkerThread "GC Thread#0"                     [id=6720, stack(0x000000bc88e00000,0x000000bc88f00000) (1024K)]
  0x0000025ad08f3600 WorkerThread "GC Thread#1"                     [id=19624, stack(0x000000bc8a300000,0x000000bc8a400000) (1024K)]
  0x0000025ad08f39a0 WorkerThread "GC Thread#2"                     [id=3688, stack(0x000000bc8a400000,0x000000bc8a500000) (1024K)]
  0x0000025ad090a870 WorkerThread "GC Thread#3"                     [id=16408, stack(0x000000bc8a500000,0x000000bc8a600000) (1024K)]
  0x0000025ad090b430 WorkerThread "GC Thread#4"                     [id=26244, stack(0x000000bc8a600000,0x000000bc8a700000) (1024K)]
  0x0000025ad090b7d0 WorkerThread "GC Thread#5"                     [id=22732, stack(0x000000bc8a700000,0x000000bc8a800000) (1024K)]
  0x0000025ad0950280 WorkerThread "GC Thread#6"                     [id=1496, stack(0x000000bc8a800000,0x000000bc8a900000) (1024K)]
  0x0000025ad112b060 WorkerThread "GC Thread#7"                     [id=20524, stack(0x000000bc8ac00000,0x000000bc8ad00000) (1024K)]
  0x0000025af785b430 ConcurrentGCThread "G1 Main Marker"            [id=22516, stack(0x000000bc88f00000,0x000000bc89000000) (1024K)]
  0x0000025af785d860 WorkerThread "G1 Conc#0"                       [id=26220, stack(0x000000bc89000000,0x000000bc89100000) (1024K)]
  0x0000025ad112c620 WorkerThread "G1 Conc#1"                       [id=828, stack(0x000000bc8ab00000,0x000000bc8ac00000) (1024K)]
  0x0000025a8addb590 ConcurrentGCThread "G1 Refine#0"               [id=11088, stack(0x000000bc89100000,0x000000bc89200000) (1024K)]
  0x0000025a8addb9c0 ConcurrentGCThread "G1 Service"                [id=4728, stack(0x000000bc89200000,0x000000bc89300000) (1024K)]
Total: 15

Threads with active compile tasks:
Total: 0

VM state: not at safepoint (normal execution)

VM Mutex/Monitor currently owned by a thread: None

Heap address: 0x0000000704a00000, size: 4022 MB, Compressed Oops mode: Zero based, Oop shift amount: 3

CDS archive(s) mapped at: [0x0000025a8b000000-0x0000025a8bc90000-0x0000025a8bc90000), size 13172736, SharedBaseAddress: 0x0000025a8b000000, ArchiveRelocationMode: 1.
Compressed class space mapped at: 0x0000025a8c000000-0x0000025acc000000, reserved size: 1073741824
Narrow klass base: 0x0000025a8b000000, Narrow klass shift: 0, Narrow klass range: 0x100000000

GC Precious Log:
 CardTable entry size: 512
 Card Set container configuration: InlinePtr #cards 4 size 8 Array Of Cards #cards 16 size 48 Howl #buckets 8 coarsen threshold 3686 Howl Bitmap #cards 512 size 80 coarsen threshold 460 Card regions per heap region 1 cards per card region 4096
 CPUs: 8 total, 8 available
 Memory: 16082M
 Large Page Support: Disabled
 NUMA Support: Disabled
 Compressed Oops: Enabled (Zero based)
 Heap Region Size: 2M
 Heap Min Capacity: 8M
 Heap Initial Capacity: 252M
 Heap Max Capacity: 4022M
 Pre-touch: Disabled
 Parallel Workers: 8
 Concurrent Workers: 2
 Concurrent Refinement Workers: 8
 Periodic GC: Disabled

Heap:
 garbage-first heap   total 81920K, used 37966K [0x0000000704a00000, 0x0000000800000000)
  region size 2048K, 10 young (20480K), 3 survivors (6144K)
 Metaspace       used 59069K, committed 59776K, reserved 1114112K
  class space    used 8385K, committed 8704K, reserved 1048576K

Heap Regions: E=young(eden), S=young(survivor), O=old, HS=humongous(starts), HC=humongous(continues), CS=collection set, F=free, TAMS=top-at-mark-start, PB=parsable bottom
|   0|0x0000000704a00000, 0x0000000704c00000, 0x0000000704c00000|100%| O|  |TAMS 0x0000000704a00000| PB 0x0000000704a00000| Untracked 
|   1|0x0000000704c00000, 0x0000000704e00000, 0x0000000704e00000|100%| O|  |TAMS 0x0000000704c00000| PB 0x0000000704c00000| Untracked 
|   2|0x0000000704e00000, 0x0000000705000000, 0x0000000705000000|100%| O|  |TAMS 0x0000000704e00000| PB 0x0000000704e00000| Untracked 
|   3|0x0000000705000000, 0x0000000705200000, 0x0000000705200000|100%| O|  |TAMS 0x0000000705000000| PB 0x0000000705000000| Untracked 
|   4|0x0000000705200000, 0x0000000705400000, 0x0000000705400000|100%| O|  |TAMS 0x0000000705200000| PB 0x0000000705200000| Untracked 
|   5|0x0000000705400000, 0x0000000705600000, 0x0000000705600000|100%| O|  |TAMS 0x0000000705400000| PB 0x0000000705400000| Untracked 
|   6|0x0000000705600000, 0x0000000705800000, 0x0000000705800000|100%| O|  |TAMS 0x0000000705600000| PB 0x0000000705600000| Untracked 
|   7|0x0000000705800000, 0x0000000705a00000, 0x0000000705a00000|100%| O|  |TAMS 0x0000000705800000| PB 0x0000000705800000| Untracked 
|   8|0x0000000705a00000, 0x0000000705c00000, 0x0000000705c00000|100%| O|  |TAMS 0x0000000705a00000| PB 0x0000000705a00000| Untracked 
|   9|0x0000000705c00000, 0x0000000705c00000, 0x0000000705e00000|  0%| F|  |TAMS 0x0000000705c00000| PB 0x0000000705c00000| Untracked 
|  10|0x0000000705e00000, 0x0000000705fe2700, 0x0000000706000000| 94%| O|  |TAMS 0x0000000705e00000| PB 0x0000000705e00000| Untracked 
|  11|0x0000000706000000, 0x0000000706000000, 0x0000000706200000|  0%| F|  |TAMS 0x0000000706000000| PB 0x0000000706000000| Untracked 
|  12|0x0000000706200000, 0x0000000706200000, 0x0000000706400000|  0%| F|  |TAMS 0x0000000706200000| PB 0x0000000706200000| Untracked 
|  13|0x0000000706400000, 0x0000000706400000, 0x0000000706600000|  0%| F|  |TAMS 0x0000000706400000| PB 0x0000000706400000| Untracked 
|  14|0x0000000706600000, 0x0000000706600000, 0x0000000706800000|  0%| F|  |TAMS 0x0000000706600000| PB 0x0000000706600000| Untracked 
|  15|0x0000000706800000, 0x0000000706931300, 0x0000000706a00000| 59%| S|CS|TAMS 0x0000000706800000| PB 0x0000000706800000| Complete 
|  16|0x0000000706a00000, 0x0000000706a00000, 0x0000000706c00000|  0%| F|  |TAMS 0x0000000706a00000| PB 0x0000000706a00000| Untracked 
|  17|0x0000000706c00000, 0x0000000706e00000, 0x0000000706e00000|100%| S|CS|TAMS 0x0000000706c00000| PB 0x0000000706c00000| Complete 
|  18|0x0000000706e00000, 0x0000000707000000, 0x0000000707000000|100%| S|CS|TAMS 0x0000000706e00000| PB 0x0000000706e00000| Complete 
|  19|0x0000000707000000, 0x0000000707000000, 0x0000000707200000|  0%| F|  |TAMS 0x0000000707000000| PB 0x0000000707000000| Untracked 
|  20|0x0000000707200000, 0x0000000707200000, 0x0000000707400000|  0%| F|  |TAMS 0x0000000707200000| PB 0x0000000707200000| Untracked 
|  21|0x0000000707400000, 0x0000000707400000, 0x0000000707600000|  0%| F|  |TAMS 0x0000000707400000| PB 0x0000000707400000| Untracked 
|  22|0x0000000707600000, 0x0000000707600000, 0x0000000707800000|  0%| F|  |TAMS 0x0000000707600000| PB 0x0000000707600000| Untracked 
|  23|0x0000000707800000, 0x0000000707800000, 0x0000000707a00000|  0%| F|  |TAMS 0x0000000707800000| PB 0x0000000707800000| Untracked 
|  24|0x0000000707a00000, 0x0000000707a00000, 0x0000000707c00000|  0%| F|  |TAMS 0x0000000707a00000| PB 0x0000000707a00000| Untracked 
|  25|0x0000000707c00000, 0x0000000707c00000, 0x0000000707e00000|  0%| F|  |TAMS 0x0000000707c00000| PB 0x0000000707c00000| Untracked 
|  26|0x0000000707e00000, 0x0000000707e00000, 0x0000000708000000|  0%| F|  |TAMS 0x0000000707e00000| PB 0x0000000707e00000| Untracked 
|  27|0x0000000708000000, 0x0000000708000000, 0x0000000708200000|  0%| F|  |TAMS 0x0000000708000000| PB 0x0000000708000000| Untracked 
|  28|0x0000000708200000, 0x0000000708200000, 0x0000000708400000|  0%| F|  |TAMS 0x0000000708200000| PB 0x0000000708200000| Untracked 
|  29|0x0000000708400000, 0x0000000708400000, 0x0000000708600000|  0%| F|  |TAMS 0x0000000708400000| PB 0x0000000708400000| Untracked 
|  30|0x0000000708600000, 0x0000000708600000, 0x0000000708800000|  0%| F|  |TAMS 0x0000000708600000| PB 0x0000000708600000| Untracked 
|  31|0x0000000708800000, 0x0000000708800000, 0x0000000708a00000|  0%| F|  |TAMS 0x0000000708800000| PB 0x0000000708800000| Untracked 
|  32|0x0000000708a00000, 0x0000000708a00000, 0x0000000708c00000|  0%| F|  |TAMS 0x0000000708a00000| PB 0x0000000708a00000| Untracked 
|  33|0x0000000708c00000, 0x0000000708e00000, 0x0000000708e00000|100%| E|  |TAMS 0x0000000708c00000| PB 0x0000000708c00000| Complete 
|  34|0x0000000708e00000, 0x0000000709000000, 0x0000000709000000|100%| E|CS|TAMS 0x0000000708e00000| PB 0x0000000708e00000| Complete 
|  35|0x0000000709000000, 0x0000000709200000, 0x0000000709200000|100%| E|CS|TAMS 0x0000000709000000| PB 0x0000000709000000| Complete 
|  36|0x0000000709200000, 0x0000000709400000, 0x0000000709400000|100%| E|CS|TAMS 0x0000000709200000| PB 0x0000000709200000| Complete 
|  37|0x0000000709400000, 0x0000000709600000, 0x0000000709600000|100%| E|CS|TAMS 0x0000000709400000| PB 0x0000000709400000| Complete 
|  38|0x0000000709600000, 0x0000000709800000, 0x0000000709800000|100%| E|CS|TAMS 0x0000000709600000| PB 0x0000000709600000| Complete 
| 125|0x0000000714400000, 0x0000000714600000, 0x0000000714600000|100%| E|CS|TAMS 0x0000000714400000| PB 0x0000000714400000| Complete 

Card table byte_map: [0x0000025a83e40000,0x0000025a84620000] _byte_map_base: 0x0000025a8061b000

Marking Bits: (CMBitMap*) 0x0000025af784acf0
 Bits: [0x0000025a84620000, 0x0000025a884f8000)

Polling page: 0x0000025af5f20000

Metaspace:

Usage:
  Non-class:     49.50 MB used.
      Class:      8.19 MB used.
       Both:     57.70 MB used.

Virtual space:
  Non-class space:       64.00 MB reserved,      49.88 MB ( 78%) committed,  1 nodes.
      Class space:        1.00 GB reserved,       8.50 MB ( <1%) committed,  1 nodes.
             Both:        1.06 GB reserved,      58.38 MB (  5%) committed. 

Chunk freelists:
   Non-Class:  13.62 MB
       Class:  7.39 MB
        Both:  21.02 MB

MaxMetaspaceSize: unlimited
CompressedClassSpaceSize: 1.00 GB
Initial GC threshold: 21.00 MB
Current GC threshold: 58.38 MB
CDS: on
 - commit_granule_bytes: 65536.
 - commit_granule_words: 8192.
 - virtual_space_node_default_size: 8388608.
 - enlarge_chunks_in_place: 1.
 - use_allocation_guard: 0.


Internal statistics:

num_allocs_failed_limit: 3.
num_arena_births: 928.
num_arena_deaths: 0.
num_vsnodes_births: 2.
num_vsnodes_deaths: 0.
num_space_committed: 934.
num_space_uncommitted: 0.
num_chunks_returned_to_freelist: 3.
num_chunks_taken_from_freelist: 3068.
num_chunk_merges: 3.
num_chunk_splits: 2200.
num_chunks_enlarged: 1714.
num_inconsistent_stats: 0.

CodeCache: size=49152Kb used=11264Kb max_used=11264Kb free=37887Kb
 bounds [0x0000025a80000000, 0x0000025a80b10000, 0x0000025a83000000]
 total_blobs=5791 nmethods=5121 adapters=589
 compilation: enabled
              stopped_count=0, restarted_count=0
 full_count=0

Compilation events (20 events):
Event: 4.064 Thread 0x0000025a8af08b20 5038       1       org.springframework.beans.factory.support.AbstractAutowireCapableBeanFactory::getInstantiationStrategy (5 bytes)
Event: 4.064 Thread 0x0000025a8af08b20 nmethod 5038 0x0000025a80acd690 code [0x0000025a80acd820, 0x0000025a80acd8f0]
Event: 4.067 Thread 0x0000025a8af674d0 5039       1       org.springframework.core.convert.support.GenericConversionService$ConverterCacheKey::hashCode (19 bytes)
Event: 4.067 Thread 0x0000025a8af674d0 nmethod 5039 0x0000025a80acdf90 code [0x0000025a80ace140, 0x0000025a80ace2a0]
Event: 4.068 Thread 0x0000025ad0715130 5040       1       org.springframework.util.ReflectionUtils::makeAccessible (36 bytes)
Event: 4.068 Thread 0x0000025ad0715130 nmethod 5040 0x0000025a80acea10 code [0x0000025a80acebc0, 0x0000025a80aced50]
Event: 4.068 Thread 0x0000025a8af674d0 5041       1       org.springframework.beans.AbstractNestablePropertyAccessor::getWrappedClass (8 bytes)
Event: 4.068 Thread 0x0000025a8af674d0 nmethod 5041 0x0000025a80acee90 code [0x0000025a80acf040, 0x0000025a80acf1e8]
Event: 4.069 Thread 0x0000025ad0715130 5042       1       java.util.concurrent.atomic.AtomicLongArray::get (12 bytes)
Event: 4.069 Thread 0x0000025a8af08b20 5043       1       java.lang.invoke.VarHandleLongs$Array::getVolatile (42 bytes)
Event: 4.069 Thread 0x0000025ad0714a80 5044       1       org.springframework.data.util.ClassTypeInformation::getType (5 bytes)
Event: 4.070 Thread 0x0000025ad0714a80 nmethod 5044 0x0000025a80acf310 code [0x0000025a80acf4a0, 0x0000025a80acf570]
Event: 4.070 Thread 0x0000025a8af674d0 5045       1       java.util.Spliterators$EmptySpliterator$OfRef::tryAdvance (6 bytes)
Event: 4.070 Thread 0x0000025ad0714a80 5046       1       java.util.Spliterators$EmptySpliterator::tryAdvance (7 bytes)
Event: 4.070 Thread 0x0000025a8af08b20 nmethod 5043 0x0000025a80acf610 code [0x0000025a80acf7c0, 0x0000025a80acf950]
Event: 4.070 Thread 0x0000025ad0715130 nmethod 5042 0x0000025a80acfa90 code [0x0000025a80acfc20, 0x0000025a80acfd60]
Event: 4.070 Thread 0x0000025ad0714a80 nmethod 5046 0x0000025a80acfe90 code [0x0000025a80ad0040, 0x0000025a80ad01a8]
Event: 4.070 Thread 0x0000025ad0714a80 5047       1       java.util.stream.Stream::empty (8 bytes)
Event: 4.070 Thread 0x0000025a8af674d0 nmethod 5045 0x0000025a80ad0290 code [0x0000025a80ad0440, 0x0000025a80ad05a8]
Event: 4.070 Thread 0x0000025ad0714a80 nmethod 5047 0x0000025a80ad0690 code [0x0000025a80ad0840, 0x0000025a80ad09d0]

GC Heap History (18 events):
Event: 0.529 GC heap before
{Heap before GC invocations=0 (full 0):
 garbage-first heap   total 258048K, used 20480K [0x0000000704a00000, 0x0000000800000000)
  region size 2048K, 11 young (22528K), 0 survivors (0K)
 Metaspace       used 6422K, committed 6720K, reserved 1114112K
  class space    used 768K, committed 896K, reserved 1048576K
}
Event: 0.533 GC heap after
{Heap after GC invocations=1 (full 0):
 garbage-first heap   total 258048K, used 7544K [0x0000000704a00000, 0x0000000800000000)
  region size 2048K, 2 young (4096K), 2 survivors (4096K)
 Metaspace       used 6422K, committed 6720K, reserved 1114112K
  class space    used 768K, committed 896K, reserved 1048576K
}
Event: 1.071 GC heap before
{Heap before GC invocations=1 (full 0):
 garbage-first heap   total 258048K, used 34168K [0x0000000704a00000, 0x0000000800000000)
  region size 2048K, 15 young (30720K), 2 survivors (4096K)
 Metaspace       used 11636K, committed 12032K, reserved 1114112K
  class space    used 1597K, committed 1792K, reserved 1048576K
}
Event: 1.075 GC heap after
{Heap after GC invocations=2 (full 0):
 garbage-first heap   total 258048K, used 9760K [0x0000000704a00000, 0x0000000800000000)
  region size 2048K, 2 young (4096K), 2 survivors (4096K)
 Metaspace       used 11636K, committed 12032K, reserved 1114112K
  class space    used 1597K, committed 1792K, reserved 1048576K
}
Event: 1.399 GC heap before
{Heap before GC invocations=2 (full 0):
 garbage-first heap   total 258048K, used 50720K [0x0000000704a00000, 0x0000000800000000)
  region size 2048K, 24 young (49152K), 2 survivors (4096K)
 Metaspace       used 20921K, committed 21312K, reserved 1114112K
  class space    used 2791K, committed 2944K, reserved 1048576K
}
Event: 1.404 GC heap after
{Heap after GC invocations=3 (full 0):
 garbage-first heap   total 258048K, used 13512K [0x0000000704a00000, 0x0000000800000000)
  region size 2048K, 3 young (6144K), 3 survivors (6144K)
 Metaspace       used 20921K, committed 21312K, reserved 1114112K
  class space    used 2791K, committed 2944K, reserved 1048576K
}
Event: 1.742 GC heap before
{Heap before GC invocations=4 (full 0):
 garbage-first heap   total 55296K, used 40136K [0x0000000704a00000, 0x0000000800000000)
  region size 2048K, 16 young (32768K), 3 survivors (6144K)
 Metaspace       used 23010K, committed 23488K, reserved 1114112K
  class space    used 3119K, committed 3328K, reserved 1048576K
}
Event: 1.747 GC heap after
{Heap after GC invocations=5 (full 0):
 garbage-first heap   total 55296K, used 15164K [0x0000000704a00000, 0x0000000800000000)
  region size 2048K, 2 young (4096K), 2 survivors (4096K)
 Metaspace       used 23010K, committed 23488K, reserved 1114112K
  class space    used 3119K, committed 3328K, reserved 1048576K
}
Event: 2.061 GC heap before
{Heap before GC invocations=5 (full 0):
 garbage-first heap   total 55296K, used 37692K [0x0000000704a00000, 0x0000000800000000)
  region size 2048K, 13 young (26624K), 2 survivors (4096K)
 Metaspace       used 26135K, committed 26688K, reserved 1114112K
  class space    used 3602K, committed 3840K, reserved 1048576K
}
Event: 2.065 GC heap after
{Heap after GC invocations=6 (full 0):
 garbage-first heap   total 55296K, used 17208K [0x0000000704a00000, 0x0000000800000000)
  region size 2048K, 2 young (4096K), 2 survivors (4096K)
 Metaspace       used 26135K, committed 26688K, reserved 1114112K
  class space    used 3602K, committed 3840K, reserved 1048576K
}
Event: 2.355 GC heap before
{Heap before GC invocations=6 (full 0):
 garbage-first heap   total 55296K, used 41784K [0x0000000704a00000, 0x0000000800000000)
  region size 2048K, 14 young (28672K), 2 survivors (4096K)
 Metaspace       used 30098K, committed 30656K, reserved 1114112K
  class space    used 4147K, committed 4416K, reserved 1048576K
}
Event: 2.359 GC heap after
{Heap after GC invocations=7 (full 0):
 garbage-first heap   total 55296K, used 19301K [0x0000000704a00000, 0x0000000800000000)
  region size 2048K, 2 young (4096K), 2 survivors (4096K)
 Metaspace       used 30098K, committed 30656K, reserved 1114112K
  class space    used 4147K, committed 4416K, reserved 1048576K
}
Event: 2.629 GC heap before
{Heap before GC invocations=7 (full 0):
 garbage-first heap   total 55296K, used 39781K [0x0000000704a00000, 0x0000000800000000)
  region size 2048K, 13 young (26624K), 2 survivors (4096K)
 Metaspace       used 34978K, committed 35520K, reserved 1114112K
  class space    used 4868K, committed 5120K, reserved 1048576K
}
Event: 2.634 GC heap after
{Heap after GC invocations=8 (full 0):
 garbage-first heap   total 157696K, used 21196K [0x0000000704a00000, 0x0000000800000000)
  region size 2048K, 1 young (2048K), 1 survivors (2048K)
 Metaspace       used 34978K, committed 35520K, reserved 1114112K
  class space    used 4868K, committed 5120K, reserved 1048576K
}
Event: 3.339 GC heap before
{Heap before GC invocations=9 (full 0):
 garbage-first heap   total 81920K, used 68300K [0x0000000704a00000, 0x0000000800000000)
  region size 2048K, 24 young (49152K), 1 survivors (2048K)
 Metaspace       used 46422K, committed 47040K, reserved 1114112K
  class space    used 6461K, committed 6720K, reserved 1048576K
}
Event: 3.343 GC heap after
{Heap after GC invocations=10 (full 0):
 garbage-first heap   total 81920K, used 23630K [0x0000000704a00000, 0x0000000800000000)
  region size 2048K, 3 young (6144K), 3 survivors (6144K)
 Metaspace       used 46422K, committed 47040K, reserved 1114112K
  class space    used 6461K, committed 6720K, reserved 1048576K
}
Event: 3.935 GC heap before
{Heap before GC invocations=10 (full 0):
 garbage-first heap   total 81920K, used 64590K [0x0000000704a00000, 0x0000000800000000)
  region size 2048K, 24 young (49152K), 3 survivors (6144K)
 Metaspace       used 56544K, committed 57152K, reserved 1114112K
  class space    used 8064K, committed 8320K, reserved 1048576K
}
Event: 3.940 GC heap after
{Heap after GC invocations=11 (full 0):
 garbage-first heap   total 81920K, used 25678K [0x0000000704a00000, 0x0000000800000000)
  region size 2048K, 3 young (6144K), 3 survivors (6144K)
 Metaspace       used 56544K, committed 57152K, reserved 1114112K
  class space    used 8064K, committed 8320K, reserved 1048576K
}

Dll operation events (14 events):
Event: 0.011 Loaded shared library C:\Program Files\Java\jdk-21\bin\java.dll
Event: 0.127 Loaded shared library C:\Program Files\Java\jdk-21\bin\zip.dll
Event: 0.131 Loaded shared library C:\Program Files\Java\jdk-21\bin\instrument.dll
Event: 0.136 Loaded shared library C:\Program Files\Java\jdk-21\bin\net.dll
Event: 0.138 Loaded shared library C:\Program Files\Java\jdk-21\bin\nio.dll
Event: 0.141 Loaded shared library C:\Program Files\Java\jdk-21\bin\zip.dll
Event: 0.208 Loaded shared library C:\Program Files\JetBrains\IntelliJ IDEA 2024.2.0.1\bin\breakgen64.dll
Event: 0.212 Loaded shared library C:\Program Files\Java\jdk-21\bin\jimage.dll
Event: 0.215 Loaded shared library C:\Program Files\Java\jdk-21\bin\extnet.dll
Event: 0.227 Loaded shared library C:\Program Files\Java\jdk-21\bin\management.dll
Event: 0.234 Loaded shared library C:\Program Files\Java\jdk-21\bin\management_ext.dll
Event: 1.299 Loaded shared library C:\Program Files\Java\jdk-21\bin\sunmscapi.dll
Event: 2.645 Loaded shared library C:\Program Files\Java\jdk-21\bin\verify.dll
Event: 4.069 Loaded shared library C:\Users\gabri\.jssc\windows\jSSC-2.8_x86_64.dll

Deoptimization events (10 events):
Event: 0.317 Thread 0x0000025af5ccdba0 DEOPT PACKING pc=0x0000025a802e54dd sp=0x000000bc88dfcf20
Event: 0.317 Thread 0x0000025af5ccdba0 DEOPT UNPACKING pc=0x0000025a800588e2 sp=0x000000bc88dfc3d0 mode 3
Event: 0.325 Thread 0x0000025af5ccdba0 DEOPT PACKING pc=0x0000025a80419460 sp=0x000000bc88dfce20
Event: 0.325 Thread 0x0000025af5ccdba0 DEOPT UNPACKING pc=0x0000025a800588e2 sp=0x000000bc88dfc2d8 mode 3
Event: 1.175 Thread 0x0000025ad0c98370 DEOPT PACKING pc=0x0000025a806a1f61 sp=0x000000bc8aafcd30
Event: 1.175 Thread 0x0000025ad0c98370 DEOPT UNPACKING pc=0x0000025a800588e2 sp=0x000000bc8aafc210 mode 3
Event: 2.044 Thread 0x0000025ad0c98370 DEOPT PACKING pc=0x0000025a80888784 sp=0x000000bc8aafb650
Event: 2.044 Thread 0x0000025ad0c98370 DEOPT UNPACKING pc=0x0000025a800588e2 sp=0x000000bc8aafabf8 mode 0
Event: 2.044 Thread 0x0000025ad0c98370 DEOPT PACKING pc=0x0000025a8082ba1c sp=0x000000bc8aafb850
Event: 2.044 Thread 0x0000025ad0c98370 DEOPT UNPACKING pc=0x0000025a800588e2 sp=0x000000bc8aafad10 mode 0

Classes loaded (20 events):
Event: 3.955 Loading class java/util/stream/ReduceOps$5
Event: 3.955 Loading class java/util/stream/ReduceOps$5 done
Event: 3.955 Loading class java/util/stream/ReduceOps$CountingSink$OfRef
Event: 3.955 Loading class java/util/stream/ReduceOps$CountingSink$OfRef done
Event: 4.011 Loading class java/lang/Character$UnicodeBlock
Event: 4.011 Loading class java/lang/Character$Subset
Event: 4.012 Loading class java/lang/Character$Subset done
Event: 4.012 Loading class java/lang/Character$UnicodeBlock done
Event: 4.022 Loading class java/util/regex/Pattern$LookBehindEndNode
Event: 4.022 Loading class java/util/regex/Pattern$LookBehindEndNode done
Event: 4.022 Loading class java/util/regex/Pattern$Behind
Event: 4.022 Loading class java/util/regex/Pattern$Behind done
Event: 4.040 Loading class java/util/regex/Pattern$Bound
Event: 4.040 Loading class java/util/regex/Pattern$Bound done
Event: 4.040 Loading class java/util/regex/Pattern$SliceI
Event: 4.040 Loading class java/util/regex/Pattern$SliceI done
Event: 4.041 Loading class java/util/regex/Pattern$NotBehind
Event: 4.041 Loading class java/util/regex/Pattern$NotBehind done
Event: 4.041 Loading class java/util/regex/Pattern$Neg
Event: 4.041 Loading class java/util/regex/Pattern$Neg done

Classes unloaded (0 events):
No events

Classes redefined (0 events):
No events

Internal exceptions (20 events):
Event: 3.307 Thread 0x0000025ad0c98370 Exception <a 'java/lang/NoSuchMethodError'{0x0000000706f5a160}: 'java.lang.Object java.lang.invoke.DirectMethodHandle$Holder.invokeStaticInit(java.lang.Object, java.lang.Object, int, java.lang.Object)'> (0x0000000706f5a160) 
thrown [s\open\src\hotspot\share\interpreter\linkResolver.cpp, line 773]
Event: 3.650 Thread 0x0000025ad0c98370 Exception <a 'java/lang/NoSuchMethodError'{0x00000007084f3268}: 'void java.lang.invoke.DirectMethodHandle$Holder.invokeInterface(java.lang.Object, java.lang.Object, int, java.lang.Object)'> (0x00000007084f3268) 
thrown [s\open\src\hotspot\share\interpreter\linkResolver.cpp, line 773]
Event: 3.653 Thread 0x0000025ad0c98370 Exception <a 'java/lang/NoSuchMethodError'{0x000000070851a080}: 'java.lang.Object java.lang.invoke.DirectMethodHandle$Holder.newInvokeSpecial(java.lang.Object, java.lang.Object, int, java.lang.Object)'> (0x000000070851a080) 
thrown [s\open\src\hotspot\share\interpreter\linkResolver.cpp, line 773]
Event: 3.653 Thread 0x0000025ad0c98370 Exception <a 'java/lang/NoSuchMethodError'{0x000000070851d9e0}: 'java.lang.Object java.lang.invoke.Invokers$Holder.linkToTargetMethod(java.lang.Object, int, java.lang.Object, java.lang.Object)'> (0x000000070851d9e0) 
thrown [s\open\src\hotspot\share\interpreter\linkResolver.cpp, line 773]
Event: 3.664 Thread 0x0000025ad0c98370 Exception <a 'java/lang/NoSuchMethodError'{0x000000070822fd38}: 'void java.lang.invoke.DirectMethodHandle$Holder.invokeSpecial(java.lang.Object, java.lang.Object, java.lang.Object, java.lang.Object, java.lang.Object, java.lang.Object, java.lang.Object, java.lang.Object)'> (0x000000070822fd38) 
thrown [s\open\src\hotspot\share\interpreter\linkResolver.cpp, line 773]
Event: 3.667 Thread 0x0000025ad0c98370 Exception <a 'java/lang/NoSuchMethodError'{0x000000070826c2c0}: 'void java.lang.invoke.DirectMethodHandle$Holder.invokeSpecial(java.lang.Object, java.lang.Object, int, java.lang.Object)'> (0x000000070826c2c0) 
thrown [s\open\src\hotspot\share\interpreter\linkResolver.cpp, line 773]
Event: 3.668 Thread 0x0000025ad0c98370 Exception <a 'java/lang/NoSuchMethodError'{0x00000007082725e8}: 'java.lang.Object java.lang.invoke.DirectMethodHandle$Holder.newInvokeSpecial(java.lang.Object, java.lang.Object, int)'> (0x00000007082725e8) 
thrown [s\open\src\hotspot\share\interpreter\linkResolver.cpp, line 773]
Event: 3.685 Thread 0x0000025ad0c98370 Exception <a 'java/lang/NoSuchMethodError'{0x00000007083db458}: 'int java.lang.invoke.DirectMethodHandle$Holder.invokeStatic(java.lang.Object, int, java.lang.Object)'> (0x00000007083db458) 
thrown [s\open\src\hotspot\share\interpreter\linkResolver.cpp, line 773]
Event: 3.687 Thread 0x0000025ad0c98370 Exception <a 'java/lang/NoSuchMethodError'{0x00000007083fb208}: 'java.lang.Object java.lang.invoke.DirectMethodHandle$Holder.newInvokeSpecial(java.lang.Object, java.lang.Object, java.lang.Object, java.lang.Object, java.lang.Object, int, java.lang.Object)'> (0x00000007083fb208) 
thrown [s\open\src\hotspot\share\interpreter\linkResolver.cpp, line 773]
Event: 3.690 Thread 0x0000025ad0c98370 Exception <a 'java/lang/NoSuchMethodError'{0x000000070802f8e0}: 'java.lang.Object java.lang.invoke.Invokers$Holder.linkToTargetMethod(java.lang.Object, java.lang.Object, java.lang.Object, java.lang.Object, java.lang.Object, java.lang.Object, java.lang.Object, java.lang.Object, java.lang.Object, java.lang.Object, java.lang.Object, java.lang.Object)'> (0x000000070802f8e0) 
thrown [s\open\src\hotspot\share\interpreter\linkResolver.cpp, line 773]
Event: 3.715 Thread 0x0000025ad0c98370 Exception <a 'java/lang/IncompatibleClassChangeError'{0x00000007081c3d00}: Found class java.lang.Object, but interface was expected> (0x00000007081c3d00) 
thrown [s\open\src\hotspot\share\interpreter\linkResolver.cpp, line 840]
Event: 3.722 Thread 0x0000025ad0c98370 Exception <a 'java/lang/NoSuchMethodError'{0x0000000707e43660}: 'java.lang.Object java.lang.invoke.DirectMethodHandle$Holder.newInvokeSpecial(java.lang.Object, java.lang.Object, java.lang.Object, java.lang.Object, java.lang.Object, java.lang.Object, java.lang.Object, int)'> (0x0000000707e43660) 
thrown [s\open\src\hotspot\share\interpreter\linkResolver.cpp, line 773]
Event: 3.722 Thread 0x0000025ad0c98370 Exception <a 'java/lang/NoSuchMethodError'{0x0000000707e47bc0}: 'java.lang.Object java.lang.invoke.DirectMethodHandle$Holder.invokeSpecial(java.lang.Object, java.lang.Object, java.lang.Object, java.lang.Object, java.lang.Object, java.lang.Object, java.lang.Object, java.lang.Object, int)'> (0x0000000707e47bc0) 
thrown [s\open\src\hotspot\share\interpreter\linkResolver.cpp, line 773]
Event: 3.722 Thread 0x0000025ad0c98370 Exception <a 'java/lang/NoSuchMethodError'{0x0000000707e4bbd8}: 'java.lang.Object java.lang.invoke.Invokers$Holder.linkToTargetMethod(java.lang.Object, java.lang.Object, java.lang.Object, java.lang.Object, java.lang.Object, java.lang.Object, int, java.lang.Object)'> (0x0000000707e4bbd8) 
thrown [s\open\src\hotspot\share\interpreter\linkResolver.cpp, line 773]
Event: 3.818 Thread 0x0000025ad0c98370 Exception <a 'java/lang/NoSuchMethodError'{0x0000000707ba2ba0}: 'void java.lang.invoke.Invokers$Holder.invokeExact_MT(java.lang.Object, java.lang.Object, java.lang.Object, java.lang.Object)'> (0x0000000707ba2ba0) 
thrown [s\open\src\hotspot\share\interpreter\linkResolver.cpp, line 773]
Event: 3.858 Thread 0x0000025ad0c98370 Exception <a 'java/lang/IncompatibleClassChangeError'{0x0000000707425ce0}: Found class java.lang.Object, but interface was expected> (0x0000000707425ce0) 
thrown [s\open\src\hotspot\share\interpreter\linkResolver.cpp, line 840]
Event: 3.878 Thread 0x0000025ad0c98370 Exception <a 'java/lang/IncompatibleClassChangeError'{0x00000007075d1810}: Found class java.lang.Object, but interface was expected> (0x00000007075d1810) 
thrown [s\open\src\hotspot\share\interpreter\linkResolver.cpp, line 840]
Event: 3.934 Thread 0x0000025ad0c98370 Exception <a 'java/lang/IncompatibleClassChangeError'{0x00000007071d36d0}: Found class java.lang.Object, but interface was expected> (0x00000007071d36d0) 
thrown [s\open\src\hotspot\share\interpreter\linkResolver.cpp, line 840]
Event: 4.023 Thread 0x0000025ad0c98370 Exception <a 'java/lang/IncompatibleClassChangeError'{0x0000000709566738}: Found class java.lang.Object, but interface was expected> (0x0000000709566738) 
thrown [s\open\src\hotspot\share\interpreter\linkResolver.cpp, line 840]
Event: 4.024 Thread 0x0000025ad0c98370 Exception <a 'java/lang/IncompatibleClassChangeError'{0x000000070956bf38}: Found class java.lang.Object, but interface was expected> (0x000000070956bf38) 
thrown [s\open\src\hotspot\share\interpreter\linkResolver.cpp, line 840]

ZGC Phase Switch (0 events):
No events

VM Operations (20 events):
Event: 2.889 Executing VM operation: HandshakeAllThreads (Deoptimize)
Event: 2.889 Executing VM operation: HandshakeAllThreads (Deoptimize) done
Event: 2.898 Executing VM operation: HandshakeAllThreads (Deoptimize)
Event: 2.898 Executing VM operation: HandshakeAllThreads (Deoptimize) done
Event: 3.339 Executing VM operation: G1CollectForAllocation (G1 Evacuation Pause)
Event: 3.343 Executing VM operation: G1CollectForAllocation (G1 Evacuation Pause) done
Event: 3.492 Executing VM operation: HandshakeAllThreads (Deoptimize)
Event: 3.492 Executing VM operation: HandshakeAllThreads (Deoptimize) done
Event: 3.495 Executing VM operation: HandshakeAllThreads (Deoptimize)
Event: 3.495 Executing VM operation: HandshakeAllThreads (Deoptimize) done
Event: 3.510 Executing VM operation: HandshakeAllThreads (Deoptimize)
Event: 3.510 Executing VM operation: HandshakeAllThreads (Deoptimize) done
Event: 3.814 Executing VM operation: ICBufferFull
Event: 3.814 Executing VM operation: ICBufferFull done
Event: 3.935 Executing VM operation: G1CollectForAllocation (G1 Evacuation Pause)
Event: 3.940 Executing VM operation: G1CollectForAllocation (G1 Evacuation Pause) done
Event: 3.947 Executing VM operation: HandshakeAllThreads (Deoptimize)
Event: 3.947 Executing VM operation: HandshakeAllThreads (Deoptimize) done
Event: 3.947 Executing VM operation: HandshakeAllThreads (Deoptimize)
Event: 3.947 Executing VM operation: HandshakeAllThreads (Deoptimize) done

Events (20 events):
Event: 2.649 Thread 0x0000025a8af191a0 flushing nmethod 0x0000025a8024d510
Event: 2.649 Thread 0x0000025a8af191a0 flushing nmethod 0x0000025a80263d10
Event: 2.649 Thread 0x0000025a8af191a0 flushing nmethod 0x0000025a80224090
Event: 2.649 Thread 0x0000025a8af191a0 flushing nmethod 0x0000025a8022f190
Event: 2.649 Thread 0x0000025a8af191a0 flushing nmethod 0x0000025a8022ed10
Event: 2.649 Thread 0x0000025a8af191a0 flushing nmethod 0x0000025a80226890
Event: 2.649 Thread 0x0000025a8af191a0 flushing nmethod 0x0000025a80226390
Event: 2.649 Thread 0x0000025a8af191a0 flushing nmethod 0x0000025a80210410
Event: 2.649 Thread 0x0000025a8af191a0 flushing nmethod 0x0000025a80214890
Event: 2.649 Thread 0x0000025a8af191a0 flushing nmethod 0x0000025a80223210
Event: 2.649 Thread 0x0000025a8af191a0 flushing nmethod 0x0000025a80156410
Event: 2.649 Thread 0x0000025a8af191a0 flushing nmethod 0x0000025a801e9490
Event: 2.949 Thread 0x0000025ad1bf6720 Thread added: 0x0000025ad1bf6720
Event: 2.958 Thread 0x0000025ad1bf6db0 Thread added: 0x0000025ad1bf6db0
Event: 3.075 Thread 0x0000025ad1bf7ad0 Thread added: 0x0000025ad1bf7ad0
Event: 3.145 Thread 0x0000025ad1bf4ce0 Thread added: 0x0000025ad1bf4ce0
Event: 3.149 Thread 0x0000025ad1bf4ce0 Thread exited: 0x0000025ad1bf4ce0
Event: 3.651 Thread 0x0000025ad1bf5370 Thread added: 0x0000025ad1bf5370
Event: 3.654 Thread 0x0000025ad1bf5370 Thread exited: 0x0000025ad1bf5370
Event: 4.065 Thread 0x0000025ad1bf4ce0 Thread added: 0x0000025ad1bf4ce0


Dynamic libraries:
0x00007ff686030000 - 0x00007ff686040000 	C:\Program Files\Java\jdk-21\bin\java.exe
0x00007ffbf8680000 - 0x00007ffbf88e8000 	C:\WINDOWS\SYSTEM32\ntdll.dll
0x00007ffbf70e0000 - 0x00007ffbf71a9000 	C:\WINDOWS\System32\KERNEL32.DLL
0x00007ffbf5840000 - 0x00007ffbf5c32000 	C:\WINDOWS\System32\KERNELBASE.dll
0x00007ffbf5c40000 - 0x00007ffbf5d8b000 	C:\WINDOWS\System32\ucrtbase.dll
0x00007ffbb4570000 - 0x00007ffbb4589000 	C:\Program Files\Java\jdk-21\bin\jli.dll
0x00007ffbf6970000 - 0x00007ffbf6a24000 	C:\WINDOWS\System32\ADVAPI32.dll
0x00007ffbf6680000 - 0x00007ffbf6729000 	C:\WINDOWS\System32\msvcrt.dll
0x00007ffbf6870000 - 0x00007ffbf6916000 	C:\WINDOWS\System32\sechost.dll
0x00007ffbf74c0000 - 0x00007ffbf75d8000 	C:\WINDOWS\System32\RPCRT4.dll
0x00007ffbf72b0000 - 0x00007ffbf7475000 	C:\WINDOWS\System32\USER32.dll
0x00007ffbf5810000 - 0x00007ffbf5837000 	C:\WINDOWS\System32\win32u.dll
0x00007ffbf7600000 - 0x00007ffbf762b000 	C:\WINDOWS\System32\GDI32.dll
0x00007ffbf60e0000 - 0x00007ffbf620d000 	C:\WINDOWS\System32\gdi32full.dll
0x00007ffbf5e30000 - 0x00007ffbf5ed3000 	C:\WINDOWS\System32\msvcp_win.dll
0x00007ffbad4b0000 - 0x00007ffbad4cb000 	C:\Program Files\Java\jdk-21\bin\VCRUNTIME140.dll
0x00007ffbdd890000 - 0x00007ffbddb23000 	C:\WINDOWS\WinSxS\amd64_microsoft.windows.common-controls_6595b64144ccf1df_6.0.26100.6899_none_3e0efeeae32e88c1\COMCTL32.dll
0x00007ffbe1420000 - 0x00007ffbe142b000 	C:\WINDOWS\SYSTEM32\VERSION.dll
0x00007ffbf7480000 - 0x00007ffbf74af000 	C:\WINDOWS\System32\IMM32.DLL
0x00007ffbdd450000 - 0x00007ffbdd45c000 	C:\Program Files\Java\jdk-21\bin\vcruntime140_1.dll
0x00007ffba71d0000 - 0x00007ffba725e000 	C:\Program Files\Java\jdk-21\bin\msvcp140.dll
0x00007ffb530d0000 - 0x00007ffb53de5000 	C:\Program Files\Java\jdk-21\bin\server\jvm.dll
0x00007ffbf7630000 - 0x00007ffbf76a4000 	C:\WINDOWS\System32\WS2_32.dll
0x00007ffbf5670000 - 0x00007ffbf56ce000 	C:\WINDOWS\SYSTEM32\POWRPROF.dll
0x00007ffbe8ec0000 - 0x00007ffbe8ef5000 	C:\WINDOWS\SYSTEM32\WINMM.dll
0x00007ffbf5650000 - 0x00007ffbf5664000 	C:\WINDOWS\SYSTEM32\UMPDC.dll
0x00007ffbf45a0000 - 0x00007ffbf45bb000 	C:\WINDOWS\SYSTEM32\kernel.appcore.dll
0x00007ffbdd3a0000 - 0x00007ffbdd3aa000 	C:\Program Files\Java\jdk-21\bin\jimage.dll
0x00007ffbf2c10000 - 0x00007ffbf2e52000 	C:\WINDOWS\SYSTEM32\DBGHELP.DLL
0x00007ffbf6a30000 - 0x00007ffbf6dab000 	C:\WINDOWS\System32\combase.dll
0x00007ffbf7ef0000 - 0x00007ffbf7fc7000 	C:\WINDOWS\System32\OLEAUT32.dll
0x00007ffbdd850000 - 0x00007ffbdd88c000 	C:\WINDOWS\SYSTEM32\dbgcore.DLL
0x00007ffbf5d90000 - 0x00007ffbf5e28000 	C:\WINDOWS\System32\bcryptPrimitives.dll
0x00007ffbdd4a0000 - 0x00007ffbdd4af000 	C:\Program Files\Java\jdk-21\bin\instrument.dll
0x00007ffba71b0000 - 0x00007ffba71cf000 	C:\Program Files\Java\jdk-21\bin\java.dll
0x00007ffbf76b0000 - 0x00007ffbf7dfd000 	C:\WINDOWS\System32\SHELL32.dll
0x00007ffbf5ee0000 - 0x00007ffbf604b000 	C:\WINDOWS\System32\wintypes.dll
0x00007ffbf3420000 - 0x00007ffbf3c7d000 	C:\WINDOWS\SYSTEM32\windows.storage.dll
0x00007ffbf71b0000 - 0x00007ffbf72a2000 	C:\WINDOWS\System32\SHCORE.dll
0x00007ffbf67f0000 - 0x00007ffbf6852000 	C:\WINDOWS\System32\shlwapi.dll
0x00007ffbf5730000 - 0x00007ffbf5759000 	C:\WINDOWS\SYSTEM32\profapi.dll
0x00007ffba7170000 - 0x00007ffba7188000 	C:\Program Files\Java\jdk-21\bin\zip.dll
0x00007ffbc2e50000 - 0x00007ffbc2e60000 	C:\Program Files\Java\jdk-21\bin\net.dll
0x00007ffbee600000 - 0x00007ffbee71f000 	C:\WINDOWS\SYSTEM32\WINHTTP.dll
0x00007ffbf4af0000 - 0x00007ffbf4b5b000 	C:\WINDOWS\system32\mswsock.dll
0x00007ffba7190000 - 0x00007ffba71a6000 	C:\Program Files\Java\jdk-21\bin\nio.dll
0x00007ffbb9710000 - 0x00007ffbb972a000 	C:\Program Files\JetBrains\IntelliJ IDEA 2024.2.0.1\bin\breakgen64.dll
0x00007ffbb9d70000 - 0x00007ffbb9d77000 	C:\Program Files\Java\jdk-21\bin\extnet.dll
0x00007ffbf4130000 - 0x00007ffbf4256000 	C:\WINDOWS\SYSTEM32\DNSAPI.dll
0x00007ffbf4050000 - 0x00007ffbf4084000 	C:\WINDOWS\SYSTEM32\IPHLPAPI.DLL
0x00007ffbf65e0000 - 0x00007ffbf65ea000 	C:\WINDOWS\System32\NSI.dll
0x00007ffbed9b0000 - 0x00007ffbed9bb000 	C:\Windows\System32\rasadhlp.dll
0x00007ffbeeed0000 - 0x00007ffbeef56000 	C:\WINDOWS\System32\fwpuclnt.dll
0x00007ffbd4010000 - 0x00007ffbd401a000 	C:\Program Files\Java\jdk-21\bin\management.dll
0x00007ffbc3e00000 - 0x00007ffbc3e0b000 	C:\Program Files\Java\jdk-21\bin\management_ext.dll
0x00007ffbf6860000 - 0x00007ffbf6868000 	C:\WINDOWS\System32\PSAPI.DLL
0x00007ffbf4ed0000 - 0x00007ffbf4eeb000 	C:\WINDOWS\SYSTEM32\CRYPTSP.dll
0x00007ffbf4500000 - 0x00007ffbf453b000 	C:\WINDOWS\system32\rsaenh.dll
0x00007ffbf4b90000 - 0x00007ffbf4bbb000 	C:\WINDOWS\SYSTEM32\USERENV.dll
0x00007ffbf5700000 - 0x00007ffbf5726000 	C:\WINDOWS\SYSTEM32\bcrypt.dll
0x00007ffbf4d30000 - 0x00007ffbf4d3c000 	C:\WINDOWS\SYSTEM32\CRYPTBASE.dll
0x00007ffbc5f60000 - 0x00007ffbc5f78000 	C:\WINDOWS\system32\napinsp.dll
0x00007ffbc3dd0000 - 0x00007ffbc3de2000 	C:\WINDOWS\System32\winrnr.dll
0x00007ffbc3da0000 - 0x00007ffbc3dc8000 	C:\WINDOWS\system32\nlansp_c.dll
0x00007ffbe1cb0000 - 0x00007ffbe1cc6000 	C:\WINDOWS\system32\wshbth.dll
0x00007ffbc3d30000 - 0x00007ffbc3d3e000 	C:\Program Files\Java\jdk-21\bin\sunmscapi.dll
0x00007ffbf6210000 - 0x00007ffbf6387000 	C:\WINDOWS\System32\CRYPT32.dll
0x00007ffbf5020000 - 0x00007ffbf5050000 	C:\WINDOWS\SYSTEM32\ncrypt.dll
0x00007ffbf4fd0000 - 0x00007ffbf500f000 	C:\WINDOWS\SYSTEM32\NTASN1.dll
0x00007ffb9fce0000 - 0x00007ffb9fcf0000 	C:\Program Files\Java\jdk-21\bin\verify.dll
0x0000000071100000 - 0x0000000071125000 	C:\Users\gabri\.jssc\windows\jSSC-2.8_x86_64.dll

dbghelp: loaded successfully - version: 4.0.5 - missing functions: none
symbol engine: initialized successfully - sym options: 0x614 - pdb path: .;C:\Program Files\Java\jdk-21\bin;C:\WINDOWS\SYSTEM32;C:\WINDOWS\WinSxS\amd64_microsoft.windows.common-controls_6595b64144ccf1df_6.0.26100.6899_none_3e0efeeae32e88c1;C:\Program Files\Java\jdk-21\bin\server;C:\Program Files\JetBrains\IntelliJ IDEA 2024.2.0.1\bin;C:\Users\gabri\.jssc\windows

VM Arguments:
jvm_args: -XX:TieredStopAtLevel=1 -Dspring.output.ansi.enabled=always -Dcom.sun.management.jmxremote -Dspring.jmx.enabled=true -Dspring.liveBeansView.mbeanDomain -Dspring.application.admin.enabled=true -Dmanagement.endpoints.jmx.exposure.include=* -javaagent:C:\Program Files\JetBrains\IntelliJ IDEA 2024.2.0.1\lib\idea_rt.jar=56319:C:\Program Files\JetBrains\IntelliJ IDEA 2024.2.0.1\bin -Dfile.encoding=UTF-8 -Dsun.stdout.encoding=UTF-8 -Dsun.stderr.encoding=UTF-8 
java_command: com.gabriel.api_estacao_meteorologica.ApiEstacaoMeteorologicaApplication
java_class_path (initial): C:\Users\gabri\Documents\Projeto IOT\api\api_estacao_meteorologica\api_estacao_meteorologica\target\classes;C:\Users\gabri\.m2\repository\org\springframework\boot\spring-boot-starter-web\3.5.6\spring-boot-starter-web-3.5.6.jar;C:\Users\gabri\.m2\repository\org\springframework\boot\spring-boot-starter\3.5.6\spring-boot-starter-3.5.6.jar;C:\Users\gabri\.m2\repository\org\springframework\boot\spring-boot-starter-logging\3.5.6\spring-boot-starter-logging-3.5.6.jar;C:\Users\gabri\.m2\repository\ch\qos\logback\logback-classic\1.5.18\logback-classic-1.5.18.jar;C:\Users\gabri\.m2\repository\ch\qos\logback\logback-core\1.5.18\logback-core-1.5.18.jar;C:\Users\gabri\.m2\repository\org\apache\logging\log4j\log4j-to-slf4j\2.24.3\log4j-to-slf4j-2.24.3.jar;C:\Users\gabri\.m2\repository\org\apache\logging\log4j\log4j-api\2.24.3\log4j-api-2.24.3.jar;C:\Users\gabri\.m2\repository\org\slf4j\jul-to-slf4j\2.0.17\jul-to-slf4j-2.0.17.jar;C:\Users\gabri\.m2\repository\jakarta\annotation\jakarta.annotation-api\2.1.1\jakarta.annotation-api-2.1.1.jar;C:\Users\gabri\.m2\repository\org\yaml\snakeyaml\2.4\snakeyaml-2.4.jar;C:\Users\gabri\.m2\repository\org\springframework\boot\spring-boot-starter-json\3.5.6\spring-boot-starter-json-3.5.6.jar;C:\Users\gabri\.m2\repository\com\fasterxml\jackson\datatype\jackson-datatype-jdk8\2.19.2\jackson-datatype-jdk8-2.19.2.jar;C:\Users\gabri\.m2\repository\com\fasterxml\jackson\datatype\jackson-datatype-jsr310\2.19.2\jackson-datatype-jsr310-2.19.2.jar;C:\Users\gabri\.m2\repository\com\fasterxml\jackson\module\jackson-module-parameter-names\2.19.2\jackson-module-parameter-names-2.19.2.jar;C:\Users\gabri\.m2\repository\org\springframework\boot\spring-boot-starter-tomcat\3.5.6\spring-boot-starter-tomcat-3.5.6.jar;C:\Users\gabri\.m2\repository\org\apache\tomcat\embed\tomcat-embed-core\10.1.46\tomcat-embed-core-10.1.46.jar;C:\Users\gabri\.m2\repository\org\apache\tomcat\embed\tomcat-embed-el\10.1.46\tomcat-embed-el-10.1.46.jar;C:\Users\gabri\.m2\repository\org\apache\tomcat\embed\tomcat-embed-websocket\10.1.46\tomcat-embed-websocket-10.1.46.jar;C:\Users\gabri\.m2\repository\org\springframework\spring-web\6.2.11\spring-web-6.2.11.jar;C:\Users\gabri\.m2\repository\org\springframework\spring-beans\6.2.11\spring-beans-6.2.11.jar;C:\Users\gabri\.m2\repository\io\micrometer\micrometer-observation\1.15.4\micrometer-observation-1.15.4.jar;C:\Users\gabri\.m2\repository\io\micrometer\micrometer-commons\1.15.4\micrometer-commons-1.15.4.jar;C:\Users\gabri\.m2\repository\org\springframework\spring-webmvc\6.2.11\spring-webmvc-6.2.11.jar;C:\Users\gabri\.m2\repository\org\springframework\spring-aop\6.2.11\spring-aop-6.2.11.jar;C:\Users\gabri\.m2\repository\org\springframework\spring-context\6.2.11\spring-context-6.2.11.jar;C:\Users\gabri\.m2\repository\org\springframework\spring-expression\6.2.11\spring-expression-6.2.11.jar;C:\Users\gabri\.m2\repository\org\springframework\boot\spring-boot-starter-data-jpa\3.5.6\spring-boot-starter-data-jpa-3.5.6.jar;C:\Users\gabri\.m2\repository\org\springframework\boot\spring-boot-starter-jdbc\3.5.6\spring-boot-starter-jdbc-3.5.6.jar;C:\Users\gabri\.m2\repository\com\zaxxer\HikariCP\6.3.3\HikariCP-6.3.3.jar;C:\Users\gabri\.m2\repository\org\springframework\spring-jdbc\6.2.11\spring-jdbc-6.2.11.jar;C:\Users\gabri\.m2\repository\org\hibernate\orm\hibernate-core\6.6.29.Final\hibernate-core-6.6.29.Final.jar;C:\Users\gabri\.m2\repository\jakarta\persistence\jakarta.persistence-api\3.1.0\jakarta.persistence-api-3.1.0.jar;C:\Users\gabri\.m2\repository\jakarta\transaction\jakarta.transaction-api\2.0.1\jakarta.transaction-api-2.0.1.jar;C:\Users\gabri\.m2\repository\org\jboss\logging\jboss-logging\3.6.1.Final\jboss-logging-3.6.1.Final.jar;C:\Users\gabri\.m2\repository\org\hibernate\common\hibernate-commons-annotations\7.0.3.Final\hibernate-commons-annotations-7.0.3.Final.jar;C:\Users\gabri\.m2\repository\io\smallrye\jandex\3.2.0\jandex-3.2.0.jar;C:\Users\gabri\.m2\repository\com\fasterxml\classmate\1.7.0\classmate-1.7.0.jar;C:\Users\gabri\.m2\repository\net\bytebuddy\byte-buddy\1.17.7\byte-buddy-1.17.7.jar;C:\Users\gabri\.m2\repository\org\glassfish\jaxb\jaxb-runtime\4.0.5\jaxb-runtime-4.0.5.jar;C:\Users\gabri\.m2\repository\org\glassfish\jaxb\jaxb-core\4.0.5\jaxb-core-4.0.5.jar;C:\Users\gabri\.m2\repository\org\eclipse\angus\angus-activation\2.0.2\angus-activation-2.0.2.jar;C:\Users\gabri\.m2\repository\org\glassfish\jaxb\txw2\4.0.5\txw2-4.0.5.jar;C:\Users\gabri\.m2\repository\com\sun\istack\istack-commons-runtime\4.1.2\istack-commons-runtime-4.1.2.jar;C:\Users\gabri\.m2\repository\jakarta\inject\jakarta.inject-api\2.0.1\jakarta.inject-api-2.0.1.jar;C:\Users\gabri\.m2\repository\org\antlr\antlr4-runtime\4.13.0\antlr4-runtime-4.13.0.jar;C:\Users\gabri\.m2\repository\org\springframework\data\spring-data-jpa\3.5.4\spring-data-jpa-3.5.4.jar;C:\Users\gabri\.m2\repository\org\springframework\data\spring-data-commons\3.5.4\spring-data-commons-3.5.4.jar;C:\Users\gabri\.m2\repository\org\springframework\spring-orm\6.2.11\spring-orm-6.2.11.jar;C:\Users\gabri\.m2\repository\org\springframework\spring-tx\6.2.11\spring-tx-6.2.11.jar;C:\Users\gabri\.m2\repository\org\slf4j\slf4j-api\2.0.17\slf4j-api-2.0.17.jar;C:\Users\gabri\.m2\repository\org\springframework\spring-aspects\6.2.11\spring-aspects-6.2.11.jar;C:\Users\gabri\.m2\repository\org\aspectj\aspectjweaver\1.9.24\aspectjweaver-1.9.24.jar;C:\Users\gabri\.m2\repository\org\postgresql\postgresql\42.7.7\postgresql-42.7.7.jar;C:\Users\gabri\.m2\repository\org\checkerframework\checker-qual\3.49.3\checker-qual-3.49.3.jar;C:\Users\gabri\.m2\repository\org\springframework\boot\spring-boot-devtools\3.5.6\spring-boot-devtools-3.5.6.jar;C:\Users\gabri\.m2\repository\org\springframework\boot\spring-boot\3.5.6\spring-boot-3.5.6.jar;C:\Users\gabri\.m2\repository\org\springframework\boot\spring-boot-autoconfigure\3.5.6\spring-boot-autoconfigure-3.5.6.jar;C:\Users\gabri\.m2\repository\org\projectlombok\lombok\1.18.40\lombok-1.18.40.jar;C:\Users\gabri\.m2\repository\jakarta\xml\bind\jakarta.xml.bind-api\4.0.2\jakarta.xml.bind-api-4.0.2.jar;C:\Users\gabri\.m2\repository\jakarta\activation\jakarta.activation-api\2.1.4\jakarta.activation-api-2.1.4.jar;C:\Users\gabri\.m2\repository\org\springframework\spring-core\6.2.11\spring-core-6.2.11.jar;C:\Users\gabri\.m2\repository\org\springframework\spring-jcl\6.2.11\spring-jcl-6.2.11.jar;C:\Users\gabri\.m2\repository\org\scream3r\jssc\2.8.0\jssc-2.8.0.jar;C:\Users\gabri\.m2\repository\com\fasterxml\jackson\core\jackson-databind\2.19.2\jackson-databind-2.19.2.jar;C:\Users\gabri\.m2\repository\com\fasterxml\jackson\core\jackson-annotations\2.19.2\jackson-annotations-2.19.2.jar;C:\Users\gabri\.m2\repository\com\fasterxml\jackson\core\jackson-core\2.19.2\jackson-core-2.19.2.jar
Launcher Type: SUN_STANDARD

[Global flags]
     intx CICompilerCount                          = 4                                         {product} {ergonomic}
     uint ConcGCThreads                            = 2                                         {product} {ergonomic}
     uint G1ConcRefinementThreads                  = 8                                         {product} {ergonomic}
   size_t G1HeapRegionSize                         = 2097152                                   {product} {ergonomic}
    uintx GCDrainStackTargetSize                   = 64                                        {product} {ergonomic}
   size_t InitialHeapSize                          = 264241152                                 {product} {ergonomic}
     bool ManagementServer                         = true                                      {product} {command line}
   size_t MarkStackSize                            = 4194304                                   {product} {ergonomic}
   size_t MaxHeapSize                              = 4217372672                                {product} {ergonomic}
   size_t MaxNewSize                               = 2529165312                                {product} {ergonomic}
   size_t MinHeapDeltaBytes                        = 2097152                                   {product} {ergonomic}
   size_t MinHeapSize                              = 8388608                                   {product} {ergonomic}
    uintx NonNMethodCodeHeapSize                   = 4096                                   {pd product} {ergonomic}
    uintx NonProfiledCodeHeapSize                  = 0                                      {pd product} {ergonomic}
     bool ProfileInterpreter                       = false                                  {pd product} {command line}
    uintx ProfiledCodeHeapSize                     = 0                                      {pd product} {ergonomic}
   size_t SoftMaxHeapSize                          = 4217372672                             {manageable} {ergonomic}
     intx TieredStopAtLevel                        = 1                                         {product} {command line}
     bool UseCompressedOops                        = true                           {product lp64_product} {ergonomic}
     bool UseG1GC                                  = true                                      {product} {ergonomic}
     bool UseLargePagesIndividualAllocation        = false                                  {pd product} {ergonomic}

Logging:
Log output configuration:
 #0: stdout all=warning uptime,level,tags foldmultilines=false
 #1: stderr all=off uptime,level,tags foldmultilines=false

Environment Variables:
PATH=C:\Program Files\Common Files\Oracle\Java\javapath;C:\Program Files (x86)\Common Files\Oracle\Java\javapath;C:\WINDOWS\system32;C:\WINDOWS;C:\WINDOWS\System32\Wbem;C:\WINDOWS\System32\WindowsPowerShell\v1.0\;C:\WINDOWS\System32\OpenSSH\;C:\Program Files\Git\cmd;C:\Users\gabri\AppData\Roaming\nvm;C:\Program Files\nodejs;C:\Program Files\MongoDB\Server\7.0\bin;%H2_HOME%\bin;C:\Program Files\Maven\bin;;C:\Program Files\Docker\Docker\resources\bin;C:\Program Files\nodejs\;C:\Program Files\Arduino PLC IDE Tools\;C:\Users\gabri\AppData\Local\Microsoft\WindowsApps;C:\Users\gabri\AppData\Local\Programs\Microsoft VS Code\bin;C:\Program Files\Java\jdk-21\bin;C:\Users\gabri\AppData\Roaming\nvm;C:\Program Files\nodejs;C:\Users\gabri\AppData\Local\Programs\mongosh\;C:\Users\gabri\AppData\Local\JetBrains\Toolbox\scripts;C:\Users\gabri\AppData\Roaming\npm;%USERPROFILE%\AppData\Local\Microsoft\WindowsApps;
USERNAME=gabri
OS=Windows_NT
PROCESSOR_IDENTIFIER=Intel64 Family 6 Model 140 Stepping 1, GenuineIntel
TMP=C:\Users\gabri\AppData\Local\Temp
TEMP=C:\Users\gabri\AppData\Local\Temp




Periodic native trim disabled

---------------  S Y S T E M  ---------------

OS:
 Windows 11 , 64 bit Build 26100 (10.0.26100.6725)
OS uptime: 0 days 9:56 hours
Hyper-V role detected

CPU: total 8 (initial active 8) (4 cores per cpu, 2 threads per core) family 6 model 140 stepping 1 microcode 0x86, cx8, cmov, fxsr, ht, mmx, 3dnowpref, sse, sse2, sse3, ssse3, sse4.1, sse4.2, popcnt, lzcnt, tsc, tscinvbit, avx, avx2, aes, erms, clmul, bmi1, bmi2, adx, avx512f, avx512dq, avx512cd, avx512bw, avx512vl, sha, fma, vzeroupper, avx512_vpopcntdq, avx512_vpclmulqdq, avx512_vaes, avx512_vnni, clflush, clflushopt, clwb, avx512_vbmi2, avx512_vbmi, hv, rdtscp, rdpid, fsrm, gfni, avx512_bitalg, f16c, cet_ibt, cet_ss, avx512_ifma
Processor Information for processor 0
  Max Mhz: 2419, Current Mhz: 2419, Mhz Limit: 2419
Processor Information for processor 1
  Max Mhz: 2419, Current Mhz: 2419, Mhz Limit: 2419
Processor Information for processor 2
  Max Mhz: 2419, Current Mhz: 1209, Mhz Limit: 2419
Processor Information for processor 3
  Max Mhz: 2419, Current Mhz: 2419, Mhz Limit: 2419
Processor Information for processor 4
  Max Mhz: 2419, Current Mhz: 2419, Mhz Limit: 2419
Processor Information for processor 5
  Max Mhz: 2419, Current Mhz: 2419, Mhz Limit: 2419
Processor Information for processor 6
  Max Mhz: 2419, Current Mhz: 2419, Mhz Limit: 2419
Processor Information for processor 7
  Max Mhz: 2419, Current Mhz: 2419, Mhz Limit: 2419

Memory: 4k page, system-wide physical 16082M (877M free)
TotalPageFile size 29906M (AvailPageFile size 7029M)
current process WorkingSet (physical memory assigned to process): 228M, peak: 228M
current process commit charge ("private bytes"): 266M, peak: 375M

vm_info: Java HotSpot(TM) 64-Bit Server VM (21.0.1+12-LTS-29) for windows-amd64 JRE (21.0.1+12-LTS-29), built on 2023-10-05T13:27:09Z by "mach5one" with MS VC++ 17.1 (VS2022)

END.
