#
# A fatal error has been detected by the Java Runtime Environment:
#
#  EXCEPTION_ACCESS_VIOLATION (0xc0000005) at pc=0x000000007110b5db, pid=21516, tid=12576
#
# JRE version: Java(TM) SE Runtime Environment (21.0.1+12) (build 21.0.1+12-LTS-29)
# Java VM: Java HotSpot(TM) 64-Bit Server VM (21.0.1+12-LTS-29, mixed mode, emulated-client, sharing, tiered, compressed oops, compressed class ptrs, g1 gc, windows-amd64)
# Problematic frame:
# C  [jSSC-2.8_x86_64.dll+0xb5db]
#
# No core dump will be written. Minidumps are not enabled by default on client versions of Windows
#
# If you would like to submit a bug report, please visit:
#   https://bugreport.java.com/bugreport/crash.jsp
# The crash happened outside the Java Virtual Machine in native code.
# See problematic frame for where to report the bug.
#

---------------  S U M M A R Y ------------

Command Line: -XX:TieredStopAtLevel=1 -Dspring.output.ansi.enabled=always -Dcom.sun.management.jmxremote -Dspring.jmx.enabled=true -Dspring.liveBeansView.mbeanDomain -Dspring.application.admin.enabled=true -Dmanagement.endpoints.jmx.exposure.include=* -javaagent:C:\Program Files\JetBrains\IntelliJ IDEA 2024.2.0.1\lib\idea_rt.jar=50561:C:\Program Files\JetBrains\IntelliJ IDEA 2024.2.0.1\bin -Dfile.encoding=UTF-8 -Dsun.stdout.encoding=UTF-8 -Dsun.stderr.encoding=UTF-8 com.gabriel.api_estacao_meteorologica.ApiEstacaoMeteorologicaApplication

Host: 11th Gen Intel(R) Core(TM) i5-1135G7 @ 2.40GHz, 8 cores, 15G,  Windows 11 , 64 bit Build 26100 (10.0.26100.6725)
Time: Thu Oct 16 16:22:45 2025 Hora Padrão de Buenos Aires elapsed time: 4.129090 seconds (0d 0h 0m 4s)

---------------  T H R E A D  ---------------

Current thread (0x000002675ead9560):  JavaThread "Thread-4"         [_thread_in_native, id=12576, stack(0x000000b428000000,0x000000b428100000) (1024K)]

Stack: [0x000000b428000000,0x000000b428100000],  sp=0x000000b4280fee60,  free space=1019k
Native frames: (J=compiled Java code, j=interpreted, Vv=VM code, C=native code)
C  [jSSC-2.8_x86_64.dll+0xb5db]

Java frames: (J=compiled Java code, j=interpreted, Vv=VM code)
j  jssc.SerialNativeInterface.openPort(Ljava/lang/String;Z)J+0
j  jssc.SerialPort.openPort()Z+65
j  com.gabriel.api_estacao_meteorologica.service.ArduinoService.lerPortaSerial()V+11
j  com.gabriel.api_estacao_meteorologica.service.ArduinoService$$Lambda+0x000002670181d320.run()V+4
j  java.lang.Thread.runWith(Ljava/lang/Object;Ljava/lang/Runnable;)V+5 java.base@21.0.1
j  java.lang.Thread.run()V+19 java.base@21.0.1
v  ~StubRoutines::call_stub 0x000002674e1610e7

siginfo: EXCEPTION_ACCESS_VIOLATION (0xc0000005), reading address 0x0000000043d2ef77


Registers:
RAX=0x0000000043d2ef77, RBX=0x000000b4280feed0, RCX=0x00007ffbf87e1dd4, RDX=0x0000000000000000
RSP=0x000000b4280fee60, RBP=0x000000b4280fefe0, RSI=0x000002675ead9918, RDI=0x0000000000000818
R8 =0x000000b4280fed58, R9 =0x0000000000000000, R10=0x0000000000000000, R11=0x0000000000000246
R12=0x000000b4280ff0a0, R13=0x000002675ee49680, R14=0x000000b4280fef90, R15=0x000002675ead9560
RIP=0x000000007110b5db, EFLAGS=0x0000000000010202


Register to memory mapping:

RAX=0x0000000043d2ef77 is an unknown value
RBX=0x000000b4280feed0 is pointing into the stack for thread: 0x000002675ead9560
RCX=0x00007ffbf87e1dd4 ntdll.dll
RDX=0x0 is null
RSP=0x000000b4280fee60 is pointing into the stack for thread: 0x000002675ead9560
RBP=0x000000b4280fefe0 is pointing into the stack for thread: 0x000002675ead9560
RSI=0x000002675ead9918 points into unknown readable memory: 0x00007ffb53c8c600 | 00 c6 c8 53 fb 7f 00 00
RDI=0x0000000000000818 is an unknown value
R8 =0x000000b4280fed58 is pointing into the stack for thread: 0x000002675ead9560
R9 =0x0 is null
R10=0x0 is null
R11=0x0000000000000246 is an unknown value
R12=0x000000b4280ff0a0 is pointing into the stack for thread: 0x000002675ead9560
R13=0x000002675ee49680 points into unknown readable memory: 0x000000000000005c | 5c 00 00 00 00 00 00 00
R14=0x000000b4280fef90 is pointing into the stack for thread: 0x000002675ead9560
R15=0x000002675ead9560 is a thread

Top of Stack: (sp=0x000000b4280fee60)
0x000000b4280fee60:   0000000000000003 0000000000000000
0x000000b4280fee70:   000000007110b230 0000000000000000
0x000000b4280fee80:   0000000000000001 0000000000000004
0x000000b4280fee90:   000002675ead9918 0000000000000818
0x000000b4280feea0:   000000b4280fefe0 0000000071112590
0x000000b4280feeb0:   000002675e78dba0 00000000c0000000
0x000000b4280feec0:   0000000000000818 00007ffbf587d43c
0x000000b4280feed0:   0000000000000057 0000000000000010
0x000000b4280feee0:   000002675ead9560 000000b4280fef90
0x000000b4280feef0:   000002675ee49680 000000b4280ff0a0
0x000000b4280fef00:   0000000071113500 0000000071113be8
0x000000b4280fef10:   000000b4280fef40 0000000071112641
0x000000b4280fef20:   000000b4280feeb0 0000000000000000
0x000000b4280fef30:   000002675ee49680 000000b4280fef90
0x000000b4280fef40:   000000b4280fefe0 0000000071101595
0x000000b4280fef50:   000000000000001c 0000026700000000
0x000000b4280fef60:   000000b4280fefa0 000000b4280ff0a0
0x000000b4280fef70:   0000026700000003 00007ffb40000000
0x000000b4280fef80:   0000000000000000 0000000000000996
0x000000b4280fef90:   334d4f435c2e5c5c 000002675ead9500
0x000000b4280fefa0:   000002005c2e5c5c 000002675ead9560
0x000000b4280fefb0:   000002675c1db5d8 000000004535bc88
0x000000b4280fefc0:   0000000000000000 0000000000000000
0x000000b4280fefd0:   000002675c1db5d8 000000b4280ff0a8
0x000000b4280fefe0:   000000b4280ff078 000002674e16c992
0x000000b4280feff0:   0000000000000000 000002674e16c669
0x000000b4280ff000:   000002675c1db5d8 000000004535bc88
0x000000b4280ff010:   00000007090d8c80 0000000704dac2a8
0x000000b4280ff020:   000000b4280ff100 000002674e16c626
0x000000b4280ff030:   000000b4280ff030 000002675c1db5d8
0x000000b4280ff040:   0000000000000006 000002675c1dc4f8
0x000000b4280ff050:   0000000000000000 00000007090d8090 

Instructions: (pc=0x000000007110b5db)
0x000000007110b4db:   48 85 c0 74 bf 44 8b 03 45 85 c0 0f 84 77 ff ff
0x000000007110b4eb:   ff eb 9f 66 90 e8 8b fe ff ff 48 89 05 0c 34 01
0x000000007110b4fb:   00 eb ad 66 90 e8 7b fe ff ff 48 89 05 fc 33 01
0x000000007110b50b:   00 eb 8b e8 8d fe ff ff c7 03 01 00 00 00 e9 6f
0x000000007110b51b:   ff ff ff 66 90 55 48 89 e5 56 53 48 83 ec 20 48
0x000000007110b52b:   8b 05 d7 33 01 00 48 8b 31 48 89 cb 48 85 c0 74
0x000000007110b53b:   56 44 8b 18 45 85 db 78 42 48 8b 05 bd 33 01 00
0x000000007110b54b:   48 85 c0 74 50 44 8b 10 45 85 d2 74 1d 48 89 f1
0x000000007110b55b:   e8 d0 fd ff ff 48 8b 13 48 8d 42 40 48 8b 48 08
0x000000007110b56b:   48 8b 6a 40 48 8b 60 10 ff e1 48 8b 05 9c 33 01
0x000000007110b57b:   00 48 85 c0 74 2d 48 89 30 eb da e8 b5 fe ff ff
0x000000007110b58b:   0f 1f 44 00 00 eb b2 e8 e9 fd ff ff 48 89 05 6a
0x000000007110b59b:   33 01 00 eb 9c e8 db fd ff ff 48 89 05 5c 33 01
0x000000007110b5ab:   00 eb a2 e8 3d fd ff ff 48 89 05 5e 33 01 00 eb
0x000000007110b5bb:   c5 0f 1f 40 00 55 57 56 53 48 83 ec 28 48 8b 05
0x000000007110b5cb:   39 33 01 00 48 89 cb 48 85 c0 0f 84 c5 00 00 00
0x000000007110b5db:   8b 38 85 ff 0f 88 ab 00 00 00 48 8b 05 1c 33 01
0x000000007110b5eb:   00 48 85 c0 0f 84 bc 00 00 00 8b 30 85 f6 74 57
0x000000007110b5fb:   48 8b 05 0e 33 01 00 48 85 c0 0f 84 e5 00 00 00
0x000000007110b60b:   8b 28 48 8b 35 10 5e 01 00 ff d6 89 c7 89 e9 ff
0x000000007110b61b:   15 f4 5e 01 00 89 f9 48 89 c5 ff 15 b9 5e 01 00
0x000000007110b62b:   48 8b 05 de 32 01 00 48 89 2b 48 85 c0 74 46 48
0x000000007110b63b:   89 da 8b 08 ff 15 d7 5e 01 00 85 c0 74 27 48 83
0x000000007110b64b:   c4 28 5b 5e 5f 5d c3 48 8b 05 bf 32 01 00 48 85
0x000000007110b65b:   c0 74 64 48 8b 10 48 89 13 48 89 18 48 83 c4 28
0x000000007110b66b:   5b 5e 5f 5d c3 48 89 f2 48 83 c4 28 5b 5e 5f 5d
0x000000007110b67b:   48 ff e2 66 90 e8 8b fc ff ff 48 89 05 84 32 01
0x000000007110b68b:   00 eb ac 66 90 e8 ab fd ff ff e9 4b ff ff ff 66
0x000000007110b69b:   0f 1f 44 00 00 e8 db fc ff ff 48 89 05 5c 32 01
0x000000007110b6ab:   00 e9 2a ff ff ff e8 ca fc ff ff 48 89 05 4b 32
0x000000007110b6bb:   01 00 e9 33 ff ff ff e8 29 fc ff ff 48 89 05 4a
0x000000007110b6cb:   32 01 00 48 8b 10 48 85 c0 48 89 13 75 8b e8 12 


Stack slot to memory mapping:

stack at sp + 0 slots: 0x0000000000000003 is an unknown value
stack at sp + 1 slots: 0x0 is null
stack at sp + 2 slots: 0x000000007110b230 jSSC-2.8_x86_64.dll
stack at sp + 3 slots: 0x0 is null
stack at sp + 4 slots: 0x0000000000000001 is an unknown value
stack at sp + 5 slots: 0x0000000000000004 is an unknown value
stack at sp + 6 slots: 0x000002675ead9918 points into unknown readable memory: 0x00007ffb53c8c600 | 00 c6 c8 53 fb 7f 00 00
stack at sp + 7 slots: 0x0000000000000818 is an unknown value


---------------  P R O C E S S  ---------------

Threads class SMR info:
_java_thread_list=0x000002675fe0dcd0, length=26, elements={
0x0000026745d14d90, 0x0000026758be8f10, 0x0000026758becba0, 0x0000026758bf2d40,
0x0000026758bf3c30, 0x0000026758bfefe0, 0x0000026758c014b0, 0x0000026758c0be20,
0x000002675d0cf040, 0x000002675d0d3940, 0x000002675d4ac300, 0x000002675d4ac970,
0x000002675d5d6240, 0x000002675d5d68f0, 0x000002675d6d2b40, 0x000002675db41df0,
0x000002675db2ba70, 0x000002675e4267d0, 0x000002675e4980c0, 0x000002675ead7490,
0x000002675eada910, 0x000002675ead8ed0, 0x000002675ead7b20, 0x000002675eada280,
0x000002675ead81b0, 0x000002675ead9560
}

Java Threads: ( => current thread )
  0x0000026745d14d90 JavaThread "main"                              [_thread_blocked, id=8076, stack(0x000000b425700000,0x000000b425800000) (1024K)]
  0x0000026758be8f10 JavaThread "Reference Handler"          daemon [_thread_blocked, id=4988, stack(0x000000b425f00000,0x000000b426000000) (1024K)]
  0x0000026758becba0 JavaThread "Finalizer"                  daemon [_thread_blocked, id=3424, stack(0x000000b426000000,0x000000b426100000) (1024K)]
  0x0000026758bf2d40 JavaThread "Signal Dispatcher"          daemon [_thread_blocked, id=5336, stack(0x000000b426100000,0x000000b426200000) (1024K)]
  0x0000026758bf3c30 JavaThread "Attach Listener"            daemon [_thread_blocked, id=3708, stack(0x000000b426200000,0x000000b426300000) (1024K)]
  0x0000026758bfefe0 JavaThread "Service Thread"             daemon [_thread_blocked, id=5320, stack(0x000000b426300000,0x000000b426400000) (1024K)]
  0x0000026758c014b0 JavaThread "Monitor Deflation Thread"   daemon [_thread_blocked, id=20492, stack(0x000000b426400000,0x000000b426500000) (1024K)]
  0x0000026758c0be20 JavaThread "C1 CompilerThread0"         daemon [_thread_blocked, id=10456, stack(0x000000b426500000,0x000000b426600000) (1024K)]
  0x000002675d0cf040 JavaThread "Common-Cleaner"             daemon [_thread_blocked, id=14352, stack(0x000000b426600000,0x000000b426700000) (1024K)]
  0x000002675d0d3940 JavaThread "C1 CompilerThread1"         daemon [_thread_blocked, id=26528, stack(0x000000b426700000,0x000000b426800000) (1024K)]
  0x000002675d4ac300 JavaThread "Monitor Ctrl-Break"         daemon [_thread_in_native, id=9184, stack(0x000000b426800000,0x000000b426900000) (1024K)]
  0x000002675d4ac970 JavaThread "Notification Thread"        daemon [_thread_blocked, id=26540, stack(0x000000b426900000,0x000000b426a00000) (1024K)]
  0x000002675d5d6240 JavaThread "C1 CompilerThread2"         daemon [_thread_blocked, id=26576, stack(0x000000b426a00000,0x000000b426b00000) (1024K)]
  0x000002675d5d68f0 JavaThread "C1 CompilerThread3"         daemon [_thread_blocked, id=26572, stack(0x000000b426b00000,0x000000b426c00000) (1024K)]
  0x000002675d6d2b40 JavaThread "RMI TCP Accept-0"           daemon [_thread_in_native, id=26568, stack(0x000000b426c00000,0x000000b426d00000) (1024K)]
  0x000002675db41df0 JavaThread "Thread-0"                          [_thread_blocked, id=22428, stack(0x000000b427300000,0x000000b427400000) (1024K)]
  0x000002675db2ba70 JavaThread "restartedMain"                     [_thread_in_native, id=22328, stack(0x000000b427400000,0x000000b427500000) (1024K)]
  0x000002675e4267d0 JavaThread "RMI TCP Connection(1)-192.168.1.6" daemon [_thread_in_native, id=18116, stack(0x000000b427700000,0x000000b427800000) (1024K)]
  0x000002675e4980c0 JavaThread "RMI Scheduler(0)"           daemon [_thread_blocked, id=21628, stack(0x000000b427800000,0x000000b427900000) (1024K)]
  0x000002675ead7490 JavaThread "Catalina-utility-1"                [_thread_blocked, id=20160, stack(0x000000b427900000,0x000000b427a00000) (1024K)]
  0x000002675eada910 JavaThread "Catalina-utility-2"                [_thread_blocked, id=19332, stack(0x000000b427a00000,0x000000b427b00000) (1024K)]
  0x000002675ead8ed0 JavaThread "container-0"                       [_thread_blocked, id=2800, stack(0x000000b427b00000,0x000000b427c00000) (1024K)]
  0x000002675ead7b20 JavaThread "PostgreSQL-JDBC-Cleaner"    daemon [_thread_blocked, id=13056, stack(0x000000b427d00000,0x000000b427e00000) (1024K)]
  0x000002675eada280 JavaThread "HikariPool-1:housekeeper"   daemon [_thread_blocked, id=1168, stack(0x000000b427e00000,0x000000b427f00000) (1024K)]
  0x000002675ead81b0 JavaThread "HikariPool-1:connection-adder" daemon [_thread_blocked, id=22496, stack(0x000000b427f00000,0x000000b428000000) (1024K)]
=>0x000002675ead9560 JavaThread "Thread-4"                          [_thread_in_native, id=12576, stack(0x000000b428000000,0x000000b428100000) (1024K)]
Total: 26

Other Threads:
  0x0000026758bc9140 VMThread "VM Thread"                           [id=4848, stack(0x000000b425e00000,0x000000b425f00000) (1024K)]
  0x0000026758bb45b0 WatcherThread "VM Periodic Task Thread"        [id=21792, stack(0x000000b425d00000,0x000000b425e00000) (1024K)]
  0x0000026745d7b7b0 WorkerThread "GC Thread#0"                     [id=22572, stack(0x000000b425800000,0x000000b425900000) (1024K)]
  0x000002675d7e4c00 WorkerThread "GC Thread#1"                     [id=26560, stack(0x000000b426d00000,0x000000b426e00000) (1024K)]
  0x000002675d7bbeb0 WorkerThread "GC Thread#2"                     [id=19524, stack(0x000000b426e00000,0x000000b426f00000) (1024K)]
  0x000002675d7bc250 WorkerThread "GC Thread#3"                     [id=24644, stack(0x000000b426f00000,0x000000b427000000) (1024K)]
  0x000002675d7c4d50 WorkerThread "GC Thread#4"                     [id=22416, stack(0x000000b427000000,0x000000b427100000) (1024K)]
  0x000002675d806610 WorkerThread "GC Thread#5"                     [id=9328, stack(0x000000b427100000,0x000000b427200000) (1024K)]
  0x000002675d805ed0 WorkerThread "GC Thread#6"                     [id=11944, stack(0x000000b427200000,0x000000b427300000) (1024K)]
  0x000002675d805b30 WorkerThread "GC Thread#7"                     [id=14364, stack(0x000000b427600000,0x000000b427700000) (1024K)]
  0x0000026745d8c1f0 ConcurrentGCThread "G1 Main Marker"            [id=16372, stack(0x000000b425900000,0x000000b425a00000) (1024K)]
  0x0000026745d8da80 WorkerThread "G1 Conc#0"                       [id=24564, stack(0x000000b425a00000,0x000000b425b00000) (1024K)]
  0x000002675d806270 WorkerThread "G1 Conc#1"                       [id=4428, stack(0x000000b427500000,0x000000b427600000) (1024K)]
  0x0000026758a88990 ConcurrentGCThread "G1 Refine#0"               [id=26464, stack(0x000000b425b00000,0x000000b425c00000) (1024K)]
  0x0000026758a8a1c0 ConcurrentGCThread "G1 Service"                [id=9332, stack(0x000000b425c00000,0x000000b425d00000) (1024K)]
Total: 15

Threads with active compile tasks:
Total: 0

VM state: not at safepoint (normal execution)

VM Mutex/Monitor currently owned by a thread: None

Heap address: 0x0000000704a00000, size: 4022 MB, Compressed Oops mode: Zero based, Oop shift amount: 3

CDS archive(s) mapped at: [0x0000026700000000-0x0000026700c90000-0x0000026700c90000), size 13172736, SharedBaseAddress: 0x0000026700000000, ArchiveRelocationMode: 1.
Compressed class space mapped at: 0x0000026701000000-0x0000026741000000, reserved size: 1073741824
Narrow klass base: 0x0000026700000000, Narrow klass shift: 0, Narrow klass range: 0x100000000

GC Precious Log:
 CardTable entry size: 512
 Card Set container configuration: InlinePtr #cards 4 size 8 Array Of Cards #cards 16 size 48 Howl #buckets 8 coarsen threshold 3686 Howl Bitmap #cards 512 size 80 coarsen threshold 460 Card regions per heap region 1 cards per card region 4096
 CPUs: 8 total, 8 available
 Memory: 16082M
 Large Page Support: Disabled
 NUMA Support: Disabled
 Compressed Oops: Enabled (Zero based)
 Heap Region Size: 2M
 Heap Min Capacity: 8M
 Heap Initial Capacity: 252M
 Heap Max Capacity: 4022M
 Pre-touch: Disabled
 Parallel Workers: 8
 Concurrent Workers: 2
 Concurrent Refinement Workers: 8
 Periodic GC: Disabled

Heap:
 garbage-first heap   total 81920K, used 37706K [0x0000000704a00000, 0x0000000800000000)
  region size 2048K, 10 young (20480K), 3 survivors (6144K)
 Metaspace       used 58987K, committed 59712K, reserved 1114112K
  class space    used 8370K, committed 8704K, reserved 1048576K

Heap Regions: E=young(eden), S=young(survivor), O=old, HS=humongous(starts), HC=humongous(continues), CS=collection set, F=free, TAMS=top-at-mark-start, PB=parsable bottom
|   0|0x0000000704a00000, 0x0000000704c00000, 0x0000000704c00000|100%| O|  |TAMS 0x0000000704a00000| PB 0x0000000704a00000| Untracked 
|   1|0x0000000704c00000, 0x0000000704e00000, 0x0000000704e00000|100%| O|  |TAMS 0x0000000704c00000| PB 0x0000000704c00000| Untracked 
|   2|0x0000000704e00000, 0x0000000705000000, 0x0000000705000000|100%| O|  |TAMS 0x0000000704e00000| PB 0x0000000704e00000| Untracked 
|   3|0x0000000705000000, 0x0000000705200000, 0x0000000705200000|100%| O|  |TAMS 0x0000000705000000| PB 0x0000000705000000| Untracked 
|   4|0x0000000705200000, 0x0000000705400000, 0x0000000705400000|100%| O|  |TAMS 0x0000000705200000| PB 0x0000000705200000| Untracked 
|   5|0x0000000705400000, 0x0000000705600000, 0x0000000705600000|100%| O|  |TAMS 0x0000000705400000| PB 0x0000000705400000| Untracked 
|   6|0x0000000705600000, 0x0000000705800000, 0x0000000705800000|100%| O|  |TAMS 0x0000000705600000| PB 0x0000000705600000| Untracked 
|   7|0x0000000705800000, 0x0000000705a00000, 0x0000000705a00000|100%| O|  |TAMS 0x0000000705800000| PB 0x0000000705800000| Untracked 
|   8|0x0000000705a00000, 0x0000000705c00000, 0x0000000705c00000|100%| O|  |TAMS 0x0000000705a00000| PB 0x0000000705a00000| Untracked 
|   9|0x0000000705c00000, 0x0000000705c00000, 0x0000000705e00000|  0%| F|  |TAMS 0x0000000705c00000| PB 0x0000000705c00000| Untracked 
|  10|0x0000000705e00000, 0x0000000705fbb970, 0x0000000706000000| 86%| O|  |TAMS 0x0000000705e00000| PB 0x0000000705e00000| Untracked 
|  11|0x0000000706000000, 0x0000000706000000, 0x0000000706200000|  0%| F|  |TAMS 0x0000000706000000| PB 0x0000000706000000| Untracked 
|  12|0x0000000706200000, 0x0000000706200000, 0x0000000706400000|  0%| F|  |TAMS 0x0000000706200000| PB 0x0000000706200000| Untracked 
|  13|0x0000000706400000, 0x0000000706400000, 0x0000000706600000|  0%| F|  |TAMS 0x0000000706400000| PB 0x0000000706400000| Untracked 
|  14|0x0000000706600000, 0x0000000706600000, 0x0000000706800000|  0%| F|  |TAMS 0x0000000706600000| PB 0x0000000706600000| Untracked 
|  15|0x0000000706800000, 0x0000000706800000, 0x0000000706a00000|  0%| F|  |TAMS 0x0000000706800000| PB 0x0000000706800000| Untracked 
|  16|0x0000000706a00000, 0x0000000706b16f30, 0x0000000706c00000| 54%| S|CS|TAMS 0x0000000706a00000| PB 0x0000000706a00000| Complete 
|  17|0x0000000706c00000, 0x0000000706e00000, 0x0000000706e00000|100%| S|CS|TAMS 0x0000000706c00000| PB 0x0000000706c00000| Complete 
|  18|0x0000000706e00000, 0x0000000707000000, 0x0000000707000000|100%| S|CS|TAMS 0x0000000706e00000| PB 0x0000000706e00000| Complete 
|  19|0x0000000707000000, 0x0000000707000000, 0x0000000707200000|  0%| F|  |TAMS 0x0000000707000000| PB 0x0000000707000000| Untracked 
|  20|0x0000000707200000, 0x0000000707200000, 0x0000000707400000|  0%| F|  |TAMS 0x0000000707200000| PB 0x0000000707200000| Untracked 
|  21|0x0000000707400000, 0x0000000707400000, 0x0000000707600000|  0%| F|  |TAMS 0x0000000707400000| PB 0x0000000707400000| Untracked 
|  22|0x0000000707600000, 0x0000000707600000, 0x0000000707800000|  0%| F|  |TAMS 0x0000000707600000| PB 0x0000000707600000| Untracked 
|  23|0x0000000707800000, 0x0000000707800000, 0x0000000707a00000|  0%| F|  |TAMS 0x0000000707800000| PB 0x0000000707800000| Untracked 
|  24|0x0000000707a00000, 0x0000000707a00000, 0x0000000707c00000|  0%| F|  |TAMS 0x0000000707a00000| PB 0x0000000707a00000| Untracked 
|  25|0x0000000707c00000, 0x0000000707c00000, 0x0000000707e00000|  0%| F|  |TAMS 0x0000000707c00000| PB 0x0000000707c00000| Untracked 
|  26|0x0000000707e00000, 0x0000000707e00000, 0x0000000708000000|  0%| F|  |TAMS 0x0000000707e00000| PB 0x0000000707e00000| Untracked 
|  27|0x0000000708000000, 0x0000000708000000, 0x0000000708200000|  0%| F|  |TAMS 0x0000000708000000| PB 0x0000000708000000| Untracked 
|  28|0x0000000708200000, 0x0000000708200000, 0x0000000708400000|  0%| F|  |TAMS 0x0000000708200000| PB 0x0000000708200000| Untracked 
|  29|0x0000000708400000, 0x0000000708400000, 0x0000000708600000|  0%| F|  |TAMS 0x0000000708400000| PB 0x0000000708400000| Untracked 
|  30|0x0000000708600000, 0x0000000708600000, 0x0000000708800000|  0%| F|  |TAMS 0x0000000708600000| PB 0x0000000708600000| Untracked 
|  31|0x0000000708800000, 0x0000000708800000, 0x0000000708a00000|  0%| F|  |TAMS 0x0000000708800000| PB 0x0000000708800000| Untracked 
|  32|0x0000000708a00000, 0x0000000708a00000, 0x0000000708c00000|  0%| F|  |TAMS 0x0000000708a00000| PB 0x0000000708a00000| Untracked 
|  33|0x0000000708c00000, 0x0000000708cbe3a0, 0x0000000708e00000| 37%| E|  |TAMS 0x0000000708c00000| PB 0x0000000708c00000| Complete 
|  34|0x0000000708e00000, 0x0000000709000000, 0x0000000709000000|100%| E|CS|TAMS 0x0000000708e00000| PB 0x0000000708e00000| Complete 
|  35|0x0000000709000000, 0x0000000709200000, 0x0000000709200000|100%| E|CS|TAMS 0x0000000709000000| PB 0x0000000709000000| Complete 
|  36|0x0000000709200000, 0x0000000709400000, 0x0000000709400000|100%| E|CS|TAMS 0x0000000709200000| PB 0x0000000709200000| Complete 
|  37|0x0000000709400000, 0x0000000709600000, 0x0000000709600000|100%| E|CS|TAMS 0x0000000709400000| PB 0x0000000709400000| Complete 
|  38|0x0000000709600000, 0x0000000709800000, 0x0000000709800000|100%| E|CS|TAMS 0x0000000709600000| PB 0x0000000709600000| Complete 
| 125|0x0000000714400000, 0x0000000714600000, 0x0000000714600000|100%| E|CS|TAMS 0x0000000714400000| PB 0x0000000714400000| Complete 

Card table byte_map: [0x0000026751a50000,0x0000026752230000] _byte_map_base: 0x000002674e22b000

Marking Bits: (CMBitMap*) 0x0000026745d7bdc0
 Bits: [0x0000026752230000, 0x0000026756108000)

Polling page: 0x0000026743bd0000

Metaspace:

Usage:
  Non-class:     49.43 MB used.
      Class:      8.18 MB used.
       Both:     57.61 MB used.

Virtual space:
  Non-class space:       64.00 MB reserved,      49.81 MB ( 78%) committed,  1 nodes.
      Class space:        1.00 GB reserved,       8.50 MB ( <1%) committed,  1 nodes.
             Both:        1.06 GB reserved,      58.31 MB (  5%) committed. 

Chunk freelists:
   Non-Class:  13.95 MB
       Class:  7.41 MB
        Both:  21.37 MB

MaxMetaspaceSize: unlimited
CompressedClassSpaceSize: 1.00 GB
Initial GC threshold: 21.00 MB
Current GC threshold: 58.38 MB
CDS: on
 - commit_granule_bytes: 65536.
 - commit_granule_words: 8192.
 - virtual_space_node_default_size: 8388608.
 - enlarge_chunks_in_place: 1.
 - use_allocation_guard: 0.


Internal statistics:

num_allocs_failed_limit: 3.
num_arena_births: 902.
num_arena_deaths: 0.
num_vsnodes_births: 2.
num_vsnodes_deaths: 0.
num_space_committed: 933.
num_space_uncommitted: 0.
num_chunks_returned_to_freelist: 3.
num_chunks_taken_from_freelist: 3033.
num_chunk_merges: 3.
num_chunk_splits: 2186.
num_chunks_enlarged: 1690.
num_inconsistent_stats: 0.

CodeCache: size=49152Kb used=11237Kb max_used=11237Kb free=37914Kb
 bounds [0x000002674e160000, 0x000002674ec60000, 0x0000026751160000]
 total_blobs=5779 nmethods=5111 adapters=589
 compilation: enabled
              stopped_count=0, restarted_count=0
 full_count=0

Compilation events (20 events):
Event: 4.091 Thread 0x000002675d0d3940 nmethod 5021 0x000002674ec1f190 code [0x000002674ec1f980, 0x000002674ec22e00]
Event: 4.112 Thread 0x000002675d5d68f0 5026       1       org.springframework.transaction.interceptor.AbstractFallbackTransactionAttributeSource::getTransactionAttribute (176 bytes)
Event: 4.112 Thread 0x0000026758c0be20 5027       1       java.util.concurrent.ConcurrentHashMap$KeySetView::iterator (34 bytes)
Event: 4.112 Thread 0x000002675d0d3940 5028       1       java.util.concurrent.ConcurrentHashMap$KeyIterator::<init> (12 bytes)
Event: 4.112 Thread 0x000002675d0d3940 nmethod 5028 0x000002674ec23c10 code [0x000002674ec23dc0, 0x000002674ec23f38]
Event: 4.112 Thread 0x0000026758c0be20 nmethod 5027 0x000002674ec24010 code [0x000002674ec241c0, 0x000002674ec24400]
Event: 4.113 Thread 0x000002675d5d68f0 nmethod 5026 0x000002674ec24590 code [0x000002674ec24840, 0x000002674ec25098]
Event: 4.113 Thread 0x000002675d0d3940 5029       1       org.springframework.beans.factory.support.AbstractAutowireCapableBeanFactory::getInstantiationStrategy (5 bytes)
Event: 4.113 Thread 0x000002675d0d3940 nmethod 5029 0x000002674ec25510 code [0x000002674ec256a0, 0x000002674ec25770]
Event: 4.117 Thread 0x000002675d0d3940 5030       1       org.springframework.core.convert.support.GenericConversionService$ConverterCacheKey::hashCode (19 bytes)
Event: 4.117 Thread 0x000002675d0d3940 nmethod 5030 0x000002674ec25e10 code [0x000002674ec25fc0, 0x000002674ec26120]
Event: 4.118 Thread 0x000002675d0d3940 5031       1       org.springframework.util.ReflectionUtils::makeAccessible (36 bytes)
Event: 4.118 Thread 0x000002675d0d3940 nmethod 5031 0x000002674ec26890 code [0x000002674ec26a40, 0x000002674ec26bd0]
Event: 4.118 Thread 0x0000026758c0be20 5032       1       org.springframework.beans.AbstractNestablePropertyAccessor::getWrappedClass (8 bytes)
Event: 4.118 Thread 0x0000026758c0be20 nmethod 5032 0x000002674ec26d10 code [0x000002674ec26ec0, 0x000002674ec27068]
Event: 4.120 Thread 0x000002675d0d3940 5034       1       java.lang.invoke.VarHandleLongs$Array::getVolatile (42 bytes)
Event: 4.120 Thread 0x0000026758c0be20 5033       1       java.util.concurrent.atomic.AtomicLongArray::get (12 bytes)
Event: 4.120 Thread 0x000002675d5d68f0 5035       1       org.springframework.data.util.ClassTypeInformation::getType (5 bytes)
Event: 4.120 Thread 0x000002675d5d68f0 nmethod 5035 0x000002674ec27190 code [0x000002674ec27320, 0x000002674ec273f0]
Event: 4.120 Thread 0x000002675d0d3940 nmethod 5034 0x000002674ec27490 code [0x000002674ec27640, 0x000002674ec277d0]

GC Heap History (18 events):
Event: 0.513 GC heap before
{Heap before GC invocations=0 (full 0):
 garbage-first heap   total 258048K, used 20480K [0x0000000704a00000, 0x0000000800000000)
  region size 2048K, 11 young (22528K), 0 survivors (0K)
 Metaspace       used 6422K, committed 6720K, reserved 1114112K
  class space    used 768K, committed 896K, reserved 1048576K
}
Event: 0.517 GC heap after
{Heap after GC invocations=1 (full 0):
 garbage-first heap   total 258048K, used 7636K [0x0000000704a00000, 0x0000000800000000)
  region size 2048K, 2 young (4096K), 2 survivors (4096K)
 Metaspace       used 6422K, committed 6720K, reserved 1114112K
  class space    used 768K, committed 896K, reserved 1048576K
}
Event: 0.945 GC heap before
{Heap before GC invocations=1 (full 0):
 garbage-first heap   total 258048K, used 32212K [0x0000000704a00000, 0x0000000800000000)
  region size 2048K, 15 young (30720K), 2 survivors (4096K)
 Metaspace       used 11694K, committed 12032K, reserved 1114112K
  class space    used 1609K, committed 1728K, reserved 1048576K
}
Event: 0.949 GC heap after
{Heap after GC invocations=2 (full 0):
 garbage-first heap   total 258048K, used 9357K [0x0000000704a00000, 0x0000000800000000)
  region size 2048K, 2 young (4096K), 2 survivors (4096K)
 Metaspace       used 11694K, committed 12032K, reserved 1114112K
  class space    used 1609K, committed 1728K, reserved 1048576K
}
Event: 1.280 GC heap before
{Heap before GC invocations=2 (full 0):
 garbage-first heap   total 258048K, used 50317K [0x0000000704a00000, 0x0000000800000000)
  region size 2048K, 24 young (49152K), 2 survivors (4096K)
 Metaspace       used 20925K, committed 21312K, reserved 1114112K
  class space    used 2793K, committed 2944K, reserved 1048576K
}
Event: 1.284 GC heap after
{Heap after GC invocations=3 (full 0):
 garbage-first heap   total 258048K, used 13338K [0x0000000704a00000, 0x0000000800000000)
  region size 2048K, 3 young (6144K), 3 survivors (6144K)
 Metaspace       used 20925K, committed 21312K, reserved 1114112K
  class space    used 2793K, committed 2944K, reserved 1048576K
}
Event: 1.624 GC heap before
{Heap before GC invocations=4 (full 0):
 garbage-first heap   total 55296K, used 39962K [0x0000000704a00000, 0x0000000800000000)
  region size 2048K, 16 young (32768K), 3 survivors (6144K)
 Metaspace       used 23080K, committed 23552K, reserved 1114112K
  class space    used 3130K, committed 3328K, reserved 1048576K
}
Event: 1.629 GC heap after
{Heap after GC invocations=5 (full 0):
 garbage-first heap   total 55296K, used 14831K [0x0000000704a00000, 0x0000000800000000)
  region size 2048K, 2 young (4096K), 2 survivors (4096K)
 Metaspace       used 23080K, committed 23552K, reserved 1114112K
  class space    used 3130K, committed 3328K, reserved 1048576K
}
Event: 1.931 GC heap before
{Heap before GC invocations=5 (full 0):
 garbage-first heap   total 55296K, used 37359K [0x0000000704a00000, 0x0000000800000000)
  region size 2048K, 13 young (26624K), 2 survivors (4096K)
 Metaspace       used 26216K, committed 26816K, reserved 1114112K
  class space    used 3624K, committed 3904K, reserved 1048576K
}
Event: 1.935 GC heap after
{Heap after GC invocations=6 (full 0):
 garbage-first heap   total 55296K, used 17097K [0x0000000704a00000, 0x0000000800000000)
  region size 2048K, 2 young (4096K), 2 survivors (4096K)
 Metaspace       used 26216K, committed 26816K, reserved 1114112K
  class space    used 3624K, committed 3904K, reserved 1048576K
}
Event: 2.234 GC heap before
{Heap before GC invocations=6 (full 0):
 garbage-first heap   total 55296K, used 41673K [0x0000000704a00000, 0x0000000800000000)
  region size 2048K, 14 young (28672K), 2 survivors (4096K)
 Metaspace       used 30132K, committed 30720K, reserved 1114112K
  class space    used 4156K, committed 4416K, reserved 1048576K
}
Event: 2.238 GC heap after
{Heap after GC invocations=7 (full 0):
 garbage-first heap   total 55296K, used 19060K [0x0000000704a00000, 0x0000000800000000)
  region size 2048K, 2 young (4096K), 2 survivors (4096K)
 Metaspace       used 30132K, committed 30720K, reserved 1114112K
  class space    used 4156K, committed 4416K, reserved 1048576K
}
Event: 2.498 GC heap before
{Heap before GC invocations=7 (full 0):
 garbage-first heap   total 55296K, used 35444K [0x0000000704a00000, 0x0000000800000000)
  region size 2048K, 12 young (24576K), 2 survivors (4096K)
 Metaspace       used 34980K, committed 35520K, reserved 1114112K
  class space    used 4869K, committed 5120K, reserved 1048576K
}
Event: 2.503 GC heap after
{Heap after GC invocations=8 (full 0):
 garbage-first heap   total 157696K, used 20877K [0x0000000704a00000, 0x0000000800000000)
  region size 2048K, 1 young (2048K), 1 survivors (2048K)
 Metaspace       used 34980K, committed 35520K, reserved 1114112K
  class space    used 4869K, committed 5120K, reserved 1048576K
}
Event: 3.327 GC heap before
{Heap before GC invocations=9 (full 0):
 garbage-first heap   total 81920K, used 67981K [0x0000000704a00000, 0x0000000800000000)
  region size 2048K, 24 young (49152K), 1 survivors (2048K)
 Metaspace       used 46624K, committed 47296K, reserved 1114112K
  class space    used 6505K, committed 6784K, reserved 1048576K
}
Event: 3.330 GC heap after
{Heap after GC invocations=10 (full 0):
 garbage-first heap   total 81920K, used 23259K [0x0000000704a00000, 0x0000000800000000)
  region size 2048K, 2 young (4096K), 2 survivors (4096K)
 Metaspace       used 46624K, committed 47296K, reserved 1114112K
  class space    used 6505K, committed 6784K, reserved 1048576K
}
Event: 3.982 GC heap before
{Heap before GC invocations=10 (full 0):
 garbage-first heap   total 81920K, used 66267K [0x0000000704a00000, 0x0000000800000000)
  region size 2048K, 23 young (47104K), 2 survivors (4096K)
 Metaspace       used 56649K, committed 57280K, reserved 1114112K
  class space    used 8087K, committed 8384K, reserved 1048576K
}
Event: 3.987 GC heap after
{Heap after GC invocations=11 (full 0):
 garbage-first heap   total 81920K, used 25418K [0x0000000704a00000, 0x0000000800000000)
  region size 2048K, 3 young (6144K), 3 survivors (6144K)
 Metaspace       used 56649K, committed 57280K, reserved 1114112K
  class space    used 8087K, committed 8384K, reserved 1048576K
}

Dll operation events (14 events):
Event: 0.008 Loaded shared library C:\Program Files\Java\jdk-21\bin\java.dll
Event: 0.109 Loaded shared library C:\Program Files\Java\jdk-21\bin\zip.dll
Event: 0.112 Loaded shared library C:\Program Files\Java\jdk-21\bin\instrument.dll
Event: 0.116 Loaded shared library C:\Program Files\Java\jdk-21\bin\net.dll
Event: 0.118 Loaded shared library C:\Program Files\Java\jdk-21\bin\nio.dll
Event: 0.120 Loaded shared library C:\Program Files\Java\jdk-21\bin\zip.dll
Event: 0.194 Loaded shared library C:\Program Files\JetBrains\IntelliJ IDEA 2024.2.0.1\bin\breakgen64.dll
Event: 0.198 Loaded shared library C:\Program Files\Java\jdk-21\bin\jimage.dll
Event: 0.201 Loaded shared library C:\Program Files\Java\jdk-21\bin\extnet.dll
Event: 0.215 Loaded shared library C:\Program Files\Java\jdk-21\bin\management.dll
Event: 0.224 Loaded shared library C:\Program Files\Java\jdk-21\bin\management_ext.dll
Event: 1.181 Loaded shared library C:\Program Files\Java\jdk-21\bin\sunmscapi.dll
Event: 2.513 Loaded shared library C:\Program Files\Java\jdk-21\bin\verify.dll
Event: 4.119 Loaded shared library C:\Users\gabri\.jssc\windows\jSSC-2.8_x86_64.dll

Deoptimization events (10 events):
Event: 0.311 Thread 0x0000026745d14d90 DEOPT PACKING pc=0x000002674e447e5d sp=0x000000b4257fcf40
Event: 0.311 Thread 0x0000026745d14d90 DEOPT UNPACKING pc=0x000002674e1b88e2 sp=0x000000b4257fc3f0 mode 3
Event: 0.320 Thread 0x0000026745d14d90 DEOPT PACKING pc=0x000002674e57ba60 sp=0x000000b4257fce40
Event: 0.320 Thread 0x0000026745d14d90 DEOPT UNPACKING pc=0x000002674e1b88e2 sp=0x000000b4257fc2f8 mode 3
Event: 1.036 Thread 0x000002675db2ba70 DEOPT PACKING pc=0x000002674e7ea7e1 sp=0x000000b4274fd060
Event: 1.036 Thread 0x000002675db2ba70 DEOPT UNPACKING pc=0x000002674e1b88e2 sp=0x000000b4274fc540 mode 3
Event: 1.911 Thread 0x000002675db2ba70 DEOPT PACKING pc=0x000002674e9ee984 sp=0x000000b4274fb980
Event: 1.911 Thread 0x000002675db2ba70 DEOPT UNPACKING pc=0x000002674e1b88e2 sp=0x000000b4274faf28 mode 0
Event: 1.911 Thread 0x000002675db2ba70 DEOPT PACKING pc=0x000002674e98461c sp=0x000000b4274fbb80
Event: 1.911 Thread 0x000002675db2ba70 DEOPT UNPACKING pc=0x000002674e1b88e2 sp=0x000000b4274fb040 mode 0

Classes loaded (20 events):
Event: 3.995 Loading class java/util/stream/ReduceOps$5
Event: 3.995 Loading class java/util/stream/ReduceOps$5 done
Event: 3.995 Loading class java/util/stream/ReduceOps$CountingSink$OfRef
Event: 3.995 Loading class java/util/stream/ReduceOps$CountingSink$OfRef done
Event: 4.052 Loading class java/lang/Character$UnicodeBlock
Event: 4.053 Loading class java/lang/Character$Subset
Event: 4.053 Loading class java/lang/Character$Subset done
Event: 4.054 Loading class java/lang/Character$UnicodeBlock done
Event: 4.064 Loading class java/util/regex/Pattern$LookBehindEndNode
Event: 4.064 Loading class java/util/regex/Pattern$LookBehindEndNode done
Event: 4.064 Loading class java/util/regex/Pattern$Behind
Event: 4.064 Loading class java/util/regex/Pattern$Behind done
Event: 4.086 Loading class java/util/regex/Pattern$Bound
Event: 4.086 Loading class java/util/regex/Pattern$Bound done
Event: 4.086 Loading class java/util/regex/Pattern$SliceI
Event: 4.086 Loading class java/util/regex/Pattern$SliceI done
Event: 4.086 Loading class java/util/regex/Pattern$NotBehind
Event: 4.086 Loading class java/util/regex/Pattern$NotBehind done
Event: 4.087 Loading class java/util/regex/Pattern$Neg
Event: 4.087 Loading class java/util/regex/Pattern$Neg done

Classes unloaded (0 events):
No events

Classes redefined (0 events):
No events

Internal exceptions (20 events):
Event: 3.281 Thread 0x000002675db2ba70 Exception <a 'java/lang/NoSuchMethodError'{0x0000000706ecf080}: 'java.lang.Object java.lang.invoke.DirectMethodHandle$Holder.invokeStaticInit(java.lang.Object, java.lang.Object, int, java.lang.Object)'> (0x0000000706ecf080) 
thrown [s\open\src\hotspot\share\interpreter\linkResolver.cpp, line 773]
Event: 3.669 Thread 0x000002675db2ba70 Exception <a 'java/lang/NoSuchMethodError'{0x00000007084657a8}: 'void java.lang.invoke.DirectMethodHandle$Holder.invokeInterface(java.lang.Object, java.lang.Object, int, java.lang.Object)'> (0x00000007084657a8) 
thrown [s\open\src\hotspot\share\interpreter\linkResolver.cpp, line 773]
Event: 3.671 Thread 0x000002675db2ba70 Exception <a 'java/lang/NoSuchMethodError'{0x000000070848c5c0}: 'java.lang.Object java.lang.invoke.DirectMethodHandle$Holder.newInvokeSpecial(java.lang.Object, java.lang.Object, int, java.lang.Object)'> (0x000000070848c5c0) 
thrown [s\open\src\hotspot\share\interpreter\linkResolver.cpp, line 773]
Event: 3.672 Thread 0x000002675db2ba70 Exception <a 'java/lang/NoSuchMethodError'{0x000000070848ff20}: 'java.lang.Object java.lang.invoke.Invokers$Holder.linkToTargetMethod(java.lang.Object, int, java.lang.Object, java.lang.Object)'> (0x000000070848ff20) 
thrown [s\open\src\hotspot\share\interpreter\linkResolver.cpp, line 773]
Event: 3.685 Thread 0x000002675db2ba70 Exception <a 'java/lang/NoSuchMethodError'{0x00000007085a28b8}: 'void java.lang.invoke.DirectMethodHandle$Holder.invokeSpecial(java.lang.Object, java.lang.Object, java.lang.Object, java.lang.Object, java.lang.Object, java.lang.Object, java.lang.Object, java.lang.Object)'> (0x00000007085a28b8) 
thrown [s\open\src\hotspot\share\interpreter\linkResolver.cpp, line 773]
Event: 3.690 Thread 0x000002675db2ba70 Exception <a 'java/lang/NoSuchMethodError'{0x00000007085dee50}: 'void java.lang.invoke.DirectMethodHandle$Holder.invokeSpecial(java.lang.Object, java.lang.Object, int, java.lang.Object)'> (0x00000007085dee50) 
thrown [s\open\src\hotspot\share\interpreter\linkResolver.cpp, line 773]
Event: 3.690 Thread 0x000002675db2ba70 Exception <a 'java/lang/NoSuchMethodError'{0x00000007085e5178}: 'java.lang.Object java.lang.invoke.DirectMethodHandle$Holder.newInvokeSpecial(java.lang.Object, java.lang.Object, int)'> (0x00000007085e5178) 
thrown [s\open\src\hotspot\share\interpreter\linkResolver.cpp, line 773]
Event: 3.721 Thread 0x000002675db2ba70 Exception <a 'java/lang/NoSuchMethodError'{0x000000070834f070}: 'int java.lang.invoke.DirectMethodHandle$Holder.invokeStatic(java.lang.Object, int, java.lang.Object)'> (0x000000070834f070) 
thrown [s\open\src\hotspot\share\interpreter\linkResolver.cpp, line 773]
Event: 3.722 Thread 0x000002675db2ba70 Exception <a 'java/lang/NoSuchMethodError'{0x000000070836ee20}: 'java.lang.Object java.lang.invoke.DirectMethodHandle$Holder.newInvokeSpecial(java.lang.Object, java.lang.Object, java.lang.Object, java.lang.Object, java.lang.Object, int, java.lang.Object)'> (0x000000070836ee20) 
thrown [s\open\src\hotspot\share\interpreter\linkResolver.cpp, line 773]
Event: 3.725 Thread 0x000002675db2ba70 Exception <a 'java/lang/NoSuchMethodError'{0x00000007083a34c0}: 'java.lang.Object java.lang.invoke.Invokers$Holder.linkToTargetMethod(java.lang.Object, java.lang.Object, java.lang.Object, java.lang.Object, java.lang.Object, java.lang.Object, java.lang.Object, java.lang.Object, java.lang.Object, java.lang.Object, java.lang.Object, java.lang.Object)'> (0x00000007083a34c0) 
thrown [s\open\src\hotspot\share\interpreter\linkResolver.cpp, line 773]
Event: 3.749 Thread 0x000002675db2ba70 Exception <a 'java/lang/IncompatibleClassChangeError'{0x0000000708137510}: Found class java.lang.Object, but interface was expected> (0x0000000708137510) 
thrown [s\open\src\hotspot\share\interpreter\linkResolver.cpp, line 840]
Event: 3.756 Thread 0x000002675db2ba70 Exception <a 'java/lang/NoSuchMethodError'{0x00000007081b6e58}: 'java.lang.Object java.lang.invoke.DirectMethodHandle$Holder.newInvokeSpecial(java.lang.Object, java.lang.Object, java.lang.Object, java.lang.Object, java.lang.Object, java.lang.Object, java.lang.Object, int)'> (0x00000007081b6e58) 
thrown [s\open\src\hotspot\share\interpreter\linkResolver.cpp, line 773]
Event: 3.756 Thread 0x000002675db2ba70 Exception <a 'java/lang/NoSuchMethodError'{0x00000007081bb3b8}: 'java.lang.Object java.lang.invoke.DirectMethodHandle$Holder.invokeSpecial(java.lang.Object, java.lang.Object, java.lang.Object, java.lang.Object, java.lang.Object, java.lang.Object, java.lang.Object, java.lang.Object, int)'> (0x00000007081bb3b8) 
thrown [s\open\src\hotspot\share\interpreter\linkResolver.cpp, line 773]
Event: 3.756 Thread 0x000002675db2ba70 Exception <a 'java/lang/NoSuchMethodError'{0x00000007081bf3d0}: 'java.lang.Object java.lang.invoke.Invokers$Holder.linkToTargetMethod(java.lang.Object, java.lang.Object, java.lang.Object, java.lang.Object, java.lang.Object, java.lang.Object, int, java.lang.Object)'> (0x00000007081bf3d0) 
thrown [s\open\src\hotspot\share\interpreter\linkResolver.cpp, line 773]
Event: 3.850 Thread 0x000002675db2ba70 Exception <a 'java/lang/NoSuchMethodError'{0x0000000707ac50e0}: 'void java.lang.invoke.Invokers$Holder.invokeExact_MT(java.lang.Object, java.lang.Object, java.lang.Object, java.lang.Object)'> (0x0000000707ac50e0) 
thrown [s\open\src\hotspot\share\interpreter\linkResolver.cpp, line 773]
Event: 3.891 Thread 0x000002675db2ba70 Exception <a 'java/lang/IncompatibleClassChangeError'{0x0000000707744b40}: Found class java.lang.Object, but interface was expected> (0x0000000707744b40) 
thrown [s\open\src\hotspot\share\interpreter\linkResolver.cpp, line 840]
Event: 3.917 Thread 0x000002675db2ba70 Exception <a 'java/lang/IncompatibleClassChangeError'{0x0000000707508c28}: Found class java.lang.Object, but interface was expected> (0x0000000707508c28) 
thrown [s\open\src\hotspot\share\interpreter\linkResolver.cpp, line 840]
Event: 3.967 Thread 0x000002675db2ba70 Exception <a 'java/lang/IncompatibleClassChangeError'{0x0000000707107d18}: Found class java.lang.Object, but interface was expected> (0x0000000707107d18) 
thrown [s\open\src\hotspot\share\interpreter\linkResolver.cpp, line 840]
Event: 4.065 Thread 0x000002675db2ba70 Exception <a 'java/lang/IncompatibleClassChangeError'{0x000000070953bb90}: Found class java.lang.Object, but interface was expected> (0x000000070953bb90) 
thrown [s\open\src\hotspot\share\interpreter\linkResolver.cpp, line 840]
Event: 4.066 Thread 0x000002675db2ba70 Exception <a 'java/lang/IncompatibleClassChangeError'{0x0000000709541390}: Found class java.lang.Object, but interface was expected> (0x0000000709541390) 
thrown [s\open\src\hotspot\share\interpreter\linkResolver.cpp, line 840]

ZGC Phase Switch (0 events):
No events

VM Operations (20 events):
Event: 2.864 Executing VM operation: HandshakeAllThreads (Deoptimize)
Event: 2.864 Executing VM operation: HandshakeAllThreads (Deoptimize) done
Event: 2.874 Executing VM operation: HandshakeAllThreads (Deoptimize)
Event: 2.874 Executing VM operation: HandshakeAllThreads (Deoptimize) done
Event: 3.327 Executing VM operation: G1CollectForAllocation (G1 Evacuation Pause)
Event: 3.330 Executing VM operation: G1CollectForAllocation (G1 Evacuation Pause) done
Event: 3.480 Executing VM operation: HandshakeAllThreads (Deoptimize)
Event: 3.480 Executing VM operation: HandshakeAllThreads (Deoptimize) done
Event: 3.483 Executing VM operation: HandshakeAllThreads (Deoptimize)
Event: 3.483 Executing VM operation: HandshakeAllThreads (Deoptimize) done
Event: 3.504 Executing VM operation: HandshakeAllThreads (Deoptimize)
Event: 3.504 Executing VM operation: HandshakeAllThreads (Deoptimize) done
Event: 3.645 Executing VM operation: ICBufferFull
Event: 3.645 Executing VM operation: ICBufferFull done
Event: 3.976 Executing VM operation: HandshakeAllThreads (Deoptimize)
Event: 3.976 Executing VM operation: HandshakeAllThreads (Deoptimize) done
Event: 3.977 Executing VM operation: HandshakeAllThreads (Deoptimize)
Event: 3.977 Executing VM operation: HandshakeAllThreads (Deoptimize) done
Event: 3.982 Executing VM operation: G1CollectForAllocation (G1 Evacuation Pause)
Event: 3.987 Executing VM operation: G1CollectForAllocation (G1 Evacuation Pause) done

Events (20 events):
Event: 2.516 Thread 0x0000026758bc9140 flushing nmethod 0x000002674e384390
Event: 2.516 Thread 0x0000026758bc9140 flushing nmethod 0x000002674e387390
Event: 2.516 Thread 0x0000026758bc9140 flushing nmethod 0x000002674e38f010
Event: 2.516 Thread 0x0000026758bc9140 flushing nmethod 0x000002674e370010
Event: 2.516 Thread 0x0000026758bc9140 flushing nmethod 0x000002674e386290
Event: 2.516 Thread 0x0000026758bc9140 flushing nmethod 0x000002674e38f490
Event: 2.516 Thread 0x0000026758bc9140 flushing nmethod 0x000002674e383810
Event: 2.516 Thread 0x0000026758bc9140 flushing nmethod 0x000002674e374b90
Event: 2.516 Thread 0x0000026758bc9140 flushing nmethod 0x000002674e348d90
Event: 2.516 Thread 0x0000026758bc9140 flushing nmethod 0x000002674e2b5d10
Event: 2.660 Thread 0x000002675ead9bf0 Thread added: 0x000002675ead9bf0
Event: 2.664 Thread 0x000002675ead9bf0 Thread exited: 0x000002675ead9bf0
Event: 2.925 Thread 0x000002675ead7b20 Thread added: 0x000002675ead7b20
Event: 2.934 Thread 0x000002675eada280 Thread added: 0x000002675eada280
Event: 3.050 Thread 0x000002675ead81b0 Thread added: 0x000002675ead81b0
Event: 3.166 Thread 0x000002675ead8840 Thread added: 0x000002675ead8840
Event: 3.169 Thread 0x000002675ead8840 Thread exited: 0x000002675ead8840
Event: 3.672 Thread 0x000002675ead8840 Thread added: 0x000002675ead8840
Event: 3.675 Thread 0x000002675ead8840 Thread exited: 0x000002675ead8840
Event: 4.115 Thread 0x000002675ead9560 Thread added: 0x000002675ead9560


Dynamic libraries:
0x00007ff686030000 - 0x00007ff686040000 	C:\Program Files\Java\jdk-21\bin\java.exe
0x00007ffbf8680000 - 0x00007ffbf88e8000 	C:\WINDOWS\SYSTEM32\ntdll.dll
0x00007ffbf70e0000 - 0x00007ffbf71a9000 	C:\WINDOWS\System32\KERNEL32.DLL
0x00007ffbf5840000 - 0x00007ffbf5c32000 	C:\WINDOWS\System32\KERNELBASE.dll
0x00007ffbf5c40000 - 0x00007ffbf5d8b000 	C:\WINDOWS\System32\ucrtbase.dll
0x00007ffbb4570000 - 0x00007ffbb4589000 	C:\Program Files\Java\jdk-21\bin\jli.dll
0x00007ffbad4b0000 - 0x00007ffbad4cb000 	C:\Program Files\Java\jdk-21\bin\VCRUNTIME140.dll
0x00007ffbf6970000 - 0x00007ffbf6a24000 	C:\WINDOWS\System32\ADVAPI32.dll
0x00007ffbf6680000 - 0x00007ffbf6729000 	C:\WINDOWS\System32\msvcrt.dll
0x00007ffbf6870000 - 0x00007ffbf6916000 	C:\WINDOWS\System32\sechost.dll
0x00007ffbf74c0000 - 0x00007ffbf75d8000 	C:\WINDOWS\System32\RPCRT4.dll
0x00007ffbf72b0000 - 0x00007ffbf7475000 	C:\WINDOWS\System32\USER32.dll
0x00007ffbf5810000 - 0x00007ffbf5837000 	C:\WINDOWS\System32\win32u.dll
0x00007ffbdd890000 - 0x00007ffbddb23000 	C:\WINDOWS\WinSxS\amd64_microsoft.windows.common-controls_6595b64144ccf1df_6.0.26100.6899_none_3e0efeeae32e88c1\COMCTL32.dll
0x00007ffbf7600000 - 0x00007ffbf762b000 	C:\WINDOWS\System32\GDI32.dll
0x00007ffbf60e0000 - 0x00007ffbf620d000 	C:\WINDOWS\System32\gdi32full.dll
0x00007ffbf5e30000 - 0x00007ffbf5ed3000 	C:\WINDOWS\System32\msvcp_win.dll
0x00007ffbe1420000 - 0x00007ffbe142b000 	C:\WINDOWS\SYSTEM32\VERSION.dll
0x00007ffbf7480000 - 0x00007ffbf74af000 	C:\WINDOWS\System32\IMM32.DLL
0x00007ffbdd450000 - 0x00007ffbdd45c000 	C:\Program Files\Java\jdk-21\bin\vcruntime140_1.dll
0x00007ffba71d0000 - 0x00007ffba725e000 	C:\Program Files\Java\jdk-21\bin\msvcp140.dll
0x00007ffb530d0000 - 0x00007ffb53de5000 	C:\Program Files\Java\jdk-21\bin\server\jvm.dll
0x00007ffbf7630000 - 0x00007ffbf76a4000 	C:\WINDOWS\System32\WS2_32.dll
0x00007ffbf5670000 - 0x00007ffbf56ce000 	C:\WINDOWS\SYSTEM32\POWRPROF.dll
0x00007ffbe8ec0000 - 0x00007ffbe8ef5000 	C:\WINDOWS\SYSTEM32\WINMM.dll
0x00007ffbf5650000 - 0x00007ffbf5664000 	C:\WINDOWS\SYSTEM32\UMPDC.dll
0x00007ffbf45a0000 - 0x00007ffbf45bb000 	C:\WINDOWS\SYSTEM32\kernel.appcore.dll
0x00007ffbdd3a0000 - 0x00007ffbdd3aa000 	C:\Program Files\Java\jdk-21\bin\jimage.dll
0x00007ffbf2c10000 - 0x00007ffbf2e52000 	C:\WINDOWS\SYSTEM32\DBGHELP.DLL
0x00007ffbf6a30000 - 0x00007ffbf6dab000 	C:\WINDOWS\System32\combase.dll
0x00007ffbf7ef0000 - 0x00007ffbf7fc7000 	C:\WINDOWS\System32\OLEAUT32.dll
0x00007ffbdd850000 - 0x00007ffbdd88c000 	C:\WINDOWS\SYSTEM32\dbgcore.DLL
0x00007ffbf5d90000 - 0x00007ffbf5e28000 	C:\WINDOWS\System32\bcryptPrimitives.dll
0x00007ffbee520000 - 0x00007ffbee52f000 	C:\Program Files\Java\jdk-21\bin\instrument.dll
0x00007ffba71b0000 - 0x00007ffba71cf000 	C:\Program Files\Java\jdk-21\bin\java.dll
0x00007ffbf76b0000 - 0x00007ffbf7dfd000 	C:\WINDOWS\System32\SHELL32.dll
0x00007ffbf5ee0000 - 0x00007ffbf604b000 	C:\WINDOWS\System32\wintypes.dll
0x00007ffbf3420000 - 0x00007ffbf3c7d000 	C:\WINDOWS\SYSTEM32\windows.storage.dll
0x00007ffbf71b0000 - 0x00007ffbf72a2000 	C:\WINDOWS\System32\SHCORE.dll
0x00007ffbf67f0000 - 0x00007ffbf6852000 	C:\WINDOWS\System32\shlwapi.dll
0x00007ffbf5730000 - 0x00007ffbf5759000 	C:\WINDOWS\SYSTEM32\profapi.dll
0x00007ffba7170000 - 0x00007ffba7188000 	C:\Program Files\Java\jdk-21\bin\zip.dll
0x00007ffbc2e50000 - 0x00007ffbc2e60000 	C:\Program Files\Java\jdk-21\bin\net.dll
0x00007ffbee600000 - 0x00007ffbee71f000 	C:\WINDOWS\SYSTEM32\WINHTTP.dll
0x00007ffbf4af0000 - 0x00007ffbf4b5b000 	C:\WINDOWS\system32\mswsock.dll
0x00007ffba7190000 - 0x00007ffba71a6000 	C:\Program Files\Java\jdk-21\bin\nio.dll
0x00007ffbee500000 - 0x00007ffbee51a000 	C:\Program Files\JetBrains\IntelliJ IDEA 2024.2.0.1\bin\breakgen64.dll
0x00007ffbb9d70000 - 0x00007ffbb9d77000 	C:\Program Files\Java\jdk-21\bin\extnet.dll
0x00007ffbf4130000 - 0x00007ffbf4256000 	C:\WINDOWS\SYSTEM32\DNSAPI.dll
0x00007ffbf4050000 - 0x00007ffbf4084000 	C:\WINDOWS\SYSTEM32\IPHLPAPI.DLL
0x00007ffbf65e0000 - 0x00007ffbf65ea000 	C:\WINDOWS\System32\NSI.dll
0x00007ffbed9b0000 - 0x00007ffbed9bb000 	C:\Windows\System32\rasadhlp.dll
0x00007ffbeeed0000 - 0x00007ffbeef56000 	C:\WINDOWS\System32\fwpuclnt.dll
0x00007ffbdd4a0000 - 0x00007ffbdd4aa000 	C:\Program Files\Java\jdk-21\bin\management.dll
0x00007ffbdd440000 - 0x00007ffbdd44b000 	C:\Program Files\Java\jdk-21\bin\management_ext.dll
0x00007ffbf6860000 - 0x00007ffbf6868000 	C:\WINDOWS\System32\PSAPI.DLL
0x00007ffbf4ed0000 - 0x00007ffbf4eeb000 	C:\WINDOWS\SYSTEM32\CRYPTSP.dll
0x00007ffbf4500000 - 0x00007ffbf453b000 	C:\WINDOWS\system32\rsaenh.dll
0x00007ffbf4b90000 - 0x00007ffbf4bbb000 	C:\WINDOWS\SYSTEM32\USERENV.dll
0x00007ffbf5700000 - 0x00007ffbf5726000 	C:\WINDOWS\SYSTEM32\bcrypt.dll
0x00007ffbf4d30000 - 0x00007ffbf4d3c000 	C:\WINDOWS\SYSTEM32\CRYPTBASE.dll
0x00007ffbc5f60000 - 0x00007ffbc5f78000 	C:\WINDOWS\system32\napinsp.dll
0x00007ffbc3dd0000 - 0x00007ffbc3de2000 	C:\WINDOWS\System32\winrnr.dll
0x00007ffbc3da0000 - 0x00007ffbc3dc8000 	C:\WINDOWS\system32\nlansp_c.dll
0x00007ffbe1cb0000 - 0x00007ffbe1cc6000 	C:\WINDOWS\system32\wshbth.dll
0x00007ffbdd430000 - 0x00007ffbdd43e000 	C:\Program Files\Java\jdk-21\bin\sunmscapi.dll
0x00007ffbf6210000 - 0x00007ffbf6387000 	C:\WINDOWS\System32\CRYPT32.dll
0x00007ffbf5020000 - 0x00007ffbf5050000 	C:\WINDOWS\SYSTEM32\ncrypt.dll
0x00007ffbf4fd0000 - 0x00007ffbf500f000 	C:\WINDOWS\SYSTEM32\NTASN1.dll
0x00007ffb9fce0000 - 0x00007ffb9fcf0000 	C:\Program Files\Java\jdk-21\bin\verify.dll
0x0000000071100000 - 0x0000000071125000 	C:\Users\gabri\.jssc\windows\jSSC-2.8_x86_64.dll

dbghelp: loaded successfully - version: 4.0.5 - missing functions: none
symbol engine: initialized successfully - sym options: 0x614 - pdb path: .;C:\Program Files\Java\jdk-21\bin;C:\WINDOWS\SYSTEM32;C:\WINDOWS\WinSxS\amd64_microsoft.windows.common-controls_6595b64144ccf1df_6.0.26100.6899_none_3e0efeeae32e88c1;C:\Program Files\Java\jdk-21\bin\server;C:\Program Files\JetBrains\IntelliJ IDEA 2024.2.0.1\bin;C:\Users\gabri\.jssc\windows

VM Arguments:
jvm_args: -XX:TieredStopAtLevel=1 -Dspring.output.ansi.enabled=always -Dcom.sun.management.jmxremote -Dspring.jmx.enabled=true -Dspring.liveBeansView.mbeanDomain -Dspring.application.admin.enabled=true -Dmanagement.endpoints.jmx.exposure.include=* -javaagent:C:\Program Files\JetBrains\IntelliJ IDEA 2024.2.0.1\lib\idea_rt.jar=50561:C:\Program Files\JetBrains\IntelliJ IDEA 2024.2.0.1\bin -Dfile.encoding=UTF-8 -Dsun.stdout.encoding=UTF-8 -Dsun.stderr.encoding=UTF-8 
java_command: com.gabriel.api_estacao_meteorologica.ApiEstacaoMeteorologicaApplication
java_class_path (initial): C:\Users\gabri\Documents\Projeto IOT\api\api_estacao_meteorologica\api_estacao_meteorologica\target\classes;C:\Users\gabri\.m2\repository\org\springframework\boot\spring-boot-starter-web\3.5.6\spring-boot-starter-web-3.5.6.jar;C:\Users\gabri\.m2\repository\org\springframework\boot\spring-boot-starter\3.5.6\spring-boot-starter-3.5.6.jar;C:\Users\gabri\.m2\repository\org\springframework\boot\spring-boot-starter-logging\3.5.6\spring-boot-starter-logging-3.5.6.jar;C:\Users\gabri\.m2\repository\ch\qos\logback\logback-classic\1.5.18\logback-classic-1.5.18.jar;C:\Users\gabri\.m2\repository\ch\qos\logback\logback-core\1.5.18\logback-core-1.5.18.jar;C:\Users\gabri\.m2\repository\org\apache\logging\log4j\log4j-to-slf4j\2.24.3\log4j-to-slf4j-2.24.3.jar;C:\Users\gabri\.m2\repository\org\apache\logging\log4j\log4j-api\2.24.3\log4j-api-2.24.3.jar;C:\Users\gabri\.m2\repository\org\slf4j\jul-to-slf4j\2.0.17\jul-to-slf4j-2.0.17.jar;C:\Users\gabri\.m2\repository\jakarta\annotation\jakarta.annotation-api\2.1.1\jakarta.annotation-api-2.1.1.jar;C:\Users\gabri\.m2\repository\org\yaml\snakeyaml\2.4\snakeyaml-2.4.jar;C:\Users\gabri\.m2\repository\org\springframework\boot\spring-boot-starter-json\3.5.6\spring-boot-starter-json-3.5.6.jar;C:\Users\gabri\.m2\repository\com\fasterxml\jackson\datatype\jackson-datatype-jdk8\2.19.2\jackson-datatype-jdk8-2.19.2.jar;C:\Users\gabri\.m2\repository\com\fasterxml\jackson\datatype\jackson-datatype-jsr310\2.19.2\jackson-datatype-jsr310-2.19.2.jar;C:\Users\gabri\.m2\repository\com\fasterxml\jackson\module\jackson-module-parameter-names\2.19.2\jackson-module-parameter-names-2.19.2.jar;C:\Users\gabri\.m2\repository\org\springframework\boot\spring-boot-starter-tomcat\3.5.6\spring-boot-starter-tomcat-3.5.6.jar;C:\Users\gabri\.m2\repository\org\apache\tomcat\embed\tomcat-embed-core\10.1.46\tomcat-embed-core-10.1.46.jar;C:\Users\gabri\.m2\repository\org\apache\tomcat\embed\tomcat-embed-el\10.1.46\tomcat-embed-el-10.1.46.jar;C:\Users\gabri\.m2\repository\org\apache\tomcat\embed\tomcat-embed-websocket\10.1.46\tomcat-embed-websocket-10.1.46.jar;C:\Users\gabri\.m2\repository\org\springframework\spring-web\6.2.11\spring-web-6.2.11.jar;C:\Users\gabri\.m2\repository\org\springframework\spring-beans\6.2.11\spring-beans-6.2.11.jar;C:\Users\gabri\.m2\repository\io\micrometer\micrometer-observation\1.15.4\micrometer-observation-1.15.4.jar;C:\Users\gabri\.m2\repository\io\micrometer\micrometer-commons\1.15.4\micrometer-commons-1.15.4.jar;C:\Users\gabri\.m2\repository\org\springframework\spring-webmvc\6.2.11\spring-webmvc-6.2.11.jar;C:\Users\gabri\.m2\repository\org\springframework\spring-aop\6.2.11\spring-aop-6.2.11.jar;C:\Users\gabri\.m2\repository\org\springframework\spring-context\6.2.11\spring-context-6.2.11.jar;C:\Users\gabri\.m2\repository\org\springframework\spring-expression\6.2.11\spring-expression-6.2.11.jar;C:\Users\gabri\.m2\repository\org\springframework\boot\spring-boot-starter-data-jpa\3.5.6\spring-boot-starter-data-jpa-3.5.6.jar;C:\Users\gabri\.m2\repository\org\springframework\boot\spring-boot-starter-jdbc\3.5.6\spring-boot-starter-jdbc-3.5.6.jar;C:\Users\gabri\.m2\repository\com\zaxxer\HikariCP\6.3.3\HikariCP-6.3.3.jar;C:\Users\gabri\.m2\repository\org\springframework\spring-jdbc\6.2.11\spring-jdbc-6.2.11.jar;C:\Users\gabri\.m2\repository\org\hibernate\orm\hibernate-core\6.6.29.Final\hibernate-core-6.6.29.Final.jar;C:\Users\gabri\.m2\repository\jakarta\persistence\jakarta.persistence-api\3.1.0\jakarta.persistence-api-3.1.0.jar;C:\Users\gabri\.m2\repository\jakarta\transaction\jakarta.transaction-api\2.0.1\jakarta.transaction-api-2.0.1.jar;C:\Users\gabri\.m2\repository\org\jboss\logging\jboss-logging\3.6.1.Final\jboss-logging-3.6.1.Final.jar;C:\Users\gabri\.m2\repository\org\hibernate\common\hibernate-commons-annotations\7.0.3.Final\hibernate-commons-annotations-7.0.3.Final.jar;C:\Users\gabri\.m2\repository\io\smallrye\jandex\3.2.0\jandex-3.2.0.jar;C:\Users\gabri\.m2\repository\com\fasterxml\classmate\1.7.0\classmate-1.7.0.jar;C:\Users\gabri\.m2\repository\net\bytebuddy\byte-buddy\1.17.7\byte-buddy-1.17.7.jar;C:\Users\gabri\.m2\repository\org\glassfish\jaxb\jaxb-runtime\4.0.5\jaxb-runtime-4.0.5.jar;C:\Users\gabri\.m2\repository\org\glassfish\jaxb\jaxb-core\4.0.5\jaxb-core-4.0.5.jar;C:\Users\gabri\.m2\repository\org\eclipse\angus\angus-activation\2.0.2\angus-activation-2.0.2.jar;C:\Users\gabri\.m2\repository\org\glassfish\jaxb\txw2\4.0.5\txw2-4.0.5.jar;C:\Users\gabri\.m2\repository\com\sun\istack\istack-commons-runtime\4.1.2\istack-commons-runtime-4.1.2.jar;C:\Users\gabri\.m2\repository\jakarta\inject\jakarta.inject-api\2.0.1\jakarta.inject-api-2.0.1.jar;C:\Users\gabri\.m2\repository\org\antlr\antlr4-runtime\4.13.0\antlr4-runtime-4.13.0.jar;C:\Users\gabri\.m2\repository\org\springframework\data\spring-data-jpa\3.5.4\spring-data-jpa-3.5.4.jar;C:\Users\gabri\.m2\repository\org\springframework\data\spring-data-commons\3.5.4\spring-data-commons-3.5.4.jar;C:\Users\gabri\.m2\repository\org\springframework\spring-orm\6.2.11\spring-orm-6.2.11.jar;C:\Users\gabri\.m2\repository\org\springframework\spring-tx\6.2.11\spring-tx-6.2.11.jar;C:\Users\gabri\.m2\repository\org\slf4j\slf4j-api\2.0.17\slf4j-api-2.0.17.jar;C:\Users\gabri\.m2\repository\org\springframework\spring-aspects\6.2.11\spring-aspects-6.2.11.jar;C:\Users\gabri\.m2\repository\org\aspectj\aspectjweaver\1.9.24\aspectjweaver-1.9.24.jar;C:\Users\gabri\.m2\repository\org\postgresql\postgresql\42.7.7\postgresql-42.7.7.jar;C:\Users\gabri\.m2\repository\org\checkerframework\checker-qual\3.49.3\checker-qual-3.49.3.jar;C:\Users\gabri\.m2\repository\org\springframework\boot\spring-boot-devtools\3.5.6\spring-boot-devtools-3.5.6.jar;C:\Users\gabri\.m2\repository\org\springframework\boot\spring-boot\3.5.6\spring-boot-3.5.6.jar;C:\Users\gabri\.m2\repository\org\springframework\boot\spring-boot-autoconfigure\3.5.6\spring-boot-autoconfigure-3.5.6.jar;C:\Users\gabri\.m2\repository\org\projectlombok\lombok\1.18.40\lombok-1.18.40.jar;C:\Users\gabri\.m2\repository\jakarta\xml\bind\jakarta.xml.bind-api\4.0.2\jakarta.xml.bind-api-4.0.2.jar;C:\Users\gabri\.m2\repository\jakarta\activation\jakarta.activation-api\2.1.4\jakarta.activation-api-2.1.4.jar;C:\Users\gabri\.m2\repository\org\springframework\spring-core\6.2.11\spring-core-6.2.11.jar;C:\Users\gabri\.m2\repository\org\springframework\spring-jcl\6.2.11\spring-jcl-6.2.11.jar;C:\Users\gabri\.m2\repository\org\scream3r\jssc\2.8.0\jssc-2.8.0.jar;C:\Users\gabri\.m2\repository\com\fasterxml\jackson\core\jackson-databind\2.19.2\jackson-databind-2.19.2.jar;C:\Users\gabri\.m2\repository\com\fasterxml\jackson\core\jackson-annotations\2.19.2\jackson-annotations-2.19.2.jar;C:\Users\gabri\.m2\repository\com\fasterxml\jackson\core\jackson-core\2.19.2\jackson-core-2.19.2.jar
Launcher Type: SUN_STANDARD

[Global flags]
     intx CICompilerCount                          = 4                                         {product} {ergonomic}
     uint ConcGCThreads                            = 2                                         {product} {ergonomic}
     uint G1ConcRefinementThreads                  = 8                                         {product} {ergonomic}
   size_t G1HeapRegionSize                         = 2097152                                   {product} {ergonomic}
    uintx GCDrainStackTargetSize                   = 64                                        {product} {ergonomic}
   size_t InitialHeapSize                          = 264241152                                 {product} {ergonomic}
     bool ManagementServer                         = true                                      {product} {command line}
   size_t MarkStackSize                            = 4194304                                   {product} {ergonomic}
   size_t MaxHeapSize                              = 4217372672                                {product} {ergonomic}
   size_t MaxNewSize                               = 2529165312                                {product} {ergonomic}
   size_t MinHeapDeltaBytes                        = 2097152                                   {product} {ergonomic}
   size_t MinHeapSize                              = 8388608                                   {product} {ergonomic}
    uintx NonNMethodCodeHeapSize                   = 4096                                   {pd product} {ergonomic}
    uintx NonProfiledCodeHeapSize                  = 0                                      {pd product} {ergonomic}
     bool ProfileInterpreter                       = false                                  {pd product} {command line}
    uintx ProfiledCodeHeapSize                     = 0                                      {pd product} {ergonomic}
   size_t SoftMaxHeapSize                          = 4217372672                             {manageable} {ergonomic}
     intx TieredStopAtLevel                        = 1                                         {product} {command line}
     bool UseCompressedOops                        = true                           {product lp64_product} {ergonomic}
     bool UseG1GC                                  = true                                      {product} {ergonomic}
     bool UseLargePagesIndividualAllocation        = false                                  {pd product} {ergonomic}

Logging:
Log output configuration:
 #0: stdout all=warning uptime,level,tags foldmultilines=false
 #1: stderr all=off uptime,level,tags foldmultilines=false

Environment Variables:
PATH=C:\Program Files\Common Files\Oracle\Java\javapath;C:\Program Files (x86)\Common Files\Oracle\Java\javapath;C:\WINDOWS\system32;C:\WINDOWS;C:\WINDOWS\System32\Wbem;C:\WINDOWS\System32\WindowsPowerShell\v1.0\;C:\WINDOWS\System32\OpenSSH\;C:\Program Files\Git\cmd;C:\Users\gabri\AppData\Roaming\nvm;C:\Program Files\nodejs;C:\Program Files\MongoDB\Server\7.0\bin;%H2_HOME%\bin;C:\Program Files\Maven\bin;;C:\Program Files\Docker\Docker\resources\bin;C:\Program Files\nodejs\;C:\Program Files\Arduino PLC IDE Tools\;C:\Users\gabri\AppData\Local\Microsoft\WindowsApps;C:\Users\gabri\AppData\Local\Programs\Microsoft VS Code\bin;C:\Program Files\Java\jdk-21\bin;C:\Users\gabri\AppData\Roaming\nvm;C:\Program Files\nodejs;C:\Users\gabri\AppData\Local\Programs\mongosh\;C:\Users\gabri\AppData\Local\JetBrains\Toolbox\scripts;C:\Users\gabri\AppData\Roaming\npm;%USERPROFILE%\AppData\Local\Microsoft\WindowsApps;
USERNAME=gabri
OS=Windows_NT
PROCESSOR_IDENTIFIER=Intel64 Family 6 Model 140 Stepping 1, GenuineIntel
TMP=C:\Users\gabri\AppData\Local\Temp
TEMP=C:\Users\gabri\AppData\Local\Temp




Periodic native trim disabled

---------------  S Y S T E M  ---------------

OS:
 Windows 11 , 64 bit Build 26100 (10.0.26100.6725)
OS uptime: 0 days 9:51 hours
Hyper-V role detected

CPU: total 8 (initial active 8) (4 cores per cpu, 2 threads per core) family 6 model 140 stepping 1 microcode 0x86, cx8, cmov, fxsr, ht, mmx, 3dnowpref, sse, sse2, sse3, ssse3, sse4.1, sse4.2, popcnt, lzcnt, tsc, tscinvbit, avx, avx2, aes, erms, clmul, bmi1, bmi2, adx, avx512f, avx512dq, avx512cd, avx512bw, avx512vl, sha, fma, vzeroupper, avx512_vpopcntdq, avx512_vpclmulqdq, avx512_vaes, avx512_vnni, clflush, clflushopt, clwb, avx512_vbmi2, avx512_vbmi, hv, rdtscp, rdpid, fsrm, gfni, avx512_bitalg, f16c, cet_ibt, cet_ss, avx512_ifma
Processor Information for all 8 processors :
  Max Mhz: 2419, Current Mhz: 2419, Mhz Limit: 2419

Memory: 4k page, system-wide physical 16082M (1363M free)
TotalPageFile size 29906M (AvailPageFile size 7442M)
current process WorkingSet (physical memory assigned to process): 227M, peak: 227M
current process commit charge ("private bytes"): 266M, peak: 375M

vm_info: Java HotSpot(TM) 64-Bit Server VM (21.0.1+12-LTS-29) for windows-amd64 JRE (21.0.1+12-LTS-29), built on 2023-10-05T13:27:09Z by "mach5one" with MS VC++ 17.1 (VS2022)

END.
