#
# A fatal error has been detected by the Java Runtime Environment:
#
#  EXCEPTION_ACCESS_VIOLATION (0xc0000005) at pc=0x000000007110b5db, pid=25744, tid=3776
#
# JRE version: Java(TM) SE Runtime Environment (21.0.1+12) (build 21.0.1+12-LTS-29)
# Java VM: Java HotSpot(TM) 64-Bit Server VM (21.0.1+12-LTS-29, mixed mode, emulated-client, sharing, tiered, compressed oops, compressed class ptrs, g1 gc, windows-amd64)
# Problematic frame:
# C  [jSSC-2.8_x86_64.dll+0xb5db]
#
# No core dump will be written. Minidumps are not enabled by default on client versions of Windows
#
# If you would like to submit a bug report, please visit:
#   https://bugreport.java.com/bugreport/crash.jsp
# The crash happened outside the Java Virtual Machine in native code.
# See problematic frame for where to report the bug.
#

---------------  S U M M A R Y ------------

Command Line: -XX:TieredStopAtLevel=1 -Dspring.output.ansi.enabled=always -Dcom.sun.management.jmxremote -Dspring.jmx.enabled=true -Dspring.liveBeansView.mbeanDomain -Dspring.application.admin.enabled=true -Dmanagement.endpoints.jmx.exposure.include=* -javaagent:C:\Program Files\JetBrains\IntelliJ IDEA 2024.2.0.1\lib\idea_rt.jar=59476:C:\Program Files\JetBrains\IntelliJ IDEA 2024.2.0.1\bin -Dfile.encoding=UTF-8 -Dsun.stdout.encoding=UTF-8 -Dsun.stderr.encoding=UTF-8 com.gabriel.api_estacao_meteorologica.ApiEstacaoMeteorologicaApplication

Host: 11th Gen Intel(R) Core(TM) i5-1135G7 @ 2.40GHz, 8 cores, 15G,  Windows 11 , 64 bit Build 26100 (10.0.26100.6725)
Time: Thu Oct 16 16:29:31 2025 Hora Padrão de Buenos Aires elapsed time: 4.103486 seconds (0d 0h 0m 4s)

---------------  T H R E A D  ---------------

Current thread (0x000002ee742a1440):  JavaThread "Thread-4"         [_thread_in_native, id=3776, stack(0x000000f976a00000,0x000000f976b00000) (1024K)]

Stack: [0x000000f976a00000,0x000000f976b00000],  sp=0x000000f976afeed0,  free space=1019k
Native frames: (J=compiled Java code, j=interpreted, Vv=VM code, C=native code)
C  [jSSC-2.8_x86_64.dll+0xb5db]

Java frames: (J=compiled Java code, j=interpreted, Vv=VM code)
j  jssc.SerialNativeInterface.openPort(Ljava/lang/String;Z)J+0
j  jssc.SerialPort.openPort()Z+65
j  com.gabriel.api_estacao_meteorologica.service.ArduinoService.lerPortaSerial()V+11
j  com.gabriel.api_estacao_meteorologica.service.ArduinoService$$Lambda+0x000002ee2f819320.run()V+4
j  java.lang.Thread.runWith(Ljava/lang/Object;Ljava/lang/Runnable;)V+5 java.base@21.0.1
j  java.lang.Thread.run()V+19 java.base@21.0.1
v  ~StubRoutines::call_stub 0x000002ee22bb10e7

siginfo: EXCEPTION_ACCESS_VIOLATION (0xc0000005), reading address 0x00000000186feffe


Registers:
RAX=0x00000000186feffe, RBX=0x000000f976afef40, RCX=0x00007ffbf87e1dd4, RDX=0x0000000000000000
RSP=0x000000f976afeed0, RBP=0x000000f976aff050, RSI=0x000002ee742a17f8, RDI=0x000000000000081c
R8 =0x000000f976afedc8, R9 =0x0000000000000000, R10=0x0000000000000000, R11=0x0000000000000246
R12=0x000000f976aff110, R13=0x000002ee73ee7690, R14=0x000000f976aff000, R15=0x000002ee742a1440
RIP=0x000000007110b5db, EFLAGS=0x0000000000010206


Register to memory mapping:

RAX=0x00000000186feffe is an unknown value
RBX=0x000000f976afef40 is pointing into the stack for thread: 0x000002ee742a1440
RCX=0x00007ffbf87e1dd4 ntdll.dll
RDX=0x0 is null
RSP=0x000000f976afeed0 is pointing into the stack for thread: 0x000002ee742a1440
RBP=0x000000f976aff050 is pointing into the stack for thread: 0x000002ee742a1440
RSI=0x000002ee742a17f8 points into unknown readable memory: 0x00007ffb53c8c600 | 00 c6 c8 53 fb 7f 00 00
RDI=0x000000000000081c is an unknown value
R8 =0x000000f976afedc8 is pointing into the stack for thread: 0x000002ee742a1440
R9 =0x0 is null
R10=0x0 is null
R11=0x0000000000000246 is an unknown value
R12=0x000000f976aff110 is pointing into the stack for thread: 0x000002ee742a1440
R13=0x000002ee73ee7690 points into unknown readable memory: 0x00000200334d4f43 | 43 4f 4d 33 00 02 00 00
R14=0x000000f976aff000 is pointing into the stack for thread: 0x000002ee742a1440
R15=0x000002ee742a1440 is a thread

Top of Stack: (sp=0x000000f976afeed0)
0x000000f976afeed0:   0000000000000003 0000000000000000
0x000000f976afeee0:   000000007110b230 0000000000000000
0x000000f976afeef0:   0000000000000001 0000000000000004
0x000000f976afef00:   000002ee742a17f8 000000000000081c
0x000000f976afef10:   000000f976aff050 0000000071112590
0x000000f976afef20:   000002ee755fc0a0 00000000c0000000
0x000000f976afef30:   000000000000081c 00007ffbf587d43c
0x000000f976afef40:   0000000000000057 0000000000000010
0x000000f976afef50:   000002ee742a1440 000000f976aff000
0x000000f976afef60:   000002ee73ee7690 000000f976aff110
0x000000f976afef70:   0000000071113500 0000000071113be8
0x000000f976afef80:   000000f976afefb0 0000000071112641
0x000000f976afef90:   000000f976afef20 0000000000000000
0x000000f976afefa0:   000002ee73ee7690 000000f976aff000
0x000000f976afefb0:   000000f976aff050 0000000071101595
0x000000f976afefc0:   000000000000001c 000002ee00000000
0x000000f976afefd0:   000000f976aff010 000000f976aff110
0x000000f976afefe0:   000002ee00000003 00007ffb40000000
0x000000f976afeff0:   0000000000000000 0000000000000996
0x000000f976aff000:   334d4f435c2e5c5c 000002ee742a1400
0x000000f976aff010:   000002005c2e5c5c 000002ee742a1440
0x000000f976aff020:   000002ee722192c8 000000004535bc88
0x000000f976aff030:   0000000000000000 0000000000000000
0x000000f976aff040:   000002ee722192c8 000000f976aff118
0x000000f976aff050:   000000f976aff0e8 000002ee22bbc992
0x000000f976aff060:   0000000000000000 000002ee22bbc669
0x000000f976aff070:   000002ee722192c8 000000004535bc88
0x000000f976aff080:   00000007090e5348 0000000704dbf0f8
0x000000f976aff090:   000000f976aff170 000002ee22bbc626
0x000000f976aff0a0:   000000f976aff0a0 000002ee722192c8
0x000000f976aff0b0:   0000000000000006 000002ee72219e00
0x000000f976aff0c0:   0000000000000000 00000007090e4758 

Instructions: (pc=0x000000007110b5db)
0x000000007110b4db:   48 85 c0 74 bf 44 8b 03 45 85 c0 0f 84 77 ff ff
0x000000007110b4eb:   ff eb 9f 66 90 e8 8b fe ff ff 48 89 05 0c 34 01
0x000000007110b4fb:   00 eb ad 66 90 e8 7b fe ff ff 48 89 05 fc 33 01
0x000000007110b50b:   00 eb 8b e8 8d fe ff ff c7 03 01 00 00 00 e9 6f
0x000000007110b51b:   ff ff ff 66 90 55 48 89 e5 56 53 48 83 ec 20 48
0x000000007110b52b:   8b 05 d7 33 01 00 48 8b 31 48 89 cb 48 85 c0 74
0x000000007110b53b:   56 44 8b 18 45 85 db 78 42 48 8b 05 bd 33 01 00
0x000000007110b54b:   48 85 c0 74 50 44 8b 10 45 85 d2 74 1d 48 89 f1
0x000000007110b55b:   e8 d0 fd ff ff 48 8b 13 48 8d 42 40 48 8b 48 08
0x000000007110b56b:   48 8b 6a 40 48 8b 60 10 ff e1 48 8b 05 9c 33 01
0x000000007110b57b:   00 48 85 c0 74 2d 48 89 30 eb da e8 b5 fe ff ff
0x000000007110b58b:   0f 1f 44 00 00 eb b2 e8 e9 fd ff ff 48 89 05 6a
0x000000007110b59b:   33 01 00 eb 9c e8 db fd ff ff 48 89 05 5c 33 01
0x000000007110b5ab:   00 eb a2 e8 3d fd ff ff 48 89 05 5e 33 01 00 eb
0x000000007110b5bb:   c5 0f 1f 40 00 55 57 56 53 48 83 ec 28 48 8b 05
0x000000007110b5cb:   39 33 01 00 48 89 cb 48 85 c0 0f 84 c5 00 00 00
0x000000007110b5db:   8b 38 85 ff 0f 88 ab 00 00 00 48 8b 05 1c 33 01
0x000000007110b5eb:   00 48 85 c0 0f 84 bc 00 00 00 8b 30 85 f6 74 57
0x000000007110b5fb:   48 8b 05 0e 33 01 00 48 85 c0 0f 84 e5 00 00 00
0x000000007110b60b:   8b 28 48 8b 35 10 5e 01 00 ff d6 89 c7 89 e9 ff
0x000000007110b61b:   15 f4 5e 01 00 89 f9 48 89 c5 ff 15 b9 5e 01 00
0x000000007110b62b:   48 8b 05 de 32 01 00 48 89 2b 48 85 c0 74 46 48
0x000000007110b63b:   89 da 8b 08 ff 15 d7 5e 01 00 85 c0 74 27 48 83
0x000000007110b64b:   c4 28 5b 5e 5f 5d c3 48 8b 05 bf 32 01 00 48 85
0x000000007110b65b:   c0 74 64 48 8b 10 48 89 13 48 89 18 48 83 c4 28
0x000000007110b66b:   5b 5e 5f 5d c3 48 89 f2 48 83 c4 28 5b 5e 5f 5d
0x000000007110b67b:   48 ff e2 66 90 e8 8b fc ff ff 48 89 05 84 32 01
0x000000007110b68b:   00 eb ac 66 90 e8 ab fd ff ff e9 4b ff ff ff 66
0x000000007110b69b:   0f 1f 44 00 00 e8 db fc ff ff 48 89 05 5c 32 01
0x000000007110b6ab:   00 e9 2a ff ff ff e8 ca fc ff ff 48 89 05 4b 32
0x000000007110b6bb:   01 00 e9 33 ff ff ff e8 29 fc ff ff 48 89 05 4a
0x000000007110b6cb:   32 01 00 48 8b 10 48 85 c0 48 89 13 75 8b e8 12 


Stack slot to memory mapping:

stack at sp + 0 slots: 0x0000000000000003 is an unknown value
stack at sp + 1 slots: 0x0 is null
stack at sp + 2 slots: 0x000000007110b230 jSSC-2.8_x86_64.dll
stack at sp + 3 slots: 0x0 is null
stack at sp + 4 slots: 0x0000000000000001 is an unknown value
stack at sp + 5 slots: 0x0000000000000004 is an unknown value
stack at sp + 6 slots: 0x000002ee742a17f8 points into unknown readable memory: 0x00007ffb53c8c600 | 00 c6 c8 53 fb 7f 00 00
stack at sp + 7 slots: 0x000000000000081c is an unknown value


---------------  P R O C E S S  ---------------

Threads class SMR info:
_java_thread_list=0x000002ee75824ab0, length=26, elements={
0x000002ee1847cc10, 0x000002ee2d63b810, 0x000002ee2d63e280, 0x000002ee2d640850,
0x000002ee2d643780, 0x000002ee2d646360, 0x000002ee2d64a1d0, 0x000002ee2d64b950,
0x000002ee2d6059c0, 0x000002ee2d8accd0, 0x000002ee2d8ac600, 0x000002ee730ebe90,
0x000002ee730ef2e0, 0x000002ee2d8ada70, 0x000002ee732c3300, 0x000002ee736e28f0,
0x000002ee736fb7e0, 0x000002ee73b77bb0, 0x000002ee73bf1770, 0x000002ee742a2160,
0x000002ee742a0090, 0x000002ee7429fa00, 0x000002ee742a27f0, 0x000002ee742a0db0,
0x000002ee742a0720, 0x000002ee742a1440
}

Java Threads: ( => current thread )
  0x000002ee1847cc10 JavaThread "main"                              [_thread_blocked, id=10752, stack(0x000000f974100000,0x000000f974200000) (1024K)]
  0x000002ee2d63b810 JavaThread "Reference Handler"          daemon [_thread_blocked, id=17528, stack(0x000000f974900000,0x000000f974a00000) (1024K)]
  0x000002ee2d63e280 JavaThread "Finalizer"                  daemon [_thread_blocked, id=24268, stack(0x000000f974a00000,0x000000f974b00000) (1024K)]
  0x000002ee2d640850 JavaThread "Signal Dispatcher"          daemon [_thread_blocked, id=22296, stack(0x000000f974b00000,0x000000f974c00000) (1024K)]
  0x000002ee2d643780 JavaThread "Attach Listener"            daemon [_thread_blocked, id=26168, stack(0x000000f974c00000,0x000000f974d00000) (1024K)]
  0x000002ee2d646360 JavaThread "Service Thread"             daemon [_thread_blocked, id=17584, stack(0x000000f974d00000,0x000000f974e00000) (1024K)]
  0x000002ee2d64a1d0 JavaThread "Monitor Deflation Thread"   daemon [_thread_blocked, id=21540, stack(0x000000f974e00000,0x000000f974f00000) (1024K)]
  0x000002ee2d64b950 JavaThread "C1 CompilerThread0"         daemon [_thread_in_native, id=4560, stack(0x000000f974f00000,0x000000f975000000) (1024K)]
  0x000002ee2d6059c0 JavaThread "Common-Cleaner"             daemon [_thread_blocked, id=7080, stack(0x000000f975000000,0x000000f975100000) (1024K)]
  0x000002ee2d8accd0 JavaThread "C1 CompilerThread1"         daemon [_thread_blocked, id=16696, stack(0x000000f975100000,0x000000f975200000) (1024K)]
  0x000002ee2d8ac600 JavaThread "C1 CompilerThread2"         daemon [_thread_blocked, id=7468, stack(0x000000f975200000,0x000000f975300000) (1024K)]
  0x000002ee730ebe90 JavaThread "Monitor Ctrl-Break"         daemon [_thread_in_native, id=12172, stack(0x000000f975300000,0x000000f975400000) (1024K)]
  0x000002ee730ef2e0 JavaThread "Notification Thread"        daemon [_thread_blocked, id=20552, stack(0x000000f975400000,0x000000f975500000) (1024K)]
  0x000002ee2d8ada70 JavaThread "C1 CompilerThread3"         daemon [_thread_blocked, id=23588, stack(0x000000f975500000,0x000000f975600000) (1024K)]
  0x000002ee732c3300 JavaThread "RMI TCP Accept-0"           daemon [_thread_in_native, id=25784, stack(0x000000f975600000,0x000000f975700000) (1024K)]
  0x000002ee736e28f0 JavaThread "Thread-0"                          [_thread_blocked, id=22592, stack(0x000000f975d00000,0x000000f975e00000) (1024K)]
  0x000002ee736fb7e0 JavaThread "restartedMain"                     [_thread_in_Java, id=21560, stack(0x000000f975e00000,0x000000f975f00000) (1024K)]
  0x000002ee73b77bb0 JavaThread "RMI TCP Connection(1)-192.168.1.6" daemon [_thread_in_native, id=16472, stack(0x000000f976100000,0x000000f976200000) (1024K)]
  0x000002ee73bf1770 JavaThread "RMI Scheduler(0)"           daemon [_thread_blocked, id=11844, stack(0x000000f976200000,0x000000f976300000) (1024K)]
  0x000002ee742a2160 JavaThread "Catalina-utility-1"                [_thread_blocked, id=4052, stack(0x000000f976300000,0x000000f976400000) (1024K)]
  0x000002ee742a0090 JavaThread "Catalina-utility-2"                [_thread_blocked, id=26576, stack(0x000000f976400000,0x000000f976500000) (1024K)]
  0x000002ee7429fa00 JavaThread "container-0"                       [_thread_blocked, id=25436, stack(0x000000f976500000,0x000000f976600000) (1024K)]
  0x000002ee742a27f0 JavaThread "PostgreSQL-JDBC-Cleaner"    daemon [_thread_blocked, id=16760, stack(0x000000f976700000,0x000000f976800000) (1024K)]
  0x000002ee742a0db0 JavaThread "HikariPool-1:housekeeper"   daemon [_thread_blocked, id=19080, stack(0x000000f976800000,0x000000f976900000) (1024K)]
  0x000002ee742a0720 JavaThread "HikariPool-1:connection-adder" daemon [_thread_in_native, id=7044, stack(0x000000f976900000,0x000000f976a00000) (1024K)]
=>0x000002ee742a1440 JavaThread "Thread-4"                          [_thread_in_native, id=3776, stack(0x000000f976a00000,0x000000f976b00000) (1024K)]
Total: 26

Other Threads:
  0x000002ee2d6197c0 VMThread "VM Thread"                           [id=20384, stack(0x000000f974800000,0x000000f974900000) (1024K)]
  0x000002ee2d604020 WatcherThread "VM Periodic Task Thread"        [id=26292, stack(0x000000f974700000,0x000000f974800000) (1024K)]
  0x000002ee1a7c9890 WorkerThread "GC Thread#0"                     [id=3112, stack(0x000000f974200000,0x000000f974300000) (1024K)]
  0x000002ee733ef830 WorkerThread "GC Thread#1"                     [id=8636, stack(0x000000f975700000,0x000000f975800000) (1024K)]
  0x000002ee733efbd0 WorkerThread "GC Thread#2"                     [id=23036, stack(0x000000f975800000,0x000000f975900000) (1024K)]
  0x000002ee733f0580 WorkerThread "GC Thread#3"                     [id=16340, stack(0x000000f975900000,0x000000f975a00000) (1024K)]
  0x000002ee733f0b30 WorkerThread "GC Thread#4"                     [id=24644, stack(0x000000f975a00000,0x000000f975b00000) (1024K)]
  0x000002ee733c6300 WorkerThread "GC Thread#5"                     [id=26596, stack(0x000000f975b00000,0x000000f975c00000) (1024K)]
  0x000002ee73435920 WorkerThread "GC Thread#6"                     [id=18944, stack(0x000000f975c00000,0x000000f975d00000) (1024K)]
  0x000002ee73841fb0 WorkerThread "GC Thread#7"                     [id=24392, stack(0x000000f976000000,0x000000f976100000) (1024K)]
  0x000002ee1a7db150 ConcurrentGCThread "G1 Main Marker"            [id=16744, stack(0x000000f974300000,0x000000f974400000) (1024K)]
  0x000002ee1a7dc300 WorkerThread "G1 Conc#0"                       [id=4476, stack(0x000000f974400000,0x000000f974500000) (1024K)]
  0x000002ee73842350 WorkerThread "G1 Conc#1"                       [id=14536, stack(0x000000f975f00000,0x000000f976000000) (1024K)]
  0x000002ee1a81e620 ConcurrentGCThread "G1 Refine#0"               [id=2372, stack(0x000000f974500000,0x000000f974600000) (1024K)]
  0x000002ee2d4d42f0 ConcurrentGCThread "G1 Service"                [id=11336, stack(0x000000f974600000,0x000000f974700000) (1024K)]
Total: 15

Threads with active compile tasks:
C1 CompilerThread0     4143 5165       1       java.lang.StringBuilder::append (8 bytes)
C1 CompilerThread2     4143 5166       1       java.lang.AbstractStringBuilder::append (60 bytes)
Total: 2

VM state: not at safepoint (normal execution)

VM Mutex/Monitor currently owned by a thread: None

Heap address: 0x0000000704a00000, size: 4022 MB, Compressed Oops mode: Zero based, Oop shift amount: 3

CDS archive(s) mapped at: [0x000002ee2e000000-0x000002ee2ec90000-0x000002ee2ec90000), size 13172736, SharedBaseAddress: 0x000002ee2e000000, ArchiveRelocationMode: 1.
Compressed class space mapped at: 0x000002ee2f000000-0x000002ee6f000000, reserved size: 1073741824
Narrow klass base: 0x000002ee2e000000, Narrow klass shift: 0, Narrow klass range: 0x100000000

GC Precious Log:
 CardTable entry size: 512
 Card Set container configuration: InlinePtr #cards 4 size 8 Array Of Cards #cards 16 size 48 Howl #buckets 8 coarsen threshold 3686 Howl Bitmap #cards 512 size 80 coarsen threshold 460 Card regions per heap region 1 cards per card region 4096
 CPUs: 8 total, 8 available
 Memory: 16082M
 Large Page Support: Disabled
 NUMA Support: Disabled
 Compressed Oops: Enabled (Zero based)
 Heap Region Size: 2M
 Heap Min Capacity: 8M
 Heap Initial Capacity: 252M
 Heap Max Capacity: 4022M
 Pre-touch: Disabled
 Parallel Workers: 8
 Concurrent Workers: 2
 Concurrent Refinement Workers: 8
 Periodic GC: Disabled

Heap:
 garbage-first heap   total 81920K, used 37907K [0x0000000704a00000, 0x0000000800000000)
  region size 2048K, 10 young (20480K), 3 survivors (6144K)
 Metaspace       used 58978K, committed 59712K, reserved 1114112K
  class space    used 8366K, committed 8704K, reserved 1048576K

Heap Regions: E=young(eden), S=young(survivor), O=old, HS=humongous(starts), HC=humongous(continues), CS=collection set, F=free, TAMS=top-at-mark-start, PB=parsable bottom
|   0|0x0000000704a00000, 0x0000000704c00000, 0x0000000704c00000|100%| O|  |TAMS 0x0000000704a00000| PB 0x0000000704a00000| Untracked 
|   1|0x0000000704c00000, 0x0000000704e00000, 0x0000000704e00000|100%| O|  |TAMS 0x0000000704c00000| PB 0x0000000704c00000| Untracked 
|   2|0x0000000704e00000, 0x0000000705000000, 0x0000000705000000|100%| O|  |TAMS 0x0000000704e00000| PB 0x0000000704e00000| Untracked 
|   3|0x0000000705000000, 0x0000000705200000, 0x0000000705200000|100%| O|  |TAMS 0x0000000705000000| PB 0x0000000705000000| Untracked 
|   4|0x0000000705200000, 0x0000000705400000, 0x0000000705400000|100%| O|  |TAMS 0x0000000705200000| PB 0x0000000705200000| Untracked 
|   5|0x0000000705400000, 0x0000000705600000, 0x0000000705600000|100%| O|  |TAMS 0x0000000705400000| PB 0x0000000705400000| Untracked 
|   6|0x0000000705600000, 0x0000000705800000, 0x0000000705800000|100%| O|  |TAMS 0x0000000705600000| PB 0x0000000705600000| Untracked 
|   7|0x0000000705800000, 0x0000000705a00000, 0x0000000705a00000|100%| O|  |TAMS 0x0000000705800000| PB 0x0000000705800000| Untracked 
|   8|0x0000000705a00000, 0x0000000705c00000, 0x0000000705c00000|100%| O|  |TAMS 0x0000000705a00000| PB 0x0000000705a00000| Untracked 
|   9|0x0000000705c00000, 0x0000000705c00000, 0x0000000705e00000|  0%| F|  |TAMS 0x0000000705c00000| PB 0x0000000705c00000| Untracked 
|  10|0x0000000705e00000, 0x0000000705fd83d8, 0x0000000706000000| 92%| O|  |TAMS 0x0000000705e00000| PB 0x0000000705e00000| Untracked 
|  11|0x0000000706000000, 0x0000000706000000, 0x0000000706200000|  0%| F|  |TAMS 0x0000000706000000| PB 0x0000000706000000| Untracked 
|  12|0x0000000706200000, 0x0000000706200000, 0x0000000706400000|  0%| F|  |TAMS 0x0000000706200000| PB 0x0000000706200000| Untracked 
|  13|0x0000000706400000, 0x0000000706400000, 0x0000000706600000|  0%| F|  |TAMS 0x0000000706400000| PB 0x0000000706400000| Untracked 
|  14|0x0000000706600000, 0x0000000706600000, 0x0000000706800000|  0%| F|  |TAMS 0x0000000706600000| PB 0x0000000706600000| Untracked 
|  15|0x0000000706800000, 0x000000070692ca58, 0x0000000706a00000| 58%| S|CS|TAMS 0x0000000706800000| PB 0x0000000706800000| Complete 
|  16|0x0000000706a00000, 0x0000000706a00000, 0x0000000706c00000|  0%| F|  |TAMS 0x0000000706a00000| PB 0x0000000706a00000| Untracked 
|  17|0x0000000706c00000, 0x0000000706e00000, 0x0000000706e00000|100%| S|CS|TAMS 0x0000000706c00000| PB 0x0000000706c00000| Complete 
|  18|0x0000000706e00000, 0x0000000707000000, 0x0000000707000000|100%| S|CS|TAMS 0x0000000706e00000| PB 0x0000000706e00000| Complete 
|  19|0x0000000707000000, 0x0000000707000000, 0x0000000707200000|  0%| F|  |TAMS 0x0000000707000000| PB 0x0000000707000000| Untracked 
|  20|0x0000000707200000, 0x0000000707200000, 0x0000000707400000|  0%| F|  |TAMS 0x0000000707200000| PB 0x0000000707200000| Untracked 
|  21|0x0000000707400000, 0x0000000707400000, 0x0000000707600000|  0%| F|  |TAMS 0x0000000707400000| PB 0x0000000707400000| Untracked 
|  22|0x0000000707600000, 0x0000000707600000, 0x0000000707800000|  0%| F|  |TAMS 0x0000000707600000| PB 0x0000000707600000| Untracked 
|  23|0x0000000707800000, 0x0000000707800000, 0x0000000707a00000|  0%| F|  |TAMS 0x0000000707800000| PB 0x0000000707800000| Untracked 
|  24|0x0000000707a00000, 0x0000000707a00000, 0x0000000707c00000|  0%| F|  |TAMS 0x0000000707a00000| PB 0x0000000707a00000| Untracked 
|  25|0x0000000707c00000, 0x0000000707c00000, 0x0000000707e00000|  0%| F|  |TAMS 0x0000000707c00000| PB 0x0000000707c00000| Untracked 
|  26|0x0000000707e00000, 0x0000000707e00000, 0x0000000708000000|  0%| F|  |TAMS 0x0000000707e00000| PB 0x0000000707e00000| Untracked 
|  27|0x0000000708000000, 0x0000000708000000, 0x0000000708200000|  0%| F|  |TAMS 0x0000000708000000| PB 0x0000000708000000| Untracked 
|  28|0x0000000708200000, 0x0000000708200000, 0x0000000708400000|  0%| F|  |TAMS 0x0000000708200000| PB 0x0000000708200000| Untracked 
|  29|0x0000000708400000, 0x0000000708400000, 0x0000000708600000|  0%| F|  |TAMS 0x0000000708400000| PB 0x0000000708400000| Untracked 
|  30|0x0000000708600000, 0x0000000708600000, 0x0000000708800000|  0%| F|  |TAMS 0x0000000708600000| PB 0x0000000708600000| Untracked 
|  31|0x0000000708800000, 0x0000000708800000, 0x0000000708a00000|  0%| F|  |TAMS 0x0000000708800000| PB 0x0000000708800000| Untracked 
|  32|0x0000000708a00000, 0x0000000708a00000, 0x0000000708c00000|  0%| F|  |TAMS 0x0000000708a00000| PB 0x0000000708a00000| Untracked 
|  33|0x0000000708c00000, 0x0000000708c11518, 0x0000000708e00000|  3%| E|  |TAMS 0x0000000708c00000| PB 0x0000000708c00000| Complete 
|  34|0x0000000708e00000, 0x0000000709000000, 0x0000000709000000|100%| E|CS|TAMS 0x0000000708e00000| PB 0x0000000708e00000| Complete 
|  35|0x0000000709000000, 0x0000000709200000, 0x0000000709200000|100%| E|CS|TAMS 0x0000000709000000| PB 0x0000000709000000| Complete 
|  36|0x0000000709200000, 0x0000000709400000, 0x0000000709400000|100%| E|CS|TAMS 0x0000000709200000| PB 0x0000000709200000| Complete 
|  37|0x0000000709400000, 0x0000000709600000, 0x0000000709600000|100%| E|CS|TAMS 0x0000000709400000| PB 0x0000000709400000| Complete 
|  38|0x0000000709600000, 0x0000000709800000, 0x0000000709800000|100%| E|CS|TAMS 0x0000000709600000| PB 0x0000000709600000| Complete 
| 125|0x0000000714400000, 0x0000000714600000, 0x0000000714600000|100%| E|CS|TAMS 0x0000000714400000| PB 0x0000000714400000| Complete 

Card table byte_map: [0x000002ee264a0000,0x000002ee26c80000] _byte_map_base: 0x000002ee22c7b000

Marking Bits: (CMBitMap*) 0x000002ee1a7c9ea0
 Bits: [0x000002ee26c80000, 0x000002ee2ab58000)

Polling page: 0x000002ee19ec0000

Metaspace:

Usage:
  Non-class:     49.43 MB used.
      Class:      8.17 MB used.
       Both:     57.60 MB used.

Virtual space:
  Non-class space:       64.00 MB reserved,      49.81 MB ( 78%) committed,  1 nodes.
      Class space:        1.00 GB reserved,       8.50 MB ( <1%) committed,  1 nodes.
             Both:        1.06 GB reserved,      58.31 MB (  5%) committed. 

Chunk freelists:
   Non-Class:  13.70 MB
       Class:  7.42 MB
        Both:  21.12 MB

MaxMetaspaceSize: unlimited
CompressedClassSpaceSize: 1.00 GB
Initial GC threshold: 21.00 MB
Current GC threshold: 58.38 MB
CDS: on
 - commit_granule_bytes: 65536.
 - commit_granule_words: 8192.
 - virtual_space_node_default_size: 8388608.
 - enlarge_chunks_in_place: 1.
 - use_allocation_guard: 0.


Internal statistics:

num_allocs_failed_limit: 3.
num_arena_births: 902.
num_arena_deaths: 0.
num_vsnodes_births: 2.
num_vsnodes_deaths: 0.
num_space_committed: 933.
num_space_uncommitted: 0.
num_chunks_returned_to_freelist: 3.
num_chunks_taken_from_freelist: 3038.
num_chunk_merges: 3.
num_chunk_splits: 2180.
num_chunks_enlarged: 1696.
num_inconsistent_stats: 0.

CodeCache: size=49152Kb used=11231Kb max_used=11231Kb free=37920Kb
 bounds [0x000002ee22bb0000, 0x000002ee236b0000, 0x000002ee25bb0000]
 total_blobs=5786 nmethods=5118 adapters=589
 compilation: enabled
              stopped_count=0, restarted_count=0
 full_count=0

Compilation events (20 events):
Event: 4.094 Thread 0x000002ee2d64b950 nmethod 5043 0x000002ee23679010 code [0x000002ee236791c0, 0x000002ee23679350]
Event: 4.094 Thread 0x000002ee2d8ada70 5044       1       org.springframework.beans.AbstractNestablePropertyAccessor::getWrappedClass (8 bytes)
Event: 4.094 Thread 0x000002ee2d8ada70 nmethod 5044 0x000002ee23679490 code [0x000002ee23679640, 0x000002ee236797e8]
Event: 4.095 Thread 0x000002ee2d8accd0 5045       1       org.postgresql.core.PGStream::receiveCanonicalStringIfPresent (45 bytes)
Event: 4.095 Thread 0x000002ee2d8ac600 5046       1       org.postgresql.core.Encoding::decodeCanonicalizedIfPresent (35 bytes)
Event: 4.095 Thread 0x000002ee2d8ac600 nmethod 5046 0x000002ee23679910 code [0x000002ee23679b00, 0x000002ee23679e40]
Event: 4.095 Thread 0x000002ee2d8accd0 nmethod 5045 0x000002ee2367a010 code [0x000002ee2367a220, 0x000002ee2367a5e0]
Event: 4.096 Thread 0x000002ee2d8accd0 5047       1       java.util.concurrent.atomic.AtomicLongArray::get (12 bytes)
Event: 4.096 Thread 0x000002ee2d8ac600 5048       1       java.lang.invoke.VarHandleLongs$Array::getVolatile (42 bytes)
Event: 4.096 Thread 0x000002ee2d8ada70 5049       1       org.springframework.data.util.ClassTypeInformation::getType (5 bytes)
Event: 4.096 Thread 0x000002ee2d8ada70 nmethod 5049 0x000002ee2367a890 code [0x000002ee2367aa20, 0x000002ee2367aaf0]
Event: 4.096 Thread 0x000002ee2d8ac600 nmethod 5048 0x000002ee2367ab90 code [0x000002ee2367ad40, 0x000002ee2367aed0]
Event: 4.096 Thread 0x000002ee2d8accd0 nmethod 5047 0x000002ee2367b010 code [0x000002ee2367b1a0, 0x000002ee2367b2e0]
Event: 4.096 Thread 0x000002ee2d8ada70 5050       1       java.util.Spliterators$EmptySpliterator$OfRef::tryAdvance (6 bytes)
Event: 4.096 Thread 0x000002ee2d64b950 5051       1       java.util.Spliterators$EmptySpliterator::tryAdvance (7 bytes)
Event: 4.096 Thread 0x000002ee2d8ac600 5052       1       java.util.stream.Stream::empty (8 bytes)
Event: 4.096 Thread 0x000002ee2d8ada70 nmethod 5050 0x000002ee2367b410 code [0x000002ee2367b5c0, 0x000002ee2367b728]
Event: 4.096 Thread 0x000002ee2d64b950 nmethod 5051 0x000002ee2367b810 code [0x000002ee2367b9c0, 0x000002ee2367bb28]
Event: 4.096 Thread 0x000002ee2d8ac600 nmethod 5052 0x000002ee2367bc10 code [0x000002ee2367bdc0, 0x000002ee2367bf50]
Event: 4.096 Thread 0x000002ee2d8ac600 5053       1       java.util.Optional::orElseGet (21 bytes)

GC Heap History (18 events):
Event: 0.592 GC heap before
{Heap before GC invocations=0 (full 0):
 garbage-first heap   total 258048K, used 20480K [0x0000000704a00000, 0x0000000800000000)
  region size 2048K, 11 young (22528K), 0 survivors (0K)
 Metaspace       used 6453K, committed 6720K, reserved 1114112K
  class space    used 772K, committed 896K, reserved 1048576K
}
Event: 0.597 GC heap after
{Heap after GC invocations=1 (full 0):
 garbage-first heap   total 258048K, used 7887K [0x0000000704a00000, 0x0000000800000000)
  region size 2048K, 2 young (4096K), 2 survivors (4096K)
 Metaspace       used 6453K, committed 6720K, reserved 1114112K
  class space    used 772K, committed 896K, reserved 1048576K
}
Event: 1.026 GC heap before
{Heap before GC invocations=1 (full 0):
 garbage-first heap   total 258048K, used 34511K [0x0000000704a00000, 0x0000000800000000)
  region size 2048K, 15 young (30720K), 2 survivors (4096K)
 Metaspace       used 11794K, committed 12160K, reserved 1114112K
  class space    used 1623K, committed 1792K, reserved 1048576K
}
Event: 1.031 GC heap after
{Heap after GC invocations=2 (full 0):
 garbage-first heap   total 258048K, used 9437K [0x0000000704a00000, 0x0000000800000000)
  region size 2048K, 1 young (2048K), 1 survivors (2048K)
 Metaspace       used 11794K, committed 12160K, reserved 1114112K
  class space    used 1623K, committed 1792K, reserved 1048576K
}
Event: 1.365 GC heap before
{Heap before GC invocations=2 (full 0):
 garbage-first heap   total 258048K, used 50397K [0x0000000704a00000, 0x0000000800000000)
  region size 2048K, 23 young (47104K), 1 survivors (2048K)
 Metaspace       used 20887K, committed 21248K, reserved 1114112K
  class space    used 2789K, committed 2944K, reserved 1048576K
}
Event: 1.370 GC heap after
{Heap after GC invocations=3 (full 0):
 garbage-first heap   total 258048K, used 13533K [0x0000000704a00000, 0x0000000800000000)
  region size 2048K, 3 young (6144K), 3 survivors (6144K)
 Metaspace       used 20887K, committed 21248K, reserved 1114112K
  class space    used 2789K, committed 2944K, reserved 1048576K
}
Event: 1.718 GC heap before
{Heap before GC invocations=4 (full 0):
 garbage-first heap   total 55296K, used 40157K [0x0000000704a00000, 0x0000000800000000)
  region size 2048K, 16 young (32768K), 3 survivors (6144K)
 Metaspace       used 22993K, committed 23424K, reserved 1114112K
  class space    used 3116K, committed 3264K, reserved 1048576K
}
Event: 1.723 GC heap after
{Heap after GC invocations=5 (full 0):
 garbage-first heap   total 55296K, used 15051K [0x0000000704a00000, 0x0000000800000000)
  region size 2048K, 2 young (4096K), 2 survivors (4096K)
 Metaspace       used 22993K, committed 23424K, reserved 1114112K
  class space    used 3116K, committed 3264K, reserved 1048576K
}
Event: 2.045 GC heap before
{Heap before GC invocations=5 (full 0):
 garbage-first heap   total 55296K, used 35531K [0x0000000704a00000, 0x0000000800000000)
  region size 2048K, 13 young (26624K), 2 survivors (4096K)
 Metaspace       used 26027K, committed 26560K, reserved 1114112K
  class space    used 3584K, committed 3840K, reserved 1048576K
}
Event: 2.050 GC heap after
{Heap after GC invocations=6 (full 0):
 garbage-first heap   total 55296K, used 17254K [0x0000000704a00000, 0x0000000800000000)
  region size 2048K, 2 young (4096K), 2 survivors (4096K)
 Metaspace       used 26027K, committed 26560K, reserved 1114112K
  class space    used 3584K, committed 3840K, reserved 1048576K
}
Event: 2.358 GC heap before
{Heap before GC invocations=6 (full 0):
 garbage-first heap   total 55296K, used 39782K [0x0000000704a00000, 0x0000000800000000)
  region size 2048K, 14 young (28672K), 2 survivors (4096K)
 Metaspace       used 29971K, committed 30528K, reserved 1114112K
  class space    used 4130K, committed 4352K, reserved 1048576K
}
Event: 2.362 GC heap after
{Heap after GC invocations=7 (full 0):
 garbage-first heap   total 55296K, used 19168K [0x0000000704a00000, 0x0000000800000000)
  region size 2048K, 2 young (4096K), 2 survivors (4096K)
 Metaspace       used 29971K, committed 30528K, reserved 1114112K
  class space    used 4130K, committed 4352K, reserved 1048576K
}
Event: 2.644 GC heap before
{Heap before GC invocations=7 (full 0):
 garbage-first heap   total 55296K, used 39648K [0x0000000704a00000, 0x0000000800000000)
  region size 2048K, 13 young (26624K), 2 survivors (4096K)
 Metaspace       used 34971K, committed 35520K, reserved 1114112K
  class space    used 4866K, committed 5120K, reserved 1048576K
}
Event: 2.649 GC heap after
{Heap after GC invocations=8 (full 0):
 garbage-first heap   total 157696K, used 21119K [0x0000000704a00000, 0x0000000800000000)
  region size 2048K, 1 young (2048K), 1 survivors (2048K)
 Metaspace       used 34971K, committed 35520K, reserved 1114112K
  class space    used 4866K, committed 5120K, reserved 1048576K
}
Event: 3.356 GC heap before
{Heap before GC invocations=9 (full 0):
 garbage-first heap   total 81920K, used 68223K [0x0000000704a00000, 0x0000000800000000)
  region size 2048K, 24 young (49152K), 1 survivors (2048K)
 Metaspace       used 46528K, committed 47168K, reserved 1114112K
  class space    used 6485K, committed 6720K, reserved 1048576K
}
Event: 3.360 GC heap after
{Heap after GC invocations=10 (full 0):
 garbage-first heap   total 81920K, used 23380K [0x0000000704a00000, 0x0000000800000000)
  region size 2048K, 2 young (4096K), 2 survivors (4096K)
 Metaspace       used 46528K, committed 47168K, reserved 1114112K
  class space    used 6485K, committed 6720K, reserved 1048576K
}
Event: 3.964 GC heap before
{Heap before GC invocations=10 (full 0):
 garbage-first heap   total 81920K, used 66388K [0x0000000704a00000, 0x0000000800000000)
  region size 2048K, 23 young (47104K), 2 survivors (4096K)
 Metaspace       used 56699K, committed 57344K, reserved 1114112K
  class space    used 8090K, committed 8384K, reserved 1048576K
}
Event: 3.969 GC heap after
{Heap after GC invocations=11 (full 0):
 garbage-first heap   total 81920K, used 25619K [0x0000000704a00000, 0x0000000800000000)
  region size 2048K, 3 young (6144K), 3 survivors (6144K)
 Metaspace       used 56699K, committed 57344K, reserved 1114112K
  class space    used 8090K, committed 8384K, reserved 1048576K
}

Dll operation events (14 events):
Event: 0.008 Loaded shared library C:\Program Files\Java\jdk-21\bin\java.dll
Event: 0.109 Loaded shared library C:\Program Files\Java\jdk-21\bin\zip.dll
Event: 0.113 Loaded shared library C:\Program Files\Java\jdk-21\bin\instrument.dll
Event: 0.119 Loaded shared library C:\Program Files\Java\jdk-21\bin\net.dll
Event: 0.122 Loaded shared library C:\Program Files\Java\jdk-21\bin\nio.dll
Event: 0.126 Loaded shared library C:\Program Files\Java\jdk-21\bin\zip.dll
Event: 0.219 Loaded shared library C:\Program Files\JetBrains\IntelliJ IDEA 2024.2.0.1\bin\breakgen64.dll
Event: 0.224 Loaded shared library C:\Program Files\Java\jdk-21\bin\jimage.dll
Event: 0.227 Loaded shared library C:\Program Files\Java\jdk-21\bin\extnet.dll
Event: 0.241 Loaded shared library C:\Program Files\Java\jdk-21\bin\management.dll
Event: 0.249 Loaded shared library C:\Program Files\Java\jdk-21\bin\management_ext.dll
Event: 1.287 Loaded shared library C:\Program Files\Java\jdk-21\bin\sunmscapi.dll
Event: 2.659 Loaded shared library C:\Program Files\Java\jdk-21\bin\verify.dll
Event: 4.095 Loaded shared library C:\Users\gabri\.jssc\windows\jSSC-2.8_x86_64.dll

Deoptimization events (10 events):
Event: 0.348 Thread 0x000002ee1847cc10 DEOPT PACKING pc=0x000002ee22f2785d sp=0x000000f9741fd4a0
Event: 0.348 Thread 0x000002ee1847cc10 DEOPT UNPACKING pc=0x000002ee22c088e2 sp=0x000000f9741fc950 mode 3
Event: 0.358 Thread 0x000002ee1847cc10 DEOPT PACKING pc=0x000002ee22fcee60 sp=0x000000f9741fd3a0
Event: 0.358 Thread 0x000002ee1847cc10 DEOPT UNPACKING pc=0x000002ee22c088e2 sp=0x000000f9741fc858 mode 3
Event: 1.120 Thread 0x000002ee736fb7e0 DEOPT PACKING pc=0x000002ee23241461 sp=0x000000f975efd270
Event: 1.120 Thread 0x000002ee736fb7e0 DEOPT UNPACKING pc=0x000002ee22c088e2 sp=0x000000f975efc750 mode 3
Event: 2.032 Thread 0x000002ee736fb7e0 DEOPT PACKING pc=0x000002ee2343f504 sp=0x000000f975efbb90
Event: 2.032 Thread 0x000002ee736fb7e0 DEOPT UNPACKING pc=0x000002ee22c088e2 sp=0x000000f975efb138 mode 0
Event: 2.032 Thread 0x000002ee736fb7e0 DEOPT PACKING pc=0x000002ee233d3f9c sp=0x000000f975efbd90
Event: 2.032 Thread 0x000002ee736fb7e0 DEOPT UNPACKING pc=0x000002ee22c088e2 sp=0x000000f975efb250 mode 0

Classes loaded (20 events):
Event: 3.971 Loading class java/util/stream/ReduceOps$5
Event: 3.972 Loading class java/util/stream/ReduceOps$5 done
Event: 3.972 Loading class java/util/stream/ReduceOps$CountingSink$OfRef
Event: 3.972 Loading class java/util/stream/ReduceOps$CountingSink$OfRef done
Event: 4.027 Loading class java/lang/Character$UnicodeBlock
Event: 4.027 Loading class java/lang/Character$Subset
Event: 4.027 Loading class java/lang/Character$Subset done
Event: 4.028 Loading class java/lang/Character$UnicodeBlock done
Event: 4.038 Loading class java/util/regex/Pattern$LookBehindEndNode
Event: 4.038 Loading class java/util/regex/Pattern$LookBehindEndNode done
Event: 4.038 Loading class java/util/regex/Pattern$Behind
Event: 4.038 Loading class java/util/regex/Pattern$Behind done
Event: 4.063 Loading class java/util/regex/Pattern$Bound
Event: 4.063 Loading class java/util/regex/Pattern$Bound done
Event: 4.063 Loading class java/util/regex/Pattern$SliceI
Event: 4.063 Loading class java/util/regex/Pattern$SliceI done
Event: 4.064 Loading class java/util/regex/Pattern$NotBehind
Event: 4.064 Loading class java/util/regex/Pattern$NotBehind done
Event: 4.064 Loading class java/util/regex/Pattern$Neg
Event: 4.064 Loading class java/util/regex/Pattern$Neg done

Classes unloaded (0 events):
No events

Classes redefined (0 events):
No events

Internal exceptions (20 events):
Event: 3.320 Thread 0x000002ee736fb7e0 Exception <a 'java/lang/NoSuchMethodError'{0x0000000706f26ee0}: 'java.lang.Object java.lang.invoke.DirectMethodHandle$Holder.invokeStaticInit(java.lang.Object, java.lang.Object, int, java.lang.Object)'> (0x0000000706f26ee0) 
thrown [s\open\src\hotspot\share\interpreter\linkResolver.cpp, line 773]
Event: 3.661 Thread 0x000002ee736fb7e0 Exception <a 'java/lang/NoSuchMethodError'{0x00000007084601e0}: 'void java.lang.invoke.DirectMethodHandle$Holder.invokeInterface(java.lang.Object, java.lang.Object, int, java.lang.Object)'> (0x00000007084601e0) 
thrown [s\open\src\hotspot\share\interpreter\linkResolver.cpp, line 773]
Event: 3.663 Thread 0x000002ee736fb7e0 Exception <a 'java/lang/NoSuchMethodError'{0x0000000708486ff8}: 'java.lang.Object java.lang.invoke.DirectMethodHandle$Holder.newInvokeSpecial(java.lang.Object, java.lang.Object, int, java.lang.Object)'> (0x0000000708486ff8) 
thrown [s\open\src\hotspot\share\interpreter\linkResolver.cpp, line 773]
Event: 3.663 Thread 0x000002ee736fb7e0 Exception <a 'java/lang/NoSuchMethodError'{0x000000070848a958}: 'java.lang.Object java.lang.invoke.Invokers$Holder.linkToTargetMethod(java.lang.Object, int, java.lang.Object, java.lang.Object)'> (0x000000070848a958) 
thrown [s\open\src\hotspot\share\interpreter\linkResolver.cpp, line 773]
Event: 3.674 Thread 0x000002ee736fb7e0 Exception <a 'java/lang/NoSuchMethodError'{0x0000000708573580}: 'void java.lang.invoke.DirectMethodHandle$Holder.invokeSpecial(java.lang.Object, java.lang.Object, java.lang.Object, java.lang.Object, java.lang.Object, java.lang.Object, java.lang.Object, java.lang.Object)'> (0x0000000708573580) 
thrown [s\open\src\hotspot\share\interpreter\linkResolver.cpp, line 773]
Event: 3.677 Thread 0x000002ee736fb7e0 Exception <a 'java/lang/NoSuchMethodError'{0x00000007085afb30}: 'void java.lang.invoke.DirectMethodHandle$Holder.invokeSpecial(java.lang.Object, java.lang.Object, int, java.lang.Object)'> (0x00000007085afb30) 
thrown [s\open\src\hotspot\share\interpreter\linkResolver.cpp, line 773]
Event: 3.677 Thread 0x000002ee736fb7e0 Exception <a 'java/lang/NoSuchMethodError'{0x00000007085b5e58}: 'java.lang.Object java.lang.invoke.DirectMethodHandle$Holder.newInvokeSpecial(java.lang.Object, java.lang.Object, int)'> (0x00000007085b5e58) 
thrown [s\open\src\hotspot\share\interpreter\linkResolver.cpp, line 773]
Event: 3.695 Thread 0x000002ee736fb7e0 Exception <a 'java/lang/NoSuchMethodError'{0x00000007083205e8}: 'int java.lang.invoke.DirectMethodHandle$Holder.invokeStatic(java.lang.Object, int, java.lang.Object)'> (0x00000007083205e8) 
thrown [s\open\src\hotspot\share\interpreter\linkResolver.cpp, line 773]
Event: 3.696 Thread 0x000002ee736fb7e0 Exception <a 'java/lang/NoSuchMethodError'{0x0000000708340398}: 'java.lang.Object java.lang.invoke.DirectMethodHandle$Holder.newInvokeSpecial(java.lang.Object, java.lang.Object, java.lang.Object, java.lang.Object, java.lang.Object, int, java.lang.Object)'> (0x0000000708340398) 
thrown [s\open\src\hotspot\share\interpreter\linkResolver.cpp, line 773]
Event: 3.698 Thread 0x000002ee736fb7e0 Exception <a 'java/lang/NoSuchMethodError'{0x0000000708374a28}: 'java.lang.Object java.lang.invoke.Invokers$Holder.linkToTargetMethod(java.lang.Object, java.lang.Object, java.lang.Object, java.lang.Object, java.lang.Object, java.lang.Object, java.lang.Object, java.lang.Object, java.lang.Object, java.lang.Object, java.lang.Object, java.lang.Object)'> (0x0000000708374a28) 
thrown [s\open\src\hotspot\share\interpreter\linkResolver.cpp, line 773]
Event: 3.726 Thread 0x000002ee736fb7e0 Exception <a 'java/lang/IncompatibleClassChangeError'{0x00000007081403e8}: Found class java.lang.Object, but interface was expected> (0x00000007081403e8) 
thrown [s\open\src\hotspot\share\interpreter\linkResolver.cpp, line 840]
Event: 3.732 Thread 0x000002ee736fb7e0 Exception <a 'java/lang/NoSuchMethodError'{0x00000007081bfcd8}: 'java.lang.Object java.lang.invoke.DirectMethodHandle$Holder.newInvokeSpecial(java.lang.Object, java.lang.Object, java.lang.Object, java.lang.Object, java.lang.Object, java.lang.Object, java.lang.Object, int)'> (0x00000007081bfcd8) 
thrown [s\open\src\hotspot\share\interpreter\linkResolver.cpp, line 773]
Event: 3.732 Thread 0x000002ee736fb7e0 Exception <a 'java/lang/NoSuchMethodError'{0x00000007081c4238}: 'java.lang.Object java.lang.invoke.DirectMethodHandle$Holder.invokeSpecial(java.lang.Object, java.lang.Object, java.lang.Object, java.lang.Object, java.lang.Object, java.lang.Object, java.lang.Object, java.lang.Object, int)'> (0x00000007081c4238) 
thrown [s\open\src\hotspot\share\interpreter\linkResolver.cpp, line 773]
Event: 3.732 Thread 0x000002ee736fb7e0 Exception <a 'java/lang/NoSuchMethodError'{0x00000007081c8250}: 'java.lang.Object java.lang.invoke.Invokers$Holder.linkToTargetMethod(java.lang.Object, java.lang.Object, java.lang.Object, java.lang.Object, java.lang.Object, java.lang.Object, int, java.lang.Object)'> (0x00000007081c8250) 
thrown [s\open\src\hotspot\share\interpreter\linkResolver.cpp, line 773]
Event: 3.833 Thread 0x000002ee736fb7e0 Exception <a 'java/lang/NoSuchMethodError'{0x0000000707b08da8}: 'void java.lang.invoke.Invokers$Holder.invokeExact_MT(java.lang.Object, java.lang.Object, java.lang.Object, java.lang.Object)'> (0x0000000707b08da8) 
thrown [s\open\src\hotspot\share\interpreter\linkResolver.cpp, line 773]
Event: 3.875 Thread 0x000002ee736fb7e0 Exception <a 'java/lang/IncompatibleClassChangeError'{0x000000070774e190}: Found class java.lang.Object, but interface was expected> (0x000000070774e190) 
thrown [s\open\src\hotspot\share\interpreter\linkResolver.cpp, line 840]
Event: 3.896 Thread 0x000002ee736fb7e0 Exception <a 'java/lang/IncompatibleClassChangeError'{0x00000007074fcdb8}: Found class java.lang.Object, but interface was expected> (0x00000007074fcdb8) 
thrown [s\open\src\hotspot\share\interpreter\linkResolver.cpp, line 840]
Event: 3.947 Thread 0x000002ee736fb7e0 Exception <a 'java/lang/IncompatibleClassChangeError'{0x00000007070c4448}: Found class java.lang.Object, but interface was expected> (0x00000007070c4448) 
thrown [s\open\src\hotspot\share\interpreter\linkResolver.cpp, line 840]
Event: 4.040 Thread 0x000002ee736fb7e0 Exception <a 'java/lang/IncompatibleClassChangeError'{0x00000007094f8b80}: Found class java.lang.Object, but interface was expected> (0x00000007094f8b80) 
thrown [s\open\src\hotspot\share\interpreter\linkResolver.cpp, line 840]
Event: 4.041 Thread 0x000002ee736fb7e0 Exception <a 'java/lang/IncompatibleClassChangeError'{0x00000007094fe380}: Found class java.lang.Object, but interface was expected> (0x00000007094fe380) 
thrown [s\open\src\hotspot\share\interpreter\linkResolver.cpp, line 840]

ZGC Phase Switch (0 events):
No events

VM Operations (20 events):
Event: 2.895 Executing VM operation: HandshakeAllThreads (Deoptimize)
Event: 2.895 Executing VM operation: HandshakeAllThreads (Deoptimize) done
Event: 2.905 Executing VM operation: HandshakeAllThreads (Deoptimize)
Event: 2.905 Executing VM operation: HandshakeAllThreads (Deoptimize) done
Event: 3.356 Executing VM operation: G1CollectForAllocation (G1 Evacuation Pause)
Event: 3.360 Executing VM operation: G1CollectForAllocation (G1 Evacuation Pause) done
Event: 3.499 Executing VM operation: HandshakeAllThreads (Deoptimize)
Event: 3.499 Executing VM operation: HandshakeAllThreads (Deoptimize) done
Event: 3.502 Executing VM operation: HandshakeAllThreads (Deoptimize)
Event: 3.502 Executing VM operation: HandshakeAllThreads (Deoptimize) done
Event: 3.521 Executing VM operation: HandshakeAllThreads (Deoptimize)
Event: 3.521 Executing VM operation: HandshakeAllThreads (Deoptimize) done
Event: 3.725 Executing VM operation: ICBufferFull
Event: 3.725 Executing VM operation: ICBufferFull done
Event: 3.955 Executing VM operation: HandshakeAllThreads (Deoptimize)
Event: 3.955 Executing VM operation: HandshakeAllThreads (Deoptimize) done
Event: 3.956 Executing VM operation: HandshakeAllThreads (Deoptimize)
Event: 3.956 Executing VM operation: HandshakeAllThreads (Deoptimize) done
Event: 3.964 Executing VM operation: G1CollectForAllocation (G1 Evacuation Pause)
Event: 3.969 Executing VM operation: G1CollectForAllocation (G1 Evacuation Pause) done

Events (20 events):
Event: 2.662 Thread 0x000002ee2d6197c0 flushing nmethod 0x000002ee22e65290
Event: 2.662 Thread 0x000002ee2d6197c0 flushing nmethod 0x000002ee22e64590
Event: 2.662 Thread 0x000002ee2d6197c0 flushing nmethod 0x000002ee22e4e610
Event: 2.662 Thread 0x000002ee2d6197c0 flushing nmethod 0x000002ee22e62290
Event: 2.662 Thread 0x000002ee2d6197c0 flushing nmethod 0x000002ee22e6d690
Event: 2.662 Thread 0x000002ee2d6197c0 flushing nmethod 0x000002ee22e61710
Event: 2.662 Thread 0x000002ee2d6197c0 flushing nmethod 0x000002ee22e6cf10
Event: 2.662 Thread 0x000002ee2d6197c0 flushing nmethod 0x000002ee22e52d90
Event: 2.662 Thread 0x000002ee2d6197c0 flushing nmethod 0x000002ee22d06890
Event: 2.662 Thread 0x000002ee2d6197c0 flushing nmethod 0x000002ee22e27890
Event: 2.705 Thread 0x000002ee7429f370 Thread added: 0x000002ee7429f370
Event: 2.709 Thread 0x000002ee7429f370 Thread exited: 0x000002ee7429f370
Event: 2.956 Thread 0x000002ee742a27f0 Thread added: 0x000002ee742a27f0
Event: 2.966 Thread 0x000002ee742a0db0 Thread added: 0x000002ee742a0db0
Event: 3.069 Thread 0x000002ee742a0720 Thread added: 0x000002ee742a0720
Event: 3.210 Thread 0x000002ee7429f370 Thread added: 0x000002ee7429f370
Event: 3.214 Thread 0x000002ee7429f370 Thread exited: 0x000002ee7429f370
Event: 3.715 Thread 0x000002ee7429f370 Thread added: 0x000002ee7429f370
Event: 3.720 Thread 0x000002ee7429f370 Thread exited: 0x000002ee7429f370
Event: 4.091 Thread 0x000002ee742a1440 Thread added: 0x000002ee742a1440


Dynamic libraries:
0x00007ff686030000 - 0x00007ff686040000 	C:\Program Files\Java\jdk-21\bin\java.exe
0x00007ffbf8680000 - 0x00007ffbf88e8000 	C:\WINDOWS\SYSTEM32\ntdll.dll
0x00007ffbf70e0000 - 0x00007ffbf71a9000 	C:\WINDOWS\System32\KERNEL32.DLL
0x00007ffbf5840000 - 0x00007ffbf5c32000 	C:\WINDOWS\System32\KERNELBASE.dll
0x00007ffbf5c40000 - 0x00007ffbf5d8b000 	C:\WINDOWS\System32\ucrtbase.dll
0x00007ffbad4b0000 - 0x00007ffbad4cb000 	C:\Program Files\Java\jdk-21\bin\VCRUNTIME140.dll
0x00007ffbb4570000 - 0x00007ffbb4589000 	C:\Program Files\Java\jdk-21\bin\jli.dll
0x00007ffbf6970000 - 0x00007ffbf6a24000 	C:\WINDOWS\System32\ADVAPI32.dll
0x00007ffbf6680000 - 0x00007ffbf6729000 	C:\WINDOWS\System32\msvcrt.dll
0x00007ffbf6870000 - 0x00007ffbf6916000 	C:\WINDOWS\System32\sechost.dll
0x00007ffbf74c0000 - 0x00007ffbf75d8000 	C:\WINDOWS\System32\RPCRT4.dll
0x00007ffbf72b0000 - 0x00007ffbf7475000 	C:\WINDOWS\System32\USER32.dll
0x00007ffbf5810000 - 0x00007ffbf5837000 	C:\WINDOWS\System32\win32u.dll
0x00007ffbdd890000 - 0x00007ffbddb23000 	C:\WINDOWS\WinSxS\amd64_microsoft.windows.common-controls_6595b64144ccf1df_6.0.26100.6899_none_3e0efeeae32e88c1\COMCTL32.dll
0x00007ffbf7600000 - 0x00007ffbf762b000 	C:\WINDOWS\System32\GDI32.dll
0x00007ffbf60e0000 - 0x00007ffbf620d000 	C:\WINDOWS\System32\gdi32full.dll
0x00007ffbf5e30000 - 0x00007ffbf5ed3000 	C:\WINDOWS\System32\msvcp_win.dll
0x00007ffbe1420000 - 0x00007ffbe142b000 	C:\WINDOWS\SYSTEM32\VERSION.dll
0x00007ffbf7480000 - 0x00007ffbf74af000 	C:\WINDOWS\System32\IMM32.DLL
0x00007ffbdd450000 - 0x00007ffbdd45c000 	C:\Program Files\Java\jdk-21\bin\vcruntime140_1.dll
0x00007ffba71d0000 - 0x00007ffba725e000 	C:\Program Files\Java\jdk-21\bin\msvcp140.dll
0x00007ffb530d0000 - 0x00007ffb53de5000 	C:\Program Files\Java\jdk-21\bin\server\jvm.dll
0x00007ffbf7630000 - 0x00007ffbf76a4000 	C:\WINDOWS\System32\WS2_32.dll
0x00007ffbf5670000 - 0x00007ffbf56ce000 	C:\WINDOWS\SYSTEM32\POWRPROF.dll
0x00007ffbe8ec0000 - 0x00007ffbe8ef5000 	C:\WINDOWS\SYSTEM32\WINMM.dll
0x00007ffbf5650000 - 0x00007ffbf5664000 	C:\WINDOWS\SYSTEM32\UMPDC.dll
0x00007ffbf45a0000 - 0x00007ffbf45bb000 	C:\WINDOWS\SYSTEM32\kernel.appcore.dll
0x00007ffbdd3a0000 - 0x00007ffbdd3aa000 	C:\Program Files\Java\jdk-21\bin\jimage.dll
0x00007ffbf2c10000 - 0x00007ffbf2e52000 	C:\WINDOWS\SYSTEM32\DBGHELP.DLL
0x00007ffbf6a30000 - 0x00007ffbf6dab000 	C:\WINDOWS\System32\combase.dll
0x00007ffbf7ef0000 - 0x00007ffbf7fc7000 	C:\WINDOWS\System32\OLEAUT32.dll
0x00007ffbdd850000 - 0x00007ffbdd88c000 	C:\WINDOWS\SYSTEM32\dbgcore.DLL
0x00007ffbf5d90000 - 0x00007ffbf5e28000 	C:\WINDOWS\System32\bcryptPrimitives.dll
0x00007ffbdd4a0000 - 0x00007ffbdd4af000 	C:\Program Files\Java\jdk-21\bin\instrument.dll
0x00007ffba71b0000 - 0x00007ffba71cf000 	C:\Program Files\Java\jdk-21\bin\java.dll
0x00007ffbf76b0000 - 0x00007ffbf7dfd000 	C:\WINDOWS\System32\SHELL32.dll
0x00007ffbf5ee0000 - 0x00007ffbf604b000 	C:\WINDOWS\System32\wintypes.dll
0x00007ffbf3420000 - 0x00007ffbf3c7d000 	C:\WINDOWS\SYSTEM32\windows.storage.dll
0x00007ffbf71b0000 - 0x00007ffbf72a2000 	C:\WINDOWS\System32\SHCORE.dll
0x00007ffbf67f0000 - 0x00007ffbf6852000 	C:\WINDOWS\System32\shlwapi.dll
0x00007ffbf5730000 - 0x00007ffbf5759000 	C:\WINDOWS\SYSTEM32\profapi.dll
0x00007ffba7170000 - 0x00007ffba7188000 	C:\Program Files\Java\jdk-21\bin\zip.dll
0x00007ffbc2e50000 - 0x00007ffbc2e60000 	C:\Program Files\Java\jdk-21\bin\net.dll
0x00007ffbee600000 - 0x00007ffbee71f000 	C:\WINDOWS\SYSTEM32\WINHTTP.dll
0x00007ffbf4af0000 - 0x00007ffbf4b5b000 	C:\WINDOWS\system32\mswsock.dll
0x00007ffba7190000 - 0x00007ffba71a6000 	C:\Program Files\Java\jdk-21\bin\nio.dll
0x00007ffbdd430000 - 0x00007ffbdd44a000 	C:\Program Files\JetBrains\IntelliJ IDEA 2024.2.0.1\bin\breakgen64.dll
0x00007ffbb9d70000 - 0x00007ffbb9d77000 	C:\Program Files\Java\jdk-21\bin\extnet.dll
0x00007ffbf4130000 - 0x00007ffbf4256000 	C:\WINDOWS\SYSTEM32\DNSAPI.dll
0x00007ffbf4050000 - 0x00007ffbf4084000 	C:\WINDOWS\SYSTEM32\IPHLPAPI.DLL
0x00007ffbf65e0000 - 0x00007ffbf65ea000 	C:\WINDOWS\System32\NSI.dll
0x00007ffbed9b0000 - 0x00007ffbed9bb000 	C:\Windows\System32\rasadhlp.dll
0x00007ffbeeed0000 - 0x00007ffbeef56000 	C:\WINDOWS\System32\fwpuclnt.dll
0x00007ffbd4030000 - 0x00007ffbd403a000 	C:\Program Files\Java\jdk-21\bin\management.dll
0x00007ffbd4020000 - 0x00007ffbd402b000 	C:\Program Files\Java\jdk-21\bin\management_ext.dll
0x00007ffbf6860000 - 0x00007ffbf6868000 	C:\WINDOWS\System32\PSAPI.DLL
0x00007ffbf4ed0000 - 0x00007ffbf4eeb000 	C:\WINDOWS\SYSTEM32\CRYPTSP.dll
0x00007ffbf4500000 - 0x00007ffbf453b000 	C:\WINDOWS\system32\rsaenh.dll
0x00007ffbf4b90000 - 0x00007ffbf4bbb000 	C:\WINDOWS\SYSTEM32\USERENV.dll
0x00007ffbf5700000 - 0x00007ffbf5726000 	C:\WINDOWS\SYSTEM32\bcrypt.dll
0x00007ffbf4d30000 - 0x00007ffbf4d3c000 	C:\WINDOWS\SYSTEM32\CRYPTBASE.dll
0x00007ffbc5f60000 - 0x00007ffbc5f78000 	C:\WINDOWS\system32\napinsp.dll
0x00007ffbc3dd0000 - 0x00007ffbc3de2000 	C:\WINDOWS\System32\winrnr.dll
0x00007ffbc3da0000 - 0x00007ffbc3dc8000 	C:\WINDOWS\system32\nlansp_c.dll
0x00007ffbe1cb0000 - 0x00007ffbe1cc6000 	C:\WINDOWS\system32\wshbth.dll
0x00007ffbd4010000 - 0x00007ffbd401e000 	C:\Program Files\Java\jdk-21\bin\sunmscapi.dll
0x00007ffbf6210000 - 0x00007ffbf6387000 	C:\WINDOWS\System32\CRYPT32.dll
0x00007ffbf5020000 - 0x00007ffbf5050000 	C:\WINDOWS\SYSTEM32\ncrypt.dll
0x00007ffbf4fd0000 - 0x00007ffbf500f000 	C:\WINDOWS\SYSTEM32\NTASN1.dll
0x00007ffb9fce0000 - 0x00007ffb9fcf0000 	C:\Program Files\Java\jdk-21\bin\verify.dll
0x0000000071100000 - 0x0000000071125000 	C:\Users\gabri\.jssc\windows\jSSC-2.8_x86_64.dll

dbghelp: loaded successfully - version: 4.0.5 - missing functions: none
symbol engine: initialized successfully - sym options: 0x614 - pdb path: .;C:\Program Files\Java\jdk-21\bin;C:\WINDOWS\SYSTEM32;C:\WINDOWS\WinSxS\amd64_microsoft.windows.common-controls_6595b64144ccf1df_6.0.26100.6899_none_3e0efeeae32e88c1;C:\Program Files\Java\jdk-21\bin\server;C:\Program Files\JetBrains\IntelliJ IDEA 2024.2.0.1\bin;C:\Users\gabri\.jssc\windows

VM Arguments:
jvm_args: -XX:TieredStopAtLevel=1 -Dspring.output.ansi.enabled=always -Dcom.sun.management.jmxremote -Dspring.jmx.enabled=true -Dspring.liveBeansView.mbeanDomain -Dspring.application.admin.enabled=true -Dmanagement.endpoints.jmx.exposure.include=* -javaagent:C:\Program Files\JetBrains\IntelliJ IDEA 2024.2.0.1\lib\idea_rt.jar=59476:C:\Program Files\JetBrains\IntelliJ IDEA 2024.2.0.1\bin -Dfile.encoding=UTF-8 -Dsun.stdout.encoding=UTF-8 -Dsun.stderr.encoding=UTF-8 
java_command: com.gabriel.api_estacao_meteorologica.ApiEstacaoMeteorologicaApplication
java_class_path (initial): C:\Users\gabri\Documents\Projeto IOT\api\api_estacao_meteorologica\api_estacao_meteorologica\target\classes;C:\Users\gabri\.m2\repository\org\springframework\boot\spring-boot-starter-web\3.5.6\spring-boot-starter-web-3.5.6.jar;C:\Users\gabri\.m2\repository\org\springframework\boot\spring-boot-starter\3.5.6\spring-boot-starter-3.5.6.jar;C:\Users\gabri\.m2\repository\org\springframework\boot\spring-boot-starter-logging\3.5.6\spring-boot-starter-logging-3.5.6.jar;C:\Users\gabri\.m2\repository\ch\qos\logback\logback-classic\1.5.18\logback-classic-1.5.18.jar;C:\Users\gabri\.m2\repository\ch\qos\logback\logback-core\1.5.18\logback-core-1.5.18.jar;C:\Users\gabri\.m2\repository\org\apache\logging\log4j\log4j-to-slf4j\2.24.3\log4j-to-slf4j-2.24.3.jar;C:\Users\gabri\.m2\repository\org\apache\logging\log4j\log4j-api\2.24.3\log4j-api-2.24.3.jar;C:\Users\gabri\.m2\repository\org\slf4j\jul-to-slf4j\2.0.17\jul-to-slf4j-2.0.17.jar;C:\Users\gabri\.m2\repository\jakarta\annotation\jakarta.annotation-api\2.1.1\jakarta.annotation-api-2.1.1.jar;C:\Users\gabri\.m2\repository\org\yaml\snakeyaml\2.4\snakeyaml-2.4.jar;C:\Users\gabri\.m2\repository\org\springframework\boot\spring-boot-starter-json\3.5.6\spring-boot-starter-json-3.5.6.jar;C:\Users\gabri\.m2\repository\com\fasterxml\jackson\datatype\jackson-datatype-jdk8\2.19.2\jackson-datatype-jdk8-2.19.2.jar;C:\Users\gabri\.m2\repository\com\fasterxml\jackson\datatype\jackson-datatype-jsr310\2.19.2\jackson-datatype-jsr310-2.19.2.jar;C:\Users\gabri\.m2\repository\com\fasterxml\jackson\module\jackson-module-parameter-names\2.19.2\jackson-module-parameter-names-2.19.2.jar;C:\Users\gabri\.m2\repository\org\springframework\boot\spring-boot-starter-tomcat\3.5.6\spring-boot-starter-tomcat-3.5.6.jar;C:\Users\gabri\.m2\repository\org\apache\tomcat\embed\tomcat-embed-core\10.1.46\tomcat-embed-core-10.1.46.jar;C:\Users\gabri\.m2\repository\org\apache\tomcat\embed\tomcat-embed-el\10.1.46\tomcat-embed-el-10.1.46.jar;C:\Users\gabri\.m2\repository\org\apache\tomcat\embed\tomcat-embed-websocket\10.1.46\tomcat-embed-websocket-10.1.46.jar;C:\Users\gabri\.m2\repository\org\springframework\spring-web\6.2.11\spring-web-6.2.11.jar;C:\Users\gabri\.m2\repository\org\springframework\spring-beans\6.2.11\spring-beans-6.2.11.jar;C:\Users\gabri\.m2\repository\io\micrometer\micrometer-observation\1.15.4\micrometer-observation-1.15.4.jar;C:\Users\gabri\.m2\repository\io\micrometer\micrometer-commons\1.15.4\micrometer-commons-1.15.4.jar;C:\Users\gabri\.m2\repository\org\springframework\spring-webmvc\6.2.11\spring-webmvc-6.2.11.jar;C:\Users\gabri\.m2\repository\org\springframework\spring-aop\6.2.11\spring-aop-6.2.11.jar;C:\Users\gabri\.m2\repository\org\springframework\spring-context\6.2.11\spring-context-6.2.11.jar;C:\Users\gabri\.m2\repository\org\springframework\spring-expression\6.2.11\spring-expression-6.2.11.jar;C:\Users\gabri\.m2\repository\org\springframework\boot\spring-boot-starter-data-jpa\3.5.6\spring-boot-starter-data-jpa-3.5.6.jar;C:\Users\gabri\.m2\repository\org\springframework\boot\spring-boot-starter-jdbc\3.5.6\spring-boot-starter-jdbc-3.5.6.jar;C:\Users\gabri\.m2\repository\com\zaxxer\HikariCP\6.3.3\HikariCP-6.3.3.jar;C:\Users\gabri\.m2\repository\org\springframework\spring-jdbc\6.2.11\spring-jdbc-6.2.11.jar;C:\Users\gabri\.m2\repository\org\hibernate\orm\hibernate-core\6.6.29.Final\hibernate-core-6.6.29.Final.jar;C:\Users\gabri\.m2\repository\jakarta\persistence\jakarta.persistence-api\3.1.0\jakarta.persistence-api-3.1.0.jar;C:\Users\gabri\.m2\repository\jakarta\transaction\jakarta.transaction-api\2.0.1\jakarta.transaction-api-2.0.1.jar;C:\Users\gabri\.m2\repository\org\jboss\logging\jboss-logging\3.6.1.Final\jboss-logging-3.6.1.Final.jar;C:\Users\gabri\.m2\repository\org\hibernate\common\hibernate-commons-annotations\7.0.3.Final\hibernate-commons-annotations-7.0.3.Final.jar;C:\Users\gabri\.m2\repository\io\smallrye\jandex\3.2.0\jandex-3.2.0.jar;C:\Users\gabri\.m2\repository\com\fasterxml\classmate\1.7.0\classmate-1.7.0.jar;C:\Users\gabri\.m2\repository\net\bytebuddy\byte-buddy\1.17.7\byte-buddy-1.17.7.jar;C:\Users\gabri\.m2\repository\org\glassfish\jaxb\jaxb-runtime\4.0.5\jaxb-runtime-4.0.5.jar;C:\Users\gabri\.m2\repository\org\glassfish\jaxb\jaxb-core\4.0.5\jaxb-core-4.0.5.jar;C:\Users\gabri\.m2\repository\org\eclipse\angus\angus-activation\2.0.2\angus-activation-2.0.2.jar;C:\Users\gabri\.m2\repository\org\glassfish\jaxb\txw2\4.0.5\txw2-4.0.5.jar;C:\Users\gabri\.m2\repository\com\sun\istack\istack-commons-runtime\4.1.2\istack-commons-runtime-4.1.2.jar;C:\Users\gabri\.m2\repository\jakarta\inject\jakarta.inject-api\2.0.1\jakarta.inject-api-2.0.1.jar;C:\Users\gabri\.m2\repository\org\antlr\antlr4-runtime\4.13.0\antlr4-runtime-4.13.0.jar;C:\Users\gabri\.m2\repository\org\springframework\data\spring-data-jpa\3.5.4\spring-data-jpa-3.5.4.jar;C:\Users\gabri\.m2\repository\org\springframework\data\spring-data-commons\3.5.4\spring-data-commons-3.5.4.jar;C:\Users\gabri\.m2\repository\org\springframework\spring-orm\6.2.11\spring-orm-6.2.11.jar;C:\Users\gabri\.m2\repository\org\springframework\spring-tx\6.2.11\spring-tx-6.2.11.jar;C:\Users\gabri\.m2\repository\org\slf4j\slf4j-api\2.0.17\slf4j-api-2.0.17.jar;C:\Users\gabri\.m2\repository\org\springframework\spring-aspects\6.2.11\spring-aspects-6.2.11.jar;C:\Users\gabri\.m2\repository\org\aspectj\aspectjweaver\1.9.24\aspectjweaver-1.9.24.jar;C:\Users\gabri\.m2\repository\org\postgresql\postgresql\42.7.7\postgresql-42.7.7.jar;C:\Users\gabri\.m2\repository\org\checkerframework\checker-qual\3.49.3\checker-qual-3.49.3.jar;C:\Users\gabri\.m2\repository\org\springframework\boot\spring-boot-devtools\3.5.6\spring-boot-devtools-3.5.6.jar;C:\Users\gabri\.m2\repository\org\springframework\boot\spring-boot\3.5.6\spring-boot-3.5.6.jar;C:\Users\gabri\.m2\repository\org\springframework\boot\spring-boot-autoconfigure\3.5.6\spring-boot-autoconfigure-3.5.6.jar;C:\Users\gabri\.m2\repository\org\projectlombok\lombok\1.18.40\lombok-1.18.40.jar;C:\Users\gabri\.m2\repository\jakarta\xml\bind\jakarta.xml.bind-api\4.0.2\jakarta.xml.bind-api-4.0.2.jar;C:\Users\gabri\.m2\repository\jakarta\activation\jakarta.activation-api\2.1.4\jakarta.activation-api-2.1.4.jar;C:\Users\gabri\.m2\repository\org\springframework\spring-core\6.2.11\spring-core-6.2.11.jar;C:\Users\gabri\.m2\repository\org\springframework\spring-jcl\6.2.11\spring-jcl-6.2.11.jar;C:\Users\gabri\.m2\repository\org\scream3r\jssc\2.8.0\jssc-2.8.0.jar;C:\Users\gabri\.m2\repository\com\fasterxml\jackson\core\jackson-databind\2.19.2\jackson-databind-2.19.2.jar;C:\Users\gabri\.m2\repository\com\fasterxml\jackson\core\jackson-annotations\2.19.2\jackson-annotations-2.19.2.jar;C:\Users\gabri\.m2\repository\com\fasterxml\jackson\core\jackson-core\2.19.2\jackson-core-2.19.2.jar
Launcher Type: SUN_STANDARD

[Global flags]
     intx CICompilerCount                          = 4                                         {product} {ergonomic}
     uint ConcGCThreads                            = 2                                         {product} {ergonomic}
     uint G1ConcRefinementThreads                  = 8                                         {product} {ergonomic}
   size_t G1HeapRegionSize                         = 2097152                                   {product} {ergonomic}
    uintx GCDrainStackTargetSize                   = 64                                        {product} {ergonomic}
   size_t InitialHeapSize                          = 264241152                                 {product} {ergonomic}
     bool ManagementServer                         = true                                      {product} {command line}
   size_t MarkStackSize                            = 4194304                                   {product} {ergonomic}
   size_t MaxHeapSize                              = 4217372672                                {product} {ergonomic}
   size_t MaxNewSize                               = 2529165312                                {product} {ergonomic}
   size_t MinHeapDeltaBytes                        = 2097152                                   {product} {ergonomic}
   size_t MinHeapSize                              = 8388608                                   {product} {ergonomic}
    uintx NonNMethodCodeHeapSize                   = 4096                                   {pd product} {ergonomic}
    uintx NonProfiledCodeHeapSize                  = 0                                      {pd product} {ergonomic}
     bool ProfileInterpreter                       = false                                  {pd product} {command line}
    uintx ProfiledCodeHeapSize                     = 0                                      {pd product} {ergonomic}
   size_t SoftMaxHeapSize                          = 4217372672                             {manageable} {ergonomic}
     intx TieredStopAtLevel                        = 1                                         {product} {command line}
     bool UseCompressedOops                        = true                           {product lp64_product} {ergonomic}
     bool UseG1GC                                  = true                                      {product} {ergonomic}
     bool UseLargePagesIndividualAllocation        = false                                  {pd product} {ergonomic}

Logging:
Log output configuration:
 #0: stdout all=warning uptime,level,tags foldmultilines=false
 #1: stderr all=off uptime,level,tags foldmultilines=false

Environment Variables:
PATH=C:\Program Files\Common Files\Oracle\Java\javapath;C:\Program Files (x86)\Common Files\Oracle\Java\javapath;C:\WINDOWS\system32;C:\WINDOWS;C:\WINDOWS\System32\Wbem;C:\WINDOWS\System32\WindowsPowerShell\v1.0\;C:\WINDOWS\System32\OpenSSH\;C:\Program Files\Git\cmd;C:\Users\gabri\AppData\Roaming\nvm;C:\Program Files\nodejs;C:\Program Files\MongoDB\Server\7.0\bin;%H2_HOME%\bin;C:\Program Files\Maven\bin;;C:\Program Files\Docker\Docker\resources\bin;C:\Program Files\nodejs\;C:\Program Files\Arduino PLC IDE Tools\;C:\Users\gabri\AppData\Local\Microsoft\WindowsApps;C:\Users\gabri\AppData\Local\Programs\Microsoft VS Code\bin;C:\Program Files\Java\jdk-21\bin;C:\Users\gabri\AppData\Roaming\nvm;C:\Program Files\nodejs;C:\Users\gabri\AppData\Local\Programs\mongosh\;C:\Users\gabri\AppData\Local\JetBrains\Toolbox\scripts;C:\Users\gabri\AppData\Roaming\npm;%USERPROFILE%\AppData\Local\Microsoft\WindowsApps;
USERNAME=gabri
OS=Windows_NT
PROCESSOR_IDENTIFIER=Intel64 Family 6 Model 140 Stepping 1, GenuineIntel
TMP=C:\Users\gabri\AppData\Local\Temp
TEMP=C:\Users\gabri\AppData\Local\Temp




Periodic native trim disabled

---------------  S Y S T E M  ---------------

OS:
 Windows 11 , 64 bit Build 26100 (10.0.26100.6725)
OS uptime: 0 days 9:58 hours
Hyper-V role detected

CPU: total 8 (initial active 8) (4 cores per cpu, 2 threads per core) family 6 model 140 stepping 1 microcode 0x86, cx8, cmov, fxsr, ht, mmx, 3dnowpref, sse, sse2, sse3, ssse3, sse4.1, sse4.2, popcnt, lzcnt, tsc, tscinvbit, avx, avx2, aes, erms, clmul, bmi1, bmi2, adx, avx512f, avx512dq, avx512cd, avx512bw, avx512vl, sha, fma, vzeroupper, avx512_vpopcntdq, avx512_vpclmulqdq, avx512_vaes, avx512_vnni, clflush, clflushopt, clwb, avx512_vbmi2, avx512_vbmi, hv, rdtscp, rdpid, fsrm, gfni, avx512_bitalg, f16c, cet_ibt, cet_ss, avx512_ifma
Processor Information for all 8 processors :
  Max Mhz: 2419, Current Mhz: 2419, Mhz Limit: 2419

Memory: 4k page, system-wide physical 16082M (1679M free)
TotalPageFile size 29906M (AvailPageFile size 7126M)
current process WorkingSet (physical memory assigned to process): 226M, peak: 226M
current process commit charge ("private bytes"): 265M, peak: 374M

vm_info: Java HotSpot(TM) 64-Bit Server VM (21.0.1+12-LTS-29) for windows-amd64 JRE (21.0.1+12-LTS-29), built on 2023-10-05T13:27:09Z by "mach5one" with MS VC++ 17.1 (VS2022)

END.
