#
# A fatal error has been detected by the Java Runtime Environment:
#
#  EXCEPTION_ACCESS_VIOLATION (0xc0000005) at pc=0x000000007110b5db, pid=12984, tid=12848
#
# JRE version: Java(TM) SE Runtime Environment (21.0.1+12) (build 21.0.1+12-LTS-29)
# Java VM: Java HotSpot(TM) 64-Bit Server VM (21.0.1+12-LTS-29, mixed mode, emulated-client, sharing, tiered, compressed oops, compressed class ptrs, g1 gc, windows-amd64)
# Problematic frame:
# C  [jSSC-2.8_x86_64.dll+0xb5db]
#
# No core dump will be written. Minidumps are not enabled by default on client versions of Windows
#
# If you would like to submit a bug report, please visit:
#   https://bugreport.java.com/bugreport/crash.jsp
# The crash happened outside the Java Virtual Machine in native code.
# See problematic frame for where to report the bug.
#

---------------  S U M M A R Y ------------

Command Line: -XX:TieredStopAtLevel=1 -Dspring.output.ansi.enabled=always -Dcom.sun.management.jmxremote -Dspring.jmx.enabled=true -Dspring.liveBeansView.mbeanDomain -Dspring.application.admin.enabled=true -Dmanagement.endpoints.jmx.exposure.include=* -javaagent:C:\Program Files\JetBrains\IntelliJ IDEA 2024.2.0.1\lib\idea_rt.jar=55192:C:\Program Files\JetBrains\IntelliJ IDEA 2024.2.0.1\bin -Dfile.encoding=UTF-8 -Dsun.stdout.encoding=UTF-8 -Dsun.stderr.encoding=UTF-8 com.gabriel.api_estacao_meteorologica.ApiEstacaoMeteorologicaApplication

Host: 11th Gen Intel(R) Core(TM) i5-1135G7 @ 2.40GHz, 8 cores, 15G,  Windows 11 , 64 bit Build 26100 (10.0.26100.6725)
Time: Thu Oct 16 16:25:31 2025 Hora Padrão de Buenos Aires elapsed time: 4.076393 seconds (0d 0h 0m 4s)

---------------  T H R E A D  ---------------

Current thread (0x0000022817edee10):  JavaThread "Thread-4"         [_thread_in_native, id=12848, stack(0x000000a073b00000,0x000000a073c00000) (1024K)]

Stack: [0x000000a073b00000,0x000000a073c00000],  sp=0x000000a073bfed50,  free space=1019k
Native frames: (J=compiled Java code, j=interpreted, Vv=VM code, C=native code)
C  [jSSC-2.8_x86_64.dll+0xb5db]

Java frames: (J=compiled Java code, j=interpreted, Vv=VM code)
j  jssc.SerialNativeInterface.openPort(Ljava/lang/String;Z)J+0
j  jssc.SerialPort.openPort()Z+65
j  com.gabriel.api_estacao_meteorologica.service.ArduinoService.lerPortaSerial()V+11
j  com.gabriel.api_estacao_meteorologica.service.ArduinoService$$Lambda+0x00000227d381d320.run()V+4
j  java.lang.Thread.runWith(Ljava/lang/Object;Ljava/lang/Runnable;)V+5 java.base@21.0.1
j  java.lang.Thread.run()V+19 java.base@21.0.1
v  ~StubRoutines::call_stub 0x00000227c5f010e7

siginfo: EXCEPTION_ACCESS_VIOLATION (0xc0000005), reading address 0xffffffffbc1eef37


Registers:
RAX=0xffffffffbc1eef37, RBX=0x000000a073bfedc0, RCX=0x00007ffbf87e1dd4, RDX=0x0000000000000000
RSP=0x000000a073bfed50, RBP=0x000000a073bfeed0, RSI=0x0000022817edf1c8, RDI=0x0000000000000808
R8 =0x000000a073bfec48, R9 =0x0000000000000000, R10=0x0000000000000000, R11=0x0000000000000246
R12=0x000000a073bfef90, R13=0x0000022818b46450, R14=0x000000a073bfee80, R15=0x0000022817edee10
RIP=0x000000007110b5db, EFLAGS=0x0000000000010202


Register to memory mapping:

RAX=0xffffffffbc1eef37 is an unknown value
RBX=0x000000a073bfedc0 is pointing into the stack for thread: 0x0000022817edee10
RCX=0x00007ffbf87e1dd4 ntdll.dll
RDX=0x0 is null
RSP=0x000000a073bfed50 is pointing into the stack for thread: 0x0000022817edee10
RBP=0x000000a073bfeed0 is pointing into the stack for thread: 0x0000022817edee10
RSI=0x0000022817edf1c8 points into unknown readable memory: 0x00007ffb53c8c600 | 00 c6 c8 53 fb 7f 00 00
RDI=0x0000000000000808 is an unknown value
R8 =0x000000a073bfec48 is pointing into the stack for thread: 0x0000022817edee10
R9 =0x0 is null
R10=0x0 is null
R11=0x0000000000000246 is an unknown value
R12=0x000000a073bfef90 is pointing into the stack for thread: 0x0000022817edee10
R13=0x0000022818b46450 points into unknown readable memory: 0x000000000000005c | 5c 00 00 00 00 00 00 00
R14=0x000000a073bfee80 is pointing into the stack for thread: 0x0000022817edee10
R15=0x0000022817edee10 is a thread

Top of Stack: (sp=0x000000a073bfed50)
0x000000a073bfed50:   0000000000000003 0000000000000000
0x000000a073bfed60:   000000007110b230 0000000000000000
0x000000a073bfed70:   0000000000000001 0000000000000004
0x000000a073bfed80:   0000022817edf1c8 0000000000000808
0x000000a073bfed90:   000000a073bfeed0 0000000071112590
0x000000a073bfeda0:   00000228181db5e0 00000000c0000000
0x000000a073bfedb0:   0000000000000808 00007ffbf587d43c
0x000000a073bfedc0:   0000000000000057 0000000000000010
0x000000a073bfedd0:   0000022817edee10 000000a073bfee80
0x000000a073bfede0:   0000022818b46450 000000a073bfef90
0x000000a073bfedf0:   0000000071113500 0000000071113be8
0x000000a073bfee00:   000000a073bfee30 0000000071112641
0x000000a073bfee10:   000000a073bfeda0 0000000000000000
0x000000a073bfee20:   0000022818b46450 000000a073bfee80
0x000000a073bfee30:   000000a073bfeed0 0000000071101595
0x000000a073bfee40:   000000000000001c 0000022800000000
0x000000a073bfee50:   000000a073bfee90 000000a073bfef90
0x000000a073bfee60:   0000022800000003 00007ffb40000000
0x000000a073bfee70:   0000000000000000 0000000000000996
0x000000a073bfee80:   334d4f435c2e5c5c 0000022817edee00
0x000000a073bfee90:   000002005c2e5c5c 0000022817edee10
0x000000a073bfeea0:   0000022816219c88 000000004535bc88
0x000000a073bfeeb0:   0000000000000000 0000000000000000
0x000000a073bfeec0:   0000022816219c88 000000a073bfef98
0x000000a073bfeed0:   000000a073bfef68 00000227c5f0c992
0x000000a073bfeee0:   0000000000000000 00000227c5f0c669
0x000000a073bfeef0:   0000022816219c88 000000004535bc88
0x000000a073bfef00:   00000007092df6a0 0000000704d2e9d8
0x000000a073bfef10:   000000a073bfeff0 00000227c5f0c626
0x000000a073bfef20:   000000a073bfef20 0000022816219c88
0x000000a073bfef30:   0000000000000006 000002281621ab90
0x000000a073bfef40:   0000000000000000 00000007092dd270 

Instructions: (pc=0x000000007110b5db)
0x000000007110b4db:   48 85 c0 74 bf 44 8b 03 45 85 c0 0f 84 77 ff ff
0x000000007110b4eb:   ff eb 9f 66 90 e8 8b fe ff ff 48 89 05 0c 34 01
0x000000007110b4fb:   00 eb ad 66 90 e8 7b fe ff ff 48 89 05 fc 33 01
0x000000007110b50b:   00 eb 8b e8 8d fe ff ff c7 03 01 00 00 00 e9 6f
0x000000007110b51b:   ff ff ff 66 90 55 48 89 e5 56 53 48 83 ec 20 48
0x000000007110b52b:   8b 05 d7 33 01 00 48 8b 31 48 89 cb 48 85 c0 74
0x000000007110b53b:   56 44 8b 18 45 85 db 78 42 48 8b 05 bd 33 01 00
0x000000007110b54b:   48 85 c0 74 50 44 8b 10 45 85 d2 74 1d 48 89 f1
0x000000007110b55b:   e8 d0 fd ff ff 48 8b 13 48 8d 42 40 48 8b 48 08
0x000000007110b56b:   48 8b 6a 40 48 8b 60 10 ff e1 48 8b 05 9c 33 01
0x000000007110b57b:   00 48 85 c0 74 2d 48 89 30 eb da e8 b5 fe ff ff
0x000000007110b58b:   0f 1f 44 00 00 eb b2 e8 e9 fd ff ff 48 89 05 6a
0x000000007110b59b:   33 01 00 eb 9c e8 db fd ff ff 48 89 05 5c 33 01
0x000000007110b5ab:   00 eb a2 e8 3d fd ff ff 48 89 05 5e 33 01 00 eb
0x000000007110b5bb:   c5 0f 1f 40 00 55 57 56 53 48 83 ec 28 48 8b 05
0x000000007110b5cb:   39 33 01 00 48 89 cb 48 85 c0 0f 84 c5 00 00 00
0x000000007110b5db:   8b 38 85 ff 0f 88 ab 00 00 00 48 8b 05 1c 33 01
0x000000007110b5eb:   00 48 85 c0 0f 84 bc 00 00 00 8b 30 85 f6 74 57
0x000000007110b5fb:   48 8b 05 0e 33 01 00 48 85 c0 0f 84 e5 00 00 00
0x000000007110b60b:   8b 28 48 8b 35 10 5e 01 00 ff d6 89 c7 89 e9 ff
0x000000007110b61b:   15 f4 5e 01 00 89 f9 48 89 c5 ff 15 b9 5e 01 00
0x000000007110b62b:   48 8b 05 de 32 01 00 48 89 2b 48 85 c0 74 46 48
0x000000007110b63b:   89 da 8b 08 ff 15 d7 5e 01 00 85 c0 74 27 48 83
0x000000007110b64b:   c4 28 5b 5e 5f 5d c3 48 8b 05 bf 32 01 00 48 85
0x000000007110b65b:   c0 74 64 48 8b 10 48 89 13 48 89 18 48 83 c4 28
0x000000007110b66b:   5b 5e 5f 5d c3 48 89 f2 48 83 c4 28 5b 5e 5f 5d
0x000000007110b67b:   48 ff e2 66 90 e8 8b fc ff ff 48 89 05 84 32 01
0x000000007110b68b:   00 eb ac 66 90 e8 ab fd ff ff e9 4b ff ff ff 66
0x000000007110b69b:   0f 1f 44 00 00 e8 db fc ff ff 48 89 05 5c 32 01
0x000000007110b6ab:   00 e9 2a ff ff ff e8 ca fc ff ff 48 89 05 4b 32
0x000000007110b6bb:   01 00 e9 33 ff ff ff e8 29 fc ff ff 48 89 05 4a
0x000000007110b6cb:   32 01 00 48 8b 10 48 85 c0 48 89 13 75 8b e8 12 


Stack slot to memory mapping:

stack at sp + 0 slots: 0x0000000000000003 is an unknown value
stack at sp + 1 slots: 0x0 is null
stack at sp + 2 slots: 0x000000007110b230 jSSC-2.8_x86_64.dll
stack at sp + 3 slots: 0x0 is null
stack at sp + 4 slots: 0x0000000000000001 is an unknown value
stack at sp + 5 slots: 0x0000000000000004 is an unknown value
stack at sp + 6 slots: 0x0000022817edf1c8 points into unknown readable memory: 0x00007ffb53c8c600 | 00 c6 c8 53 fb 7f 00 00
stack at sp + 7 slots: 0x0000000000000808 is an unknown value


---------------  P R O C E S S  ---------------

Threads class SMR info:
_java_thread_list=0x00000228191d3300, length=26, elements={
0x00000227bbf7d4e0, 0x00000227d0ff2a20, 0x00000227d0ff5590, 0x00000227d0ff8000,
0x00000227d0ff8a60, 0x00000227d0ffb600, 0x00000227d0ffd6d0, 0x00000227d1003290,
0x00000227d0fb8dd0, 0x00000227d0fb9440, 0x00000227d123ebf0, 0x00000227d16181b0,
0x00000227d1618820, 0x00000227d175f990, 0x00000227d1818fc0, 0x00000227d1bbcae0,
0x00000227d1c2f120, 0x0000022817749280, 0x00000228176e5c00, 0x0000022817ede0f0,
0x0000022817ee01c0, 0x0000022817edcd40, 0x0000022817edfb30, 0x0000022817ede780,
0x0000022817edd3d0, 0x0000022817edee10
}

Java Threads: ( => current thread )
  0x00000227bbf7d4e0 JavaThread "main"                              [_thread_blocked, id=18548, stack(0x000000a071200000,0x000000a071300000) (1024K)]
  0x00000227d0ff2a20 JavaThread "Reference Handler"          daemon [_thread_blocked, id=17820, stack(0x000000a071a00000,0x000000a071b00000) (1024K)]
  0x00000227d0ff5590 JavaThread "Finalizer"                  daemon [_thread_blocked, id=23688, stack(0x000000a071b00000,0x000000a071c00000) (1024K)]
  0x00000227d0ff8000 JavaThread "Signal Dispatcher"          daemon [_thread_blocked, id=8560, stack(0x000000a071c00000,0x000000a071d00000) (1024K)]
  0x00000227d0ff8a60 JavaThread "Attach Listener"            daemon [_thread_blocked, id=2080, stack(0x000000a071d00000,0x000000a071e00000) (1024K)]
  0x00000227d0ffb600 JavaThread "Service Thread"             daemon [_thread_blocked, id=5932, stack(0x000000a071e00000,0x000000a071f00000) (1024K)]
  0x00000227d0ffd6d0 JavaThread "Monitor Deflation Thread"   daemon [_thread_blocked, id=14608, stack(0x000000a071f00000,0x000000a072000000) (1024K)]
  0x00000227d1003290 JavaThread "C1 CompilerThread0"         daemon [_thread_blocked, id=23788, stack(0x000000a072000000,0x000000a072100000) (1024K)]
  0x00000227d0fb8dd0 JavaThread "Common-Cleaner"             daemon [_thread_blocked, id=14780, stack(0x000000a072100000,0x000000a072200000) (1024K)]
  0x00000227d0fb9440 JavaThread "C1 CompilerThread1"         daemon [_thread_blocked, id=24368, stack(0x000000a072200000,0x000000a072300000) (1024K)]
  0x00000227d123ebf0 JavaThread "C1 CompilerThread2"         daemon [_thread_blocked, id=14728, stack(0x000000a072300000,0x000000a072400000) (1024K)]
  0x00000227d16181b0 JavaThread "Monitor Ctrl-Break"         daemon [_thread_in_native, id=932, stack(0x000000a072400000,0x000000a072500000) (1024K)]
  0x00000227d1618820 JavaThread "Notification Thread"        daemon [_thread_blocked, id=4620, stack(0x000000a072500000,0x000000a072600000) (1024K)]
  0x00000227d175f990 JavaThread "C1 CompilerThread3"         daemon [_thread_blocked, id=2748, stack(0x000000a072600000,0x000000a072700000) (1024K)]
  0x00000227d1818fc0 JavaThread "RMI TCP Accept-0"           daemon [_thread_in_native, id=25936, stack(0x000000a072700000,0x000000a072800000) (1024K)]
  0x00000227d1bbcae0 JavaThread "Thread-0"                          [_thread_blocked, id=18248, stack(0x000000a072e00000,0x000000a072f00000) (1024K)]
  0x00000227d1c2f120 JavaThread "restartedMain"                     [_thread_in_vm, id=14376, stack(0x000000a072f00000,0x000000a073000000) (1024K)]
  0x0000022817749280 JavaThread "RMI TCP Connection(1)-192.168.1.6" daemon [_thread_in_native, id=22456, stack(0x000000a073200000,0x000000a073300000) (1024K)]
  0x00000228176e5c00 JavaThread "RMI Scheduler(0)"           daemon [_thread_blocked, id=14100, stack(0x000000a073300000,0x000000a073400000) (1024K)]
  0x0000022817ede0f0 JavaThread "Catalina-utility-1"                [_thread_blocked, id=10044, stack(0x000000a073400000,0x000000a073500000) (1024K)]
  0x0000022817ee01c0 JavaThread "Catalina-utility-2"                [_thread_blocked, id=16544, stack(0x000000a073500000,0x000000a073600000) (1024K)]
  0x0000022817edcd40 JavaThread "container-0"                       [_thread_blocked, id=15272, stack(0x000000a073600000,0x000000a073700000) (1024K)]
  0x0000022817edfb30 JavaThread "PostgreSQL-JDBC-Cleaner"    daemon [_thread_blocked, id=25620, stack(0x000000a073800000,0x000000a073900000) (1024K)]
  0x0000022817ede780 JavaThread "HikariPool-1:housekeeper"   daemon [_thread_blocked, id=23792, stack(0x000000a073900000,0x000000a073a00000) (1024K)]
  0x0000022817edd3d0 JavaThread "HikariPool-1:connection-adder" daemon [_thread_blocked, id=23692, stack(0x000000a073a00000,0x000000a073b00000) (1024K)]
=>0x0000022817edee10 JavaThread "Thread-4"                          [_thread_in_native, id=12848, stack(0x000000a073b00000,0x000000a073c00000) (1024K)]
Total: 26

Other Threads:
  0x00000227d0fcb650 VMThread "VM Thread"                           [id=20628, stack(0x000000a071900000,0x000000a071a00000) (1024K)]
  0x00000227d0fb8440 WatcherThread "VM Periodic Task Thread"        [id=17984, stack(0x000000a071800000,0x000000a071900000) (1024K)]
  0x00000227bc18b060 WorkerThread "GC Thread#0"                     [id=11528, stack(0x000000a071300000,0x000000a071400000) (1024K)]
  0x00000227d1928b10 WorkerThread "GC Thread#1"                     [id=21644, stack(0x000000a072800000,0x000000a072900000) (1024K)]
  0x00000227d18fc610 WorkerThread "GC Thread#2"                     [id=21912, stack(0x000000a072900000,0x000000a072a00000) (1024K)]
  0x00000227d18fc9b0 WorkerThread "GC Thread#3"                     [id=9832, stack(0x000000a072a00000,0x000000a072b00000) (1024K)]
  0x00000227d19053b0 WorkerThread "GC Thread#4"                     [id=4192, stack(0x000000a072b00000,0x000000a072c00000) (1024K)]
  0x00000227d1938ec0 WorkerThread "GC Thread#5"                     [id=25608, stack(0x000000a072c00000,0x000000a072d00000) (1024K)]
  0x00000227d195cc30 WorkerThread "GC Thread#6"                     [id=9820, stack(0x000000a072d00000,0x000000a072e00000) (1024K)]
  0x0000022817342f60 WorkerThread "GC Thread#7"                     [id=22464, stack(0x000000a073100000,0x000000a073200000) (1024K)]
  0x00000227bc19bb20 ConcurrentGCThread "G1 Main Marker"            [id=10188, stack(0x000000a071400000,0x000000a071500000) (1024K)]
  0x00000227bc19c530 WorkerThread "G1 Conc#0"                       [id=25948, stack(0x000000a071500000,0x000000a071600000) (1024K)]
  0x0000022817342bc0 WorkerThread "G1 Conc#1"                       [id=15228, stack(0x000000a073000000,0x000000a073100000) (1024K)]
  0x00000227d0e8d1a0 ConcurrentGCThread "G1 Refine#0"               [id=8132, stack(0x000000a071600000,0x000000a071700000) (1024K)]
  0x00000227d0e8d9c0 ConcurrentGCThread "G1 Service"                [id=18712, stack(0x000000a071700000,0x000000a071800000) (1024K)]
Total: 15

Threads with active compile tasks:
Total: 0

VM state: at safepoint (normal execution)

VM Mutex/Monitor currently owned by a thread:  ([mutex/lock_event])
[0x00007ffb53d0a5f8] Threads_lock - owner thread: 0x00000227d0fcb650
[0x00007ffb53d0a6f8] Heap_lock - owner thread: 0x00000227bc19bb20

Heap address: 0x0000000704a00000, size: 4022 MB, Compressed Oops mode: Zero based, Oop shift amount: 3

CDS archive(s) mapped at: [0x00000227d2000000-0x00000227d2c90000-0x00000227d2c90000), size 13172736, SharedBaseAddress: 0x00000227d2000000, ArchiveRelocationMode: 1.
Compressed class space mapped at: 0x00000227d3000000-0x0000022813000000, reserved size: 1073741824
Narrow klass base: 0x00000227d2000000, Narrow klass shift: 0, Narrow klass range: 0x100000000

GC Precious Log:
 CardTable entry size: 512
 Card Set container configuration: InlinePtr #cards 4 size 8 Array Of Cards #cards 16 size 48 Howl #buckets 8 coarsen threshold 3686 Howl Bitmap #cards 512 size 80 coarsen threshold 460 Card regions per heap region 1 cards per card region 4096
 CPUs: 8 total, 8 available
 Memory: 16082M
 Large Page Support: Disabled
 NUMA Support: Disabled
 Compressed Oops: Enabled (Zero based)
 Heap Region Size: 2M
 Heap Min Capacity: 8M
 Heap Initial Capacity: 252M
 Heap Max Capacity: 4022M
 Pre-touch: Disabled
 Parallel Workers: 8
 Concurrent Workers: 2
 Concurrent Refinement Workers: 8
 Periodic GC: Disabled

Heap:
 garbage-first heap   total 81920K, used 26990K [0x0000000704a00000, 0x0000000800000000)
  region size 2048K, 3 young (6144K), 2 survivors (4096K)
 Metaspace       used 59010K, committed 59776K, reserved 1114112K
  class space    used 8371K, committed 8704K, reserved 1048576K

Heap Regions: E=young(eden), S=young(survivor), O=old, HS=humongous(starts), HC=humongous(continues), CS=collection set, F=free, TAMS=top-at-mark-start, PB=parsable bottom
|   0|0x0000000704a00000, 0x0000000704c00000, 0x0000000704c00000|100%| O|  |TAMS 0x0000000704c00000| PB 0x0000000704a00000| Untracked 
|   1|0x0000000704c00000, 0x0000000704e00000, 0x0000000704e00000|100%| O|  |TAMS 0x0000000704e00000| PB 0x0000000704c00000| Untracked 
|   2|0x0000000704e00000, 0x0000000705000000, 0x0000000705000000|100%| O|  |TAMS 0x0000000705000000| PB 0x0000000704e00000| Untracked 
|   3|0x0000000705000000, 0x0000000705200000, 0x0000000705200000|100%| O|  |TAMS 0x0000000705200000| PB 0x0000000705000000| Untracked 
|   4|0x0000000705200000, 0x0000000705400000, 0x0000000705400000|100%| O|  |TAMS 0x0000000705400000| PB 0x0000000705200000| Untracked 
|   5|0x0000000705400000, 0x0000000705600000, 0x0000000705600000|100%| O|  |TAMS 0x0000000705600000| PB 0x0000000705400000| Untracked 
|   6|0x0000000705600000, 0x0000000705800000, 0x0000000705800000|100%| O|  |TAMS 0x0000000705800000| PB 0x0000000705600000| Untracked 
|   7|0x0000000705800000, 0x0000000705a00000, 0x0000000705a00000|100%| O|  |TAMS 0x0000000705a00000| PB 0x0000000705800000| Untracked 
|   8|0x0000000705a00000, 0x0000000705c00000, 0x0000000705c00000|100%| O|  |TAMS 0x0000000705c00000| PB 0x0000000705a00000| Untracked 
|   9|0x0000000705c00000, 0x0000000705cc2060, 0x0000000705e00000| 37%| O|  |TAMS 0x0000000705c00000| PB 0x0000000705c00000| Untracked 
|  10|0x0000000705e00000, 0x0000000706000000, 0x0000000706000000|100%| O|  |TAMS 0x0000000706000000| PB 0x0000000705e00000| Untracked 
|  11|0x0000000706000000, 0x0000000706200000, 0x0000000706200000|100%| O|  |TAMS 0x000000070601e980| PB 0x0000000706000000| Untracked 
|  12|0x0000000706200000, 0x0000000706200000, 0x0000000706400000|  0%| F|  |TAMS 0x0000000706200000| PB 0x0000000706200000| Untracked 
|  13|0x0000000706400000, 0x0000000706400000, 0x0000000706600000|  0%| F|  |TAMS 0x0000000706400000| PB 0x0000000706400000| Untracked 
|  14|0x0000000706600000, 0x0000000706600000, 0x0000000706800000|  0%| F|  |TAMS 0x0000000706600000| PB 0x0000000706600000| Untracked 
|  15|0x0000000706800000, 0x0000000706800000, 0x0000000706a00000|  0%| F|  |TAMS 0x0000000706800000| PB 0x0000000706800000| Untracked 
|  16|0x0000000706a00000, 0x0000000706a00000, 0x0000000706c00000|  0%| F|  |TAMS 0x0000000706a00000| PB 0x0000000706a00000| Untracked 
|  17|0x0000000706c00000, 0x0000000706c00000, 0x0000000706e00000|  0%| F|  |TAMS 0x0000000706c00000| PB 0x0000000706c00000| Untracked 
|  18|0x0000000706e00000, 0x0000000706e00000, 0x0000000707000000|  0%| F|  |TAMS 0x0000000706e00000| PB 0x0000000706e00000| Untracked 
|  19|0x0000000707000000, 0x0000000707000000, 0x0000000707200000|  0%| F|  |TAMS 0x0000000707000000| PB 0x0000000707000000| Untracked 
|  20|0x0000000707200000, 0x0000000707200000, 0x0000000707400000|  0%| F|  |TAMS 0x0000000707200000| PB 0x0000000707200000| Untracked 
|  21|0x0000000707400000, 0x0000000707400000, 0x0000000707600000|  0%| F|  |TAMS 0x0000000707400000| PB 0x0000000707400000| Untracked 
|  22|0x0000000707600000, 0x0000000707600000, 0x0000000707800000|  0%| F|  |TAMS 0x0000000707600000| PB 0x0000000707600000| Untracked 
|  23|0x0000000707800000, 0x0000000707800000, 0x0000000707a00000|  0%| F|  |TAMS 0x0000000707800000| PB 0x0000000707800000| Untracked 
|  24|0x0000000707a00000, 0x0000000707a00000, 0x0000000707c00000|  0%| F|  |TAMS 0x0000000707a00000| PB 0x0000000707a00000| Untracked 
|  25|0x0000000707c00000, 0x0000000707c00000, 0x0000000707e00000|  0%| F|  |TAMS 0x0000000707c00000| PB 0x0000000707c00000| Untracked 
|  26|0x0000000707e00000, 0x0000000707e00000, 0x0000000708000000|  0%| F|  |TAMS 0x0000000707e00000| PB 0x0000000707e00000| Untracked 
|  27|0x0000000708000000, 0x0000000708000000, 0x0000000708200000|  0%| F|  |TAMS 0x0000000708000000| PB 0x0000000708000000| Untracked 
|  28|0x0000000708200000, 0x0000000708200000, 0x0000000708400000|  0%| F|  |TAMS 0x0000000708200000| PB 0x0000000708200000| Untracked 
|  29|0x0000000708400000, 0x0000000708400000, 0x0000000708600000|  0%| F|  |TAMS 0x0000000708400000| PB 0x0000000708400000| Untracked 
|  30|0x0000000708600000, 0x0000000708600000, 0x0000000708800000|  0%| F|  |TAMS 0x0000000708600000| PB 0x0000000708600000| Untracked 
|  31|0x0000000708800000, 0x0000000708800000, 0x0000000708a00000|  0%| F|  |TAMS 0x0000000708800000| PB 0x0000000708800000| Untracked 
|  32|0x0000000708a00000, 0x0000000708a00000, 0x0000000708c00000|  0%| F|  |TAMS 0x0000000708a00000| PB 0x0000000708a00000| Untracked 
|  33|0x0000000708c00000, 0x0000000708d997b8, 0x0000000708e00000| 79%| S|CS|TAMS 0x0000000708c00000| PB 0x0000000708c00000| Complete 
|  34|0x0000000708e00000, 0x0000000709000000, 0x0000000709000000|100%| S|CS|TAMS 0x0000000708e00000| PB 0x0000000708e00000| Complete 
|  35|0x0000000709000000, 0x0000000709000000, 0x0000000709200000|  0%| F|  |TAMS 0x0000000709000000| PB 0x0000000709000000| Untracked 
|  36|0x0000000709200000, 0x0000000709200000, 0x0000000709400000|  0%| F|  |TAMS 0x0000000709200000| PB 0x0000000709200000| Untracked 
|  37|0x0000000709400000, 0x0000000709400000, 0x0000000709600000|  0%| F|  |TAMS 0x0000000709400000| PB 0x0000000709400000| Untracked 
|  38|0x0000000709600000, 0x0000000709600000, 0x0000000709800000|  0%| F|  |TAMS 0x0000000709600000| PB 0x0000000709600000| Untracked 
| 125|0x0000000714400000, 0x000000071458c7c0, 0x0000000714600000| 77%| E|  |TAMS 0x0000000714400000| PB 0x0000000714400000| Complete 

Card table byte_map: [0x00000227c9e60000,0x00000227ca640000] _byte_map_base: 0x00000227c663b000

Marking Bits: (CMBitMap*) 0x00000227bc18b670
 Bits: [0x00000227ca640000, 0x00000227ce518000)

Polling page: 0x00000227bd990000

Metaspace:

Usage:
  Non-class:     49.45 MB used.
      Class:      8.18 MB used.
       Both:     57.63 MB used.

Virtual space:
  Non-class space:       64.00 MB reserved,      49.88 MB ( 78%) committed,  1 nodes.
      Class space:        1.00 GB reserved,       8.50 MB ( <1%) committed,  1 nodes.
             Both:        1.06 GB reserved,      58.38 MB (  5%) committed. 

Chunk freelists:
   Non-Class:  13.67 MB
       Class:  7.40 MB
        Both:  21.07 MB

MaxMetaspaceSize: unlimited
CompressedClassSpaceSize: 1.00 GB
Initial GC threshold: 21.00 MB
Current GC threshold: 58.56 MB
CDS: on
 - commit_granule_bytes: 65536.
 - commit_granule_words: 8192.
 - virtual_space_node_default_size: 8388608.
 - enlarge_chunks_in_place: 1.
 - use_allocation_guard: 0.


Internal statistics:

num_allocs_failed_limit: 6.
num_arena_births: 914.
num_arena_deaths: 0.
num_vsnodes_births: 2.
num_vsnodes_deaths: 0.
num_space_committed: 934.
num_space_uncommitted: 0.
num_chunks_returned_to_freelist: 6.
num_chunks_taken_from_freelist: 3046.
num_chunk_merges: 6.
num_chunk_splits: 2195.
num_chunks_enlarged: 1710.
num_inconsistent_stats: 0.

CodeCache: size=49152Kb used=11131Kb max_used=11270Kb free=38020Kb
 bounds [0x00000227c5f00000, 0x00000227c6a10000, 0x00000227c8f00000]
 total_blobs=5769 nmethods=5101 adapters=589
 compilation: enabled
              stopped_count=0, restarted_count=0
 full_count=0

Compilation events (20 events):
Event: 4.053 Thread 0x00000227d1003290 nmethod 5051 0x00000227c69d0610 code [0x00000227c69d07c0, 0x00000227c69d0920]
Event: 4.053 Thread 0x00000227d123ebf0 5052       1       org.springframework.util.ReflectionUtils::makeAccessible (36 bytes)
Event: 4.053 Thread 0x00000227d123ebf0 nmethod 5052 0x00000227c69d1090 code [0x00000227c69d1240, 0x00000227c69d13d0]
Event: 4.054 Thread 0x00000227d1003290 5053       1       org.springframework.beans.AbstractNestablePropertyAccessor::getWrappedClass (8 bytes)
Event: 4.054 Thread 0x00000227d1003290 nmethod 5053 0x00000227c69d1510 code [0x00000227c69d16c0, 0x00000227c69d1868]
Event: 4.055 Thread 0x00000227d1003290 5055       1       java.lang.invoke.VarHandleLongs$Array::getVolatile (42 bytes)
Event: 4.055 Thread 0x00000227d175f990 5054       1       java.util.concurrent.atomic.AtomicLongArray::get (12 bytes)
Event: 4.055 Thread 0x00000227d123ebf0 5056       1       org.springframework.data.util.ClassTypeInformation::getType (5 bytes)
Event: 4.055 Thread 0x00000227d123ebf0 nmethod 5056 0x00000227c69d1990 code [0x00000227c69d1b20, 0x00000227c69d1bf0]
Event: 4.055 Thread 0x00000227d1003290 nmethod 5055 0x00000227c69d1c90 code [0x00000227c69d1e40, 0x00000227c69d1fd0]
Event: 4.055 Thread 0x00000227d175f990 nmethod 5054 0x00000227c69d2110 code [0x00000227c69d22a0, 0x00000227c69d23e0]
Event: 4.055 Thread 0x00000227d1003290 5057       1       java.util.Spliterators$EmptySpliterator$OfRef::tryAdvance (6 bytes)
Event: 4.055 Thread 0x00000227d123ebf0 5058       1       java.util.Spliterators$EmptySpliterator::tryAdvance (7 bytes)
Event: 4.055 Thread 0x00000227d0fb9440 5059       1       java.util.stream.Stream::empty (8 bytes)
Event: 4.056 Thread 0x00000227d123ebf0 nmethod 5058 0x00000227c69d2510 code [0x00000227c69d26c0, 0x00000227c69d2828]
Event: 4.056 Thread 0x00000227d1003290 nmethod 5057 0x00000227c69d2910 code [0x00000227c69d2ac0, 0x00000227c69d2c28]
Event: 4.056 Thread 0x00000227d0fb9440 nmethod 5059 0x00000227c69d2d10 code [0x00000227c69d2ec0, 0x00000227c69d3050]
Event: 4.056 Thread 0x00000227d1003290 5060       1       java.util.Optional::orElseGet (21 bytes)
Event: 4.056 Thread 0x00000227d1003290 nmethod 5060 0x00000227c69d3190 code [0x00000227c69d3340, 0x00000227c69d3450]
Event: 4.056 Thread 0x00000227d175f990 5061       1       java.lang.Thread::threadId (5 bytes)

GC Heap History (18 events):
Event: 0.532 GC heap before
{Heap before GC invocations=0 (full 0):
 garbage-first heap   total 258048K, used 20480K [0x0000000704a00000, 0x0000000800000000)
  region size 2048K, 11 young (22528K), 0 survivors (0K)
 Metaspace       used 6422K, committed 6720K, reserved 1114112K
  class space    used 768K, committed 896K, reserved 1048576K
}
Event: 0.537 GC heap after
{Heap after GC invocations=1 (full 0):
 garbage-first heap   total 258048K, used 7176K [0x0000000704a00000, 0x0000000800000000)
  region size 2048K, 2 young (4096K), 2 survivors (4096K)
 Metaspace       used 6422K, committed 6720K, reserved 1114112K
  class space    used 768K, committed 896K, reserved 1048576K
}
Event: 0.975 GC heap before
{Heap before GC invocations=1 (full 0):
 garbage-first heap   total 258048K, used 31752K [0x0000000704a00000, 0x0000000800000000)
  region size 2048K, 15 young (30720K), 2 survivors (4096K)
 Metaspace       used 11704K, committed 12032K, reserved 1114112K
  class space    used 1609K, committed 1728K, reserved 1048576K
}
Event: 0.979 GC heap after
{Heap after GC invocations=2 (full 0):
 garbage-first heap   total 258048K, used 9484K [0x0000000704a00000, 0x0000000800000000)
  region size 2048K, 2 young (4096K), 2 survivors (4096K)
 Metaspace       used 11704K, committed 12032K, reserved 1114112K
  class space    used 1609K, committed 1728K, reserved 1048576K
}
Event: 1.309 GC heap before
{Heap before GC invocations=2 (full 0):
 garbage-first heap   total 258048K, used 50444K [0x0000000704a00000, 0x0000000800000000)
  region size 2048K, 24 young (49152K), 2 survivors (4096K)
 Metaspace       used 20922K, committed 21312K, reserved 1114112K
  class space    used 2793K, committed 2944K, reserved 1048576K
}
Event: 1.316 GC heap after
{Heap after GC invocations=3 (full 0):
 garbage-first heap   total 258048K, used 13494K [0x0000000704a00000, 0x0000000800000000)
  region size 2048K, 3 young (6144K), 3 survivors (6144K)
 Metaspace       used 20922K, committed 21312K, reserved 1114112K
  class space    used 2793K, committed 2944K, reserved 1048576K
}
Event: 1.640 GC heap before
{Heap before GC invocations=4 (full 0):
 garbage-first heap   total 55296K, used 40118K [0x0000000704a00000, 0x0000000800000000)
  region size 2048K, 16 young (32768K), 3 survivors (6144K)
 Metaspace       used 22997K, committed 23424K, reserved 1114112K
  class space    used 3118K, committed 3328K, reserved 1048576K
}
Event: 1.646 GC heap after
{Heap after GC invocations=5 (full 0):
 garbage-first heap   total 55296K, used 15082K [0x0000000704a00000, 0x0000000800000000)
  region size 2048K, 2 young (4096K), 2 survivors (4096K)
 Metaspace       used 22997K, committed 23424K, reserved 1114112K
  class space    used 3118K, committed 3328K, reserved 1048576K
}
Event: 1.969 GC heap before
{Heap before GC invocations=5 (full 0):
 garbage-first heap   total 55296K, used 37610K [0x0000000704a00000, 0x0000000800000000)
  region size 2048K, 14 young (28672K), 2 survivors (4096K)
 Metaspace       used 26571K, committed 27072K, reserved 1114112K
  class space    used 3666K, committed 3904K, reserved 1048576K
}
Event: 1.973 GC heap after
{Heap after GC invocations=6 (full 0):
 garbage-first heap   total 55296K, used 17219K [0x0000000704a00000, 0x0000000800000000)
  region size 2048K, 2 young (4096K), 2 survivors (4096K)
 Metaspace       used 26571K, committed 27072K, reserved 1114112K
  class space    used 3666K, committed 3904K, reserved 1048576K
}
Event: 2.274 GC heap before
{Heap before GC invocations=6 (full 0):
 garbage-first heap   total 55296K, used 39747K [0x0000000704a00000, 0x0000000800000000)
  region size 2048K, 14 young (28672K), 2 survivors (4096K)
 Metaspace       used 30269K, committed 30848K, reserved 1114112K
  class space    used 4170K, committed 4416K, reserved 1048576K
}
Event: 2.279 GC heap after
{Heap after GC invocations=7 (full 0):
 garbage-first heap   total 55296K, used 19858K [0x0000000704a00000, 0x0000000800000000)
  region size 2048K, 2 young (4096K), 2 survivors (4096K)
 Metaspace       used 30269K, committed 30848K, reserved 1114112K
  class space    used 4170K, committed 4416K, reserved 1048576K
}
Event: 2.542 GC heap before
{Heap before GC invocations=7 (full 0):
 garbage-first heap   total 55296K, used 36242K [0x0000000704a00000, 0x0000000800000000)
  region size 2048K, 12 young (24576K), 2 survivors (4096K)
 Metaspace       used 34977K, committed 35520K, reserved 1114112K
  class space    used 4864K, committed 5120K, reserved 1048576K
}
Event: 2.546 GC heap after
{Heap after GC invocations=8 (full 0):
 garbage-first heap   total 157696K, used 21202K [0x0000000704a00000, 0x0000000800000000)
  region size 2048K, 1 young (2048K), 1 survivors (2048K)
 Metaspace       used 34977K, committed 35520K, reserved 1114112K
  class space    used 4864K, committed 5120K, reserved 1048576K
}
Event: 3.287 GC heap before
{Heap before GC invocations=9 (full 0):
 garbage-first heap   total 81920K, used 68306K [0x0000000704a00000, 0x0000000800000000)
  region size 2048K, 24 young (49152K), 1 survivors (2048K)
 Metaspace       used 46433K, committed 47104K, reserved 1114112K
  class space    used 6461K, committed 6720K, reserved 1048576K
}
Event: 3.290 GC heap after
{Heap after GC invocations=10 (full 0):
 garbage-first heap   total 81920K, used 23654K [0x0000000704a00000, 0x0000000800000000)
  region size 2048K, 2 young (4096K), 2 survivors (4096K)
 Metaspace       used 46433K, committed 47104K, reserved 1114112K
  class space    used 6461K, committed 6720K, reserved 1048576K
}
Event: 3.943 GC heap before
{Heap before GC invocations=10 (full 0):
 garbage-first heap   total 81920K, used 68710K [0x0000000704a00000, 0x0000000800000000)
  region size 2048K, 24 young (49152K), 2 survivors (4096K)
 Metaspace       used 56893K, committed 57536K, reserved 1114112K
  class space    used 8125K, committed 8448K, reserved 1048576K
}
Event: 3.949 GC heap after
{Heap after GC invocations=11 (full 0):
 garbage-first heap   total 81920K, used 26146K [0x0000000704a00000, 0x0000000800000000)
  region size 2048K, 3 young (6144K), 3 survivors (6144K)
 Metaspace       used 56893K, committed 57536K, reserved 1114112K
  class space    used 8125K, committed 8448K, reserved 1048576K
}

Dll operation events (14 events):
Event: 0.010 Loaded shared library C:\Program Files\Java\jdk-21\bin\java.dll
Event: 0.109 Loaded shared library C:\Program Files\Java\jdk-21\bin\zip.dll
Event: 0.113 Loaded shared library C:\Program Files\Java\jdk-21\bin\instrument.dll
Event: 0.118 Loaded shared library C:\Program Files\Java\jdk-21\bin\net.dll
Event: 0.119 Loaded shared library C:\Program Files\Java\jdk-21\bin\nio.dll
Event: 0.123 Loaded shared library C:\Program Files\Java\jdk-21\bin\zip.dll
Event: 0.196 Loaded shared library C:\Program Files\JetBrains\IntelliJ IDEA 2024.2.0.1\bin\breakgen64.dll
Event: 0.200 Loaded shared library C:\Program Files\Java\jdk-21\bin\jimage.dll
Event: 0.204 Loaded shared library C:\Program Files\Java\jdk-21\bin\extnet.dll
Event: 0.215 Loaded shared library C:\Program Files\Java\jdk-21\bin\management.dll
Event: 0.222 Loaded shared library C:\Program Files\Java\jdk-21\bin\management_ext.dll
Event: 1.207 Loaded shared library C:\Program Files\Java\jdk-21\bin\sunmscapi.dll
Event: 2.556 Loaded shared library C:\Program Files\Java\jdk-21\bin\verify.dll
Event: 4.055 Loaded shared library C:\Users\gabri\.jssc\windows\jSSC-2.8_x86_64.dll

Deoptimization events (10 events):
Event: 0.308 Thread 0x00000227bbf7d4e0 DEOPT PACKING pc=0x00000227c6274edd sp=0x000000a0712fd000
Event: 0.308 Thread 0x00000227bbf7d4e0 DEOPT UNPACKING pc=0x00000227c5f588e2 sp=0x000000a0712fc4b0 mode 3
Event: 0.316 Thread 0x00000227bbf7d4e0 DEOPT PACKING pc=0x00000227c631cde0 sp=0x000000a0712fcf00
Event: 0.316 Thread 0x00000227bbf7d4e0 DEOPT UNPACKING pc=0x00000227c5f588e2 sp=0x000000a0712fc3b8 mode 3
Event: 1.065 Thread 0x00000227d1c2f120 DEOPT PACKING pc=0x00000227c658efe1 sp=0x000000a072ffcd30
Event: 1.065 Thread 0x00000227d1c2f120 DEOPT UNPACKING pc=0x00000227c5f588e2 sp=0x000000a072ffc210 mode 3
Event: 1.934 Thread 0x00000227d1c2f120 DEOPT PACKING pc=0x00000227c678e604 sp=0x000000a072ffb650
Event: 1.934 Thread 0x00000227d1c2f120 DEOPT UNPACKING pc=0x00000227c5f588e2 sp=0x000000a072ffabf8 mode 0
Event: 1.934 Thread 0x00000227d1c2f120 DEOPT PACKING pc=0x00000227c6720a9c sp=0x000000a072ffb850
Event: 1.934 Thread 0x00000227d1c2f120 DEOPT UNPACKING pc=0x00000227c5f588e2 sp=0x000000a072ffad10 mode 0

Classes loaded (20 events):
Event: 3.925 Loading class java/util/stream/ReduceOps$5
Event: 3.925 Loading class java/util/stream/ReduceOps$5 done
Event: 3.925 Loading class java/util/stream/ReduceOps$CountingSink$OfRef
Event: 3.925 Loading class java/util/stream/ReduceOps$CountingSink$OfRef done
Event: 3.991 Loading class java/lang/Character$UnicodeBlock
Event: 3.992 Loading class java/lang/Character$Subset
Event: 3.992 Loading class java/lang/Character$Subset done
Event: 3.993 Loading class java/lang/Character$UnicodeBlock done
Event: 4.002 Loading class java/util/regex/Pattern$LookBehindEndNode
Event: 4.002 Loading class java/util/regex/Pattern$LookBehindEndNode done
Event: 4.002 Loading class java/util/regex/Pattern$Behind
Event: 4.002 Loading class java/util/regex/Pattern$Behind done
Event: 4.023 Loading class java/util/regex/Pattern$Bound
Event: 4.023 Loading class java/util/regex/Pattern$Bound done
Event: 4.023 Loading class java/util/regex/Pattern$SliceI
Event: 4.023 Loading class java/util/regex/Pattern$SliceI done
Event: 4.024 Loading class java/util/regex/Pattern$NotBehind
Event: 4.024 Loading class java/util/regex/Pattern$NotBehind done
Event: 4.024 Loading class java/util/regex/Pattern$Neg
Event: 4.024 Loading class java/util/regex/Pattern$Neg done

Classes unloaded (0 events):
No events

Classes redefined (0 events):
No events

Internal exceptions (20 events):
Event: 3.256 Thread 0x00000227d1c2f120 Exception <a 'java/lang/NoSuchMethodError'{0x0000000706f94af8}: 'java.lang.Object java.lang.invoke.DirectMethodHandle$Holder.invokeStaticInit(java.lang.Object, java.lang.Object, int, java.lang.Object)'> (0x0000000706f94af8) 
thrown [s\open\src\hotspot\share\interpreter\linkResolver.cpp, line 773]
Event: 3.614 Thread 0x00000227d1c2f120 Exception <a 'java/lang/NoSuchMethodError'{0x0000000708485320}: 'void java.lang.invoke.DirectMethodHandle$Holder.invokeInterface(java.lang.Object, java.lang.Object, int, java.lang.Object)'> (0x0000000708485320) 
thrown [s\open\src\hotspot\share\interpreter\linkResolver.cpp, line 773]
Event: 3.616 Thread 0x00000227d1c2f120 Exception <a 'java/lang/NoSuchMethodError'{0x00000007084ac138}: 'java.lang.Object java.lang.invoke.DirectMethodHandle$Holder.newInvokeSpecial(java.lang.Object, java.lang.Object, int, java.lang.Object)'> (0x00000007084ac138) 
thrown [s\open\src\hotspot\share\interpreter\linkResolver.cpp, line 773]
Event: 3.616 Thread 0x00000227d1c2f120 Exception <a 'java/lang/NoSuchMethodError'{0x00000007084afa98}: 'java.lang.Object java.lang.invoke.Invokers$Holder.linkToTargetMethod(java.lang.Object, int, java.lang.Object, java.lang.Object)'> (0x00000007084afa98) 
thrown [s\open\src\hotspot\share\interpreter\linkResolver.cpp, line 773]
Event: 3.629 Thread 0x00000227d1c2f120 Exception <a 'java/lang/NoSuchMethodError'{0x00000007085c4218}: 'void java.lang.invoke.DirectMethodHandle$Holder.invokeSpecial(java.lang.Object, java.lang.Object, java.lang.Object, java.lang.Object, java.lang.Object, java.lang.Object, java.lang.Object, java.lang.Object)'> (0x00000007085c4218) 
thrown [s\open\src\hotspot\share\interpreter\linkResolver.cpp, line 773]
Event: 3.632 Thread 0x00000227d1c2f120 Exception <a 'java/lang/NoSuchMethodError'{0x0000000708200fc8}: 'void java.lang.invoke.DirectMethodHandle$Holder.invokeSpecial(java.lang.Object, java.lang.Object, int, java.lang.Object)'> (0x0000000708200fc8) 
thrown [s\open\src\hotspot\share\interpreter\linkResolver.cpp, line 773]
Event: 3.632 Thread 0x00000227d1c2f120 Exception <a 'java/lang/NoSuchMethodError'{0x00000007082072f0}: 'java.lang.Object java.lang.invoke.DirectMethodHandle$Holder.newInvokeSpecial(java.lang.Object, java.lang.Object, int)'> (0x00000007082072f0) 
thrown [s\open\src\hotspot\share\interpreter\linkResolver.cpp, line 773]
Event: 3.652 Thread 0x00000227d1c2f120 Exception <a 'java/lang/NoSuchMethodError'{0x0000000708384c30}: 'int java.lang.invoke.DirectMethodHandle$Holder.invokeStatic(java.lang.Object, int, java.lang.Object)'> (0x0000000708384c30) 
thrown [s\open\src\hotspot\share\interpreter\linkResolver.cpp, line 773]
Event: 3.653 Thread 0x00000227d1c2f120 Exception <a 'java/lang/NoSuchMethodError'{0x00000007083a4a00}: 'java.lang.Object java.lang.invoke.DirectMethodHandle$Holder.newInvokeSpecial(java.lang.Object, java.lang.Object, java.lang.Object, java.lang.Object, java.lang.Object, int, java.lang.Object)'> (0x00000007083a4a00) 
thrown [s\open\src\hotspot\share\interpreter\linkResolver.cpp, line 773]
Event: 3.656 Thread 0x00000227d1c2f120 Exception <a 'java/lang/NoSuchMethodError'{0x00000007083d9090}: 'java.lang.Object java.lang.invoke.Invokers$Holder.linkToTargetMethod(java.lang.Object, java.lang.Object, java.lang.Object, java.lang.Object, java.lang.Object, java.lang.Object, java.lang.Object, java.lang.Object, java.lang.Object, java.lang.Object, java.lang.Object, java.lang.Object)'> (0x00000007083d9090) 
thrown [s\open\src\hotspot\share\interpreter\linkResolver.cpp, line 773]
Event: 3.680 Thread 0x00000227d1c2f120 Exception <a 'java/lang/IncompatibleClassChangeError'{0x000000070816d3b8}: Found class java.lang.Object, but interface was expected> (0x000000070816d3b8) 
thrown [s\open\src\hotspot\share\interpreter\linkResolver.cpp, line 840]
Event: 3.687 Thread 0x00000227d1c2f120 Exception <a 'java/lang/NoSuchMethodError'{0x0000000707e1be68}: 'java.lang.Object java.lang.invoke.DirectMethodHandle$Holder.newInvokeSpecial(java.lang.Object, java.lang.Object, java.lang.Object, java.lang.Object, java.lang.Object, java.lang.Object, java.lang.Object, int)'> (0x0000000707e1be68) 
thrown [s\open\src\hotspot\share\interpreter\linkResolver.cpp, line 773]
Event: 3.687 Thread 0x00000227d1c2f120 Exception <a 'java/lang/NoSuchMethodError'{0x0000000707e203c8}: 'java.lang.Object java.lang.invoke.DirectMethodHandle$Holder.invokeSpecial(java.lang.Object, java.lang.Object, java.lang.Object, java.lang.Object, java.lang.Object, java.lang.Object, java.lang.Object, java.lang.Object, int)'> (0x0000000707e203c8) 
thrown [s\open\src\hotspot\share\interpreter\linkResolver.cpp, line 773]
Event: 3.687 Thread 0x00000227d1c2f120 Exception <a 'java/lang/NoSuchMethodError'{0x0000000707e243e0}: 'java.lang.Object java.lang.invoke.Invokers$Holder.linkToTargetMethod(java.lang.Object, java.lang.Object, java.lang.Object, java.lang.Object, java.lang.Object, java.lang.Object, int, java.lang.Object)'> (0x0000000707e243e0) 
thrown [s\open\src\hotspot\share\interpreter\linkResolver.cpp, line 773]
Event: 3.790 Thread 0x00000227d1c2f120 Exception <a 'java/lang/NoSuchMethodError'{0x0000000707b84be8}: 'void java.lang.invoke.Invokers$Holder.invokeExact_MT(java.lang.Object, java.lang.Object, java.lang.Object, java.lang.Object)'> (0x0000000707b84be8) 
thrown [s\open\src\hotspot\share\interpreter\linkResolver.cpp, line 773]
Event: 3.835 Thread 0x00000227d1c2f120 Exception <a 'java/lang/IncompatibleClassChangeError'{0x00000007077f2fd0}: Found class java.lang.Object, but interface was expected> (0x00000007077f2fd0) 
thrown [s\open\src\hotspot\share\interpreter\linkResolver.cpp, line 840]
Event: 3.856 Thread 0x00000227d1c2f120 Exception <a 'java/lang/IncompatibleClassChangeError'{0x00000007075b4920}: Found class java.lang.Object, but interface was expected> (0x00000007075b4920) 
thrown [s\open\src\hotspot\share\interpreter\linkResolver.cpp, line 840]
Event: 3.908 Thread 0x00000227d1c2f120 Exception <a 'java/lang/IncompatibleClassChangeError'{0x000000070717b0c0}: Found class java.lang.Object, but interface was expected> (0x000000070717b0c0) 
thrown [s\open\src\hotspot\share\interpreter\linkResolver.cpp, line 840]
Event: 4.004 Thread 0x00000227d1c2f120 Exception <a 'java/lang/IncompatibleClassChangeError'{0x0000000709745d28}: Found class java.lang.Object, but interface was expected> (0x0000000709745d28) 
thrown [s\open\src\hotspot\share\interpreter\linkResolver.cpp, line 840]
Event: 4.004 Thread 0x00000227d1c2f120 Exception <a 'java/lang/IncompatibleClassChangeError'{0x000000070974b528}: Found class java.lang.Object, but interface was expected> (0x000000070974b528) 
thrown [s\open\src\hotspot\share\interpreter\linkResolver.cpp, line 840]

ZGC Phase Switch (0 events):
No events

VM Operations (20 events):
Event: 2.794 Executing VM operation: HandshakeAllThreads (Deoptimize)
Event: 2.794 Executing VM operation: HandshakeAllThreads (Deoptimize) done
Event: 2.805 Executing VM operation: HandshakeAllThreads (Deoptimize)
Event: 2.805 Executing VM operation: HandshakeAllThreads (Deoptimize) done
Event: 3.287 Executing VM operation: G1CollectForAllocation (G1 Evacuation Pause)
Event: 3.290 Executing VM operation: G1CollectForAllocation (G1 Evacuation Pause) done
Event: 3.458 Executing VM operation: HandshakeAllThreads (Deoptimize)
Event: 3.458 Executing VM operation: HandshakeAllThreads (Deoptimize) done
Event: 3.461 Executing VM operation: HandshakeAllThreads (Deoptimize)
Event: 3.461 Executing VM operation: HandshakeAllThreads (Deoptimize) done
Event: 3.476 Executing VM operation: HandshakeAllThreads (Deoptimize)
Event: 3.476 Executing VM operation: HandshakeAllThreads (Deoptimize) done
Event: 3.639 Executing VM operation: ICBufferFull
Event: 3.640 Executing VM operation: ICBufferFull done
Event: 3.916 Executing VM operation: HandshakeAllThreads (Deoptimize)
Event: 3.916 Executing VM operation: HandshakeAllThreads (Deoptimize) done
Event: 3.917 Executing VM operation: HandshakeAllThreads (Deoptimize)
Event: 3.917 Executing VM operation: HandshakeAllThreads (Deoptimize) done
Event: 3.943 Executing VM operation: G1CollectForAllocation (G1 Evacuation Pause)
Event: 3.949 Executing VM operation: G1CollectForAllocation (G1 Evacuation Pause) done

Events (20 events):
Event: 2.559 Thread 0x00000227d0fcb650 flushing nmethod 0x00000227c61b0c10
Event: 2.559 Thread 0x00000227d0fcb650 flushing nmethod 0x00000227c619cf90
Event: 2.559 Thread 0x00000227d0fcb650 flushing nmethod 0x00000227c61bb890
Event: 2.559 Thread 0x00000227d0fcb650 flushing nmethod 0x00000227c61b3c10
Event: 2.559 Thread 0x00000227d0fcb650 flushing nmethod 0x00000227c61b2f10
Event: 2.559 Thread 0x00000227d0fcb650 flushing nmethod 0x00000227c61afd90
Event: 2.559 Thread 0x00000227d0fcb650 flushing nmethod 0x00000227c61bc510
Event: 2.559 Thread 0x00000227d0fcb650 flushing nmethod 0x00000227c61a1710
Event: 2.559 Thread 0x00000227d0fcb650 flushing nmethod 0x00000227c6056410
Event: 2.559 Thread 0x00000227d0fcb650 flushing nmethod 0x00000227c6175110
Event: 2.662 Thread 0x0000022817edfb30 Thread added: 0x0000022817edfb30
Event: 2.666 Thread 0x0000022817edfb30 Thread exited: 0x0000022817edfb30
Event: 2.859 Thread 0x0000022817edfb30 Thread added: 0x0000022817edfb30
Event: 2.869 Thread 0x0000022817ede780 Thread added: 0x0000022817ede780
Event: 2.985 Thread 0x0000022817edd3d0 Thread added: 0x0000022817edd3d0
Event: 3.168 Thread 0x0000022817edee10 Thread added: 0x0000022817edee10
Event: 3.172 Thread 0x0000022817edee10 Thread exited: 0x0000022817edee10
Event: 3.673 Thread 0x0000022817edee10 Thread added: 0x0000022817edee10
Event: 3.676 Thread 0x0000022817edee10 Thread exited: 0x0000022817edee10
Event: 4.050 Thread 0x0000022817edee10 Thread added: 0x0000022817edee10


Dynamic libraries:
0x00007ff686030000 - 0x00007ff686040000 	C:\Program Files\Java\jdk-21\bin\java.exe
0x00007ffbf8680000 - 0x00007ffbf88e8000 	C:\WINDOWS\SYSTEM32\ntdll.dll
0x00007ffbf70e0000 - 0x00007ffbf71a9000 	C:\WINDOWS\System32\KERNEL32.DLL
0x00007ffbf5840000 - 0x00007ffbf5c32000 	C:\WINDOWS\System32\KERNELBASE.dll
0x00007ffbf5c40000 - 0x00007ffbf5d8b000 	C:\WINDOWS\System32\ucrtbase.dll
0x00007ffbb4570000 - 0x00007ffbb4589000 	C:\Program Files\Java\jdk-21\bin\jli.dll
0x00007ffbad4b0000 - 0x00007ffbad4cb000 	C:\Program Files\Java\jdk-21\bin\VCRUNTIME140.dll
0x00007ffbf6970000 - 0x00007ffbf6a24000 	C:\WINDOWS\System32\ADVAPI32.dll
0x00007ffbf6680000 - 0x00007ffbf6729000 	C:\WINDOWS\System32\msvcrt.dll
0x00007ffbf6870000 - 0x00007ffbf6916000 	C:\WINDOWS\System32\sechost.dll
0x00007ffbf74c0000 - 0x00007ffbf75d8000 	C:\WINDOWS\System32\RPCRT4.dll
0x00007ffbf72b0000 - 0x00007ffbf7475000 	C:\WINDOWS\System32\USER32.dll
0x00007ffbf5810000 - 0x00007ffbf5837000 	C:\WINDOWS\System32\win32u.dll
0x00007ffbdd890000 - 0x00007ffbddb23000 	C:\WINDOWS\WinSxS\amd64_microsoft.windows.common-controls_6595b64144ccf1df_6.0.26100.6899_none_3e0efeeae32e88c1\COMCTL32.dll
0x00007ffbf7600000 - 0x00007ffbf762b000 	C:\WINDOWS\System32\GDI32.dll
0x00007ffbf60e0000 - 0x00007ffbf620d000 	C:\WINDOWS\System32\gdi32full.dll
0x00007ffbf5e30000 - 0x00007ffbf5ed3000 	C:\WINDOWS\System32\msvcp_win.dll
0x00007ffbe1420000 - 0x00007ffbe142b000 	C:\WINDOWS\SYSTEM32\VERSION.dll
0x00007ffbf7480000 - 0x00007ffbf74af000 	C:\WINDOWS\System32\IMM32.DLL
0x00007ffbdd450000 - 0x00007ffbdd45c000 	C:\Program Files\Java\jdk-21\bin\vcruntime140_1.dll
0x00007ffba71d0000 - 0x00007ffba725e000 	C:\Program Files\Java\jdk-21\bin\msvcp140.dll
0x00007ffb530d0000 - 0x00007ffb53de5000 	C:\Program Files\Java\jdk-21\bin\server\jvm.dll
0x00007ffbf7630000 - 0x00007ffbf76a4000 	C:\WINDOWS\System32\WS2_32.dll
0x00007ffbf5670000 - 0x00007ffbf56ce000 	C:\WINDOWS\SYSTEM32\POWRPROF.dll
0x00007ffbe8ec0000 - 0x00007ffbe8ef5000 	C:\WINDOWS\SYSTEM32\WINMM.dll
0x00007ffbf5650000 - 0x00007ffbf5664000 	C:\WINDOWS\SYSTEM32\UMPDC.dll
0x00007ffbf45a0000 - 0x00007ffbf45bb000 	C:\WINDOWS\SYSTEM32\kernel.appcore.dll
0x00007ffbdd3a0000 - 0x00007ffbdd3aa000 	C:\Program Files\Java\jdk-21\bin\jimage.dll
0x00007ffbf2c10000 - 0x00007ffbf2e52000 	C:\WINDOWS\SYSTEM32\DBGHELP.DLL
0x00007ffbf6a30000 - 0x00007ffbf6dab000 	C:\WINDOWS\System32\combase.dll
0x00007ffbf7ef0000 - 0x00007ffbf7fc7000 	C:\WINDOWS\System32\OLEAUT32.dll
0x00007ffbdd850000 - 0x00007ffbdd88c000 	C:\WINDOWS\SYSTEM32\dbgcore.DLL
0x00007ffbf5d90000 - 0x00007ffbf5e28000 	C:\WINDOWS\System32\bcryptPrimitives.dll
0x00007ffbdd4a0000 - 0x00007ffbdd4af000 	C:\Program Files\Java\jdk-21\bin\instrument.dll
0x00007ffba71b0000 - 0x00007ffba71cf000 	C:\Program Files\Java\jdk-21\bin\java.dll
0x00007ffbf76b0000 - 0x00007ffbf7dfd000 	C:\WINDOWS\System32\SHELL32.dll
0x00007ffbf5ee0000 - 0x00007ffbf604b000 	C:\WINDOWS\System32\wintypes.dll
0x00007ffbf3420000 - 0x00007ffbf3c7d000 	C:\WINDOWS\SYSTEM32\windows.storage.dll
0x00007ffbf71b0000 - 0x00007ffbf72a2000 	C:\WINDOWS\System32\SHCORE.dll
0x00007ffbf67f0000 - 0x00007ffbf6852000 	C:\WINDOWS\System32\shlwapi.dll
0x00007ffbf5730000 - 0x00007ffbf5759000 	C:\WINDOWS\SYSTEM32\profapi.dll
0x00007ffba7170000 - 0x00007ffba7188000 	C:\Program Files\Java\jdk-21\bin\zip.dll
0x00007ffbc2e50000 - 0x00007ffbc2e60000 	C:\Program Files\Java\jdk-21\bin\net.dll
0x00007ffbee600000 - 0x00007ffbee71f000 	C:\WINDOWS\SYSTEM32\WINHTTP.dll
0x00007ffbf4af0000 - 0x00007ffbf4b5b000 	C:\WINDOWS\system32\mswsock.dll
0x00007ffba7190000 - 0x00007ffba71a6000 	C:\Program Files\Java\jdk-21\bin\nio.dll
0x00007ffbdd430000 - 0x00007ffbdd44a000 	C:\Program Files\JetBrains\IntelliJ IDEA 2024.2.0.1\bin\breakgen64.dll
0x00007ffbb9d70000 - 0x00007ffbb9d77000 	C:\Program Files\Java\jdk-21\bin\extnet.dll
0x00007ffbf4130000 - 0x00007ffbf4256000 	C:\WINDOWS\SYSTEM32\DNSAPI.dll
0x00007ffbf4050000 - 0x00007ffbf4084000 	C:\WINDOWS\SYSTEM32\IPHLPAPI.DLL
0x00007ffbf65e0000 - 0x00007ffbf65ea000 	C:\WINDOWS\System32\NSI.dll
0x00007ffbed9b0000 - 0x00007ffbed9bb000 	C:\Windows\System32\rasadhlp.dll
0x00007ffbeeed0000 - 0x00007ffbeef56000 	C:\WINDOWS\System32\fwpuclnt.dll
0x00007ffbc3e00000 - 0x00007ffbc3e0a000 	C:\Program Files\Java\jdk-21\bin\management.dll
0x00007ffbc3d30000 - 0x00007ffbc3d3b000 	C:\Program Files\Java\jdk-21\bin\management_ext.dll
0x00007ffbf6860000 - 0x00007ffbf6868000 	C:\WINDOWS\System32\PSAPI.DLL
0x00007ffbf4ed0000 - 0x00007ffbf4eeb000 	C:\WINDOWS\SYSTEM32\CRYPTSP.dll
0x00007ffbf4500000 - 0x00007ffbf453b000 	C:\WINDOWS\system32\rsaenh.dll
0x00007ffbf4b90000 - 0x00007ffbf4bbb000 	C:\WINDOWS\SYSTEM32\USERENV.dll
0x00007ffbf5700000 - 0x00007ffbf5726000 	C:\WINDOWS\SYSTEM32\bcrypt.dll
0x00007ffbf4d30000 - 0x00007ffbf4d3c000 	C:\WINDOWS\SYSTEM32\CRYPTBASE.dll
0x00007ffbc5f60000 - 0x00007ffbc5f78000 	C:\WINDOWS\system32\napinsp.dll
0x00007ffbc3dd0000 - 0x00007ffbc3de2000 	C:\WINDOWS\System32\winrnr.dll
0x00007ffbc3da0000 - 0x00007ffbc3dc8000 	C:\WINDOWS\system32\nlansp_c.dll
0x00007ffbe1cb0000 - 0x00007ffbe1cc6000 	C:\WINDOWS\system32\wshbth.dll
0x00007ffbb9720000 - 0x00007ffbb972e000 	C:\Program Files\Java\jdk-21\bin\sunmscapi.dll
0x00007ffbf6210000 - 0x00007ffbf6387000 	C:\WINDOWS\System32\CRYPT32.dll
0x00007ffbf5020000 - 0x00007ffbf5050000 	C:\WINDOWS\SYSTEM32\ncrypt.dll
0x00007ffbf4fd0000 - 0x00007ffbf500f000 	C:\WINDOWS\SYSTEM32\NTASN1.dll
0x00007ffb9fce0000 - 0x00007ffb9fcf0000 	C:\Program Files\Java\jdk-21\bin\verify.dll
0x0000000071100000 - 0x0000000071125000 	C:\Users\gabri\.jssc\windows\jSSC-2.8_x86_64.dll

dbghelp: loaded successfully - version: 4.0.5 - missing functions: none
symbol engine: initialized successfully - sym options: 0x614 - pdb path: .;C:\Program Files\Java\jdk-21\bin;C:\WINDOWS\SYSTEM32;C:\WINDOWS\WinSxS\amd64_microsoft.windows.common-controls_6595b64144ccf1df_6.0.26100.6899_none_3e0efeeae32e88c1;C:\Program Files\Java\jdk-21\bin\server;C:\Program Files\JetBrains\IntelliJ IDEA 2024.2.0.1\bin;C:\Users\gabri\.jssc\windows

VM Arguments:
jvm_args: -XX:TieredStopAtLevel=1 -Dspring.output.ansi.enabled=always -Dcom.sun.management.jmxremote -Dspring.jmx.enabled=true -Dspring.liveBeansView.mbeanDomain -Dspring.application.admin.enabled=true -Dmanagement.endpoints.jmx.exposure.include=* -javaagent:C:\Program Files\JetBrains\IntelliJ IDEA 2024.2.0.1\lib\idea_rt.jar=55192:C:\Program Files\JetBrains\IntelliJ IDEA 2024.2.0.1\bin -Dfile.encoding=UTF-8 -Dsun.stdout.encoding=UTF-8 -Dsun.stderr.encoding=UTF-8 
java_command: com.gabriel.api_estacao_meteorologica.ApiEstacaoMeteorologicaApplication
java_class_path (initial): C:\Users\gabri\Documents\Projeto IOT\api\api_estacao_meteorologica\api_estacao_meteorologica\target\classes;C:\Users\gabri\.m2\repository\org\springframework\boot\spring-boot-starter-web\3.5.6\spring-boot-starter-web-3.5.6.jar;C:\Users\gabri\.m2\repository\org\springframework\boot\spring-boot-starter\3.5.6\spring-boot-starter-3.5.6.jar;C:\Users\gabri\.m2\repository\org\springframework\boot\spring-boot-starter-logging\3.5.6\spring-boot-starter-logging-3.5.6.jar;C:\Users\gabri\.m2\repository\ch\qos\logback\logback-classic\1.5.18\logback-classic-1.5.18.jar;C:\Users\gabri\.m2\repository\ch\qos\logback\logback-core\1.5.18\logback-core-1.5.18.jar;C:\Users\gabri\.m2\repository\org\apache\logging\log4j\log4j-to-slf4j\2.24.3\log4j-to-slf4j-2.24.3.jar;C:\Users\gabri\.m2\repository\org\apache\logging\log4j\log4j-api\2.24.3\log4j-api-2.24.3.jar;C:\Users\gabri\.m2\repository\org\slf4j\jul-to-slf4j\2.0.17\jul-to-slf4j-2.0.17.jar;C:\Users\gabri\.m2\repository\jakarta\annotation\jakarta.annotation-api\2.1.1\jakarta.annotation-api-2.1.1.jar;C:\Users\gabri\.m2\repository\org\yaml\snakeyaml\2.4\snakeyaml-2.4.jar;C:\Users\gabri\.m2\repository\org\springframework\boot\spring-boot-starter-json\3.5.6\spring-boot-starter-json-3.5.6.jar;C:\Users\gabri\.m2\repository\com\fasterxml\jackson\datatype\jackson-datatype-jdk8\2.19.2\jackson-datatype-jdk8-2.19.2.jar;C:\Users\gabri\.m2\repository\com\fasterxml\jackson\datatype\jackson-datatype-jsr310\2.19.2\jackson-datatype-jsr310-2.19.2.jar;C:\Users\gabri\.m2\repository\com\fasterxml\jackson\module\jackson-module-parameter-names\2.19.2\jackson-module-parameter-names-2.19.2.jar;C:\Users\gabri\.m2\repository\org\springframework\boot\spring-boot-starter-tomcat\3.5.6\spring-boot-starter-tomcat-3.5.6.jar;C:\Users\gabri\.m2\repository\org\apache\tomcat\embed\tomcat-embed-core\10.1.46\tomcat-embed-core-10.1.46.jar;C:\Users\gabri\.m2\repository\org\apache\tomcat\embed\tomcat-embed-el\10.1.46\tomcat-embed-el-10.1.46.jar;C:\Users\gabri\.m2\repository\org\apache\tomcat\embed\tomcat-embed-websocket\10.1.46\tomcat-embed-websocket-10.1.46.jar;C:\Users\gabri\.m2\repository\org\springframework\spring-web\6.2.11\spring-web-6.2.11.jar;C:\Users\gabri\.m2\repository\org\springframework\spring-beans\6.2.11\spring-beans-6.2.11.jar;C:\Users\gabri\.m2\repository\io\micrometer\micrometer-observation\1.15.4\micrometer-observation-1.15.4.jar;C:\Users\gabri\.m2\repository\io\micrometer\micrometer-commons\1.15.4\micrometer-commons-1.15.4.jar;C:\Users\gabri\.m2\repository\org\springframework\spring-webmvc\6.2.11\spring-webmvc-6.2.11.jar;C:\Users\gabri\.m2\repository\org\springframework\spring-aop\6.2.11\spring-aop-6.2.11.jar;C:\Users\gabri\.m2\repository\org\springframework\spring-context\6.2.11\spring-context-6.2.11.jar;C:\Users\gabri\.m2\repository\org\springframework\spring-expression\6.2.11\spring-expression-6.2.11.jar;C:\Users\gabri\.m2\repository\org\springframework\boot\spring-boot-starter-data-jpa\3.5.6\spring-boot-starter-data-jpa-3.5.6.jar;C:\Users\gabri\.m2\repository\org\springframework\boot\spring-boot-starter-jdbc\3.5.6\spring-boot-starter-jdbc-3.5.6.jar;C:\Users\gabri\.m2\repository\com\zaxxer\HikariCP\6.3.3\HikariCP-6.3.3.jar;C:\Users\gabri\.m2\repository\org\springframework\spring-jdbc\6.2.11\spring-jdbc-6.2.11.jar;C:\Users\gabri\.m2\repository\org\hibernate\orm\hibernate-core\6.6.29.Final\hibernate-core-6.6.29.Final.jar;C:\Users\gabri\.m2\repository\jakarta\persistence\jakarta.persistence-api\3.1.0\jakarta.persistence-api-3.1.0.jar;C:\Users\gabri\.m2\repository\jakarta\transaction\jakarta.transaction-api\2.0.1\jakarta.transaction-api-2.0.1.jar;C:\Users\gabri\.m2\repository\org\jboss\logging\jboss-logging\3.6.1.Final\jboss-logging-3.6.1.Final.jar;C:\Users\gabri\.m2\repository\org\hibernate\common\hibernate-commons-annotations\7.0.3.Final\hibernate-commons-annotations-7.0.3.Final.jar;C:\Users\gabri\.m2\repository\io\smallrye\jandex\3.2.0\jandex-3.2.0.jar;C:\Users\gabri\.m2\repository\com\fasterxml\classmate\1.7.0\classmate-1.7.0.jar;C:\Users\gabri\.m2\repository\net\bytebuddy\byte-buddy\1.17.7\byte-buddy-1.17.7.jar;C:\Users\gabri\.m2\repository\org\glassfish\jaxb\jaxb-runtime\4.0.5\jaxb-runtime-4.0.5.jar;C:\Users\gabri\.m2\repository\org\glassfish\jaxb\jaxb-core\4.0.5\jaxb-core-4.0.5.jar;C:\Users\gabri\.m2\repository\org\eclipse\angus\angus-activation\2.0.2\angus-activation-2.0.2.jar;C:\Users\gabri\.m2\repository\org\glassfish\jaxb\txw2\4.0.5\txw2-4.0.5.jar;C:\Users\gabri\.m2\repository\com\sun\istack\istack-commons-runtime\4.1.2\istack-commons-runtime-4.1.2.jar;C:\Users\gabri\.m2\repository\jakarta\inject\jakarta.inject-api\2.0.1\jakarta.inject-api-2.0.1.jar;C:\Users\gabri\.m2\repository\org\antlr\antlr4-runtime\4.13.0\antlr4-runtime-4.13.0.jar;C:\Users\gabri\.m2\repository\org\springframework\data\spring-data-jpa\3.5.4\spring-data-jpa-3.5.4.jar;C:\Users\gabri\.m2\repository\org\springframework\data\spring-data-commons\3.5.4\spring-data-commons-3.5.4.jar;C:\Users\gabri\.m2\repository\org\springframework\spring-orm\6.2.11\spring-orm-6.2.11.jar;C:\Users\gabri\.m2\repository\org\springframework\spring-tx\6.2.11\spring-tx-6.2.11.jar;C:\Users\gabri\.m2\repository\org\slf4j\slf4j-api\2.0.17\slf4j-api-2.0.17.jar;C:\Users\gabri\.m2\repository\org\springframework\spring-aspects\6.2.11\spring-aspects-6.2.11.jar;C:\Users\gabri\.m2\repository\org\aspectj\aspectjweaver\1.9.24\aspectjweaver-1.9.24.jar;C:\Users\gabri\.m2\repository\org\postgresql\postgresql\42.7.7\postgresql-42.7.7.jar;C:\Users\gabri\.m2\repository\org\checkerframework\checker-qual\3.49.3\checker-qual-3.49.3.jar;C:\Users\gabri\.m2\repository\org\springframework\boot\spring-boot-devtools\3.5.6\spring-boot-devtools-3.5.6.jar;C:\Users\gabri\.m2\repository\org\springframework\boot\spring-boot\3.5.6\spring-boot-3.5.6.jar;C:\Users\gabri\.m2\repository\org\springframework\boot\spring-boot-autoconfigure\3.5.6\spring-boot-autoconfigure-3.5.6.jar;C:\Users\gabri\.m2\repository\org\projectlombok\lombok\1.18.40\lombok-1.18.40.jar;C:\Users\gabri\.m2\repository\jakarta\xml\bind\jakarta.xml.bind-api\4.0.2\jakarta.xml.bind-api-4.0.2.jar;C:\Users\gabri\.m2\repository\jakarta\activation\jakarta.activation-api\2.1.4\jakarta.activation-api-2.1.4.jar;C:\Users\gabri\.m2\repository\org\springframework\spring-core\6.2.11\spring-core-6.2.11.jar;C:\Users\gabri\.m2\repository\org\springframework\spring-jcl\6.2.11\spring-jcl-6.2.11.jar;C:\Users\gabri\.m2\repository\org\scream3r\jssc\2.8.0\jssc-2.8.0.jar;C:\Users\gabri\.m2\repository\com\fasterxml\jackson\core\jackson-databind\2.19.2\jackson-databind-2.19.2.jar;C:\Users\gabri\.m2\repository\com\fasterxml\jackson\core\jackson-annotations\2.19.2\jackson-annotations-2.19.2.jar;C:\Users\gabri\.m2\repository\com\fasterxml\jackson\core\jackson-core\2.19.2\jackson-core-2.19.2.jar
Launcher Type: SUN_STANDARD

[Global flags]
     intx CICompilerCount                          = 4                                         {product} {ergonomic}
     uint ConcGCThreads                            = 2                                         {product} {ergonomic}
     uint G1ConcRefinementThreads                  = 8                                         {product} {ergonomic}
   size_t G1HeapRegionSize                         = 2097152                                   {product} {ergonomic}
    uintx GCDrainStackTargetSize                   = 64                                        {product} {ergonomic}
   size_t InitialHeapSize                          = 264241152                                 {product} {ergonomic}
     bool ManagementServer                         = true                                      {product} {command line}
   size_t MarkStackSize                            = 4194304                                   {product} {ergonomic}
   size_t MaxHeapSize                              = 4217372672                                {product} {ergonomic}
   size_t MaxNewSize                               = 2529165312                                {product} {ergonomic}
   size_t MinHeapDeltaBytes                        = 2097152                                   {product} {ergonomic}
   size_t MinHeapSize                              = 8388608                                   {product} {ergonomic}
    uintx NonNMethodCodeHeapSize                   = 4096                                   {pd product} {ergonomic}
    uintx NonProfiledCodeHeapSize                  = 0                                      {pd product} {ergonomic}
     bool ProfileInterpreter                       = false                                  {pd product} {command line}
    uintx ProfiledCodeHeapSize                     = 0                                      {pd product} {ergonomic}
   size_t SoftMaxHeapSize                          = 4217372672                             {manageable} {ergonomic}
     intx TieredStopAtLevel                        = 1                                         {product} {command line}
     bool UseCompressedOops                        = true                           {product lp64_product} {ergonomic}
     bool UseG1GC                                  = true                                      {product} {ergonomic}
     bool UseLargePagesIndividualAllocation        = false                                  {pd product} {ergonomic}

Logging:
Log output configuration:
 #0: stdout all=warning uptime,level,tags foldmultilines=false
 #1: stderr all=off uptime,level,tags foldmultilines=false

Environment Variables:
PATH=C:\Program Files\Common Files\Oracle\Java\javapath;C:\Program Files (x86)\Common Files\Oracle\Java\javapath;C:\WINDOWS\system32;C:\WINDOWS;C:\WINDOWS\System32\Wbem;C:\WINDOWS\System32\WindowsPowerShell\v1.0\;C:\WINDOWS\System32\OpenSSH\;C:\Program Files\Git\cmd;C:\Users\gabri\AppData\Roaming\nvm;C:\Program Files\nodejs;C:\Program Files\MongoDB\Server\7.0\bin;%H2_HOME%\bin;C:\Program Files\Maven\bin;;C:\Program Files\Docker\Docker\resources\bin;C:\Program Files\nodejs\;C:\Program Files\Arduino PLC IDE Tools\;C:\Users\gabri\AppData\Local\Microsoft\WindowsApps;C:\Users\gabri\AppData\Local\Programs\Microsoft VS Code\bin;C:\Program Files\Java\jdk-21\bin;C:\Users\gabri\AppData\Roaming\nvm;C:\Program Files\nodejs;C:\Users\gabri\AppData\Local\Programs\mongosh\;C:\Users\gabri\AppData\Local\JetBrains\Toolbox\scripts;C:\Users\gabri\AppData\Roaming\npm;%USERPROFILE%\AppData\Local\Microsoft\WindowsApps;
USERNAME=gabri
OS=Windows_NT
PROCESSOR_IDENTIFIER=Intel64 Family 6 Model 140 Stepping 1, GenuineIntel
TMP=C:\Users\gabri\AppData\Local\Temp
TEMP=C:\Users\gabri\AppData\Local\Temp




Periodic native trim disabled

---------------  S Y S T E M  ---------------

OS:
 Windows 11 , 64 bit Build 26100 (10.0.26100.6725)
OS uptime: 0 days 9:54 hours
Hyper-V role detected

CPU: total 8 (initial active 8) (4 cores per cpu, 2 threads per core) family 6 model 140 stepping 1 microcode 0x86, cx8, cmov, fxsr, ht, mmx, 3dnowpref, sse, sse2, sse3, ssse3, sse4.1, sse4.2, popcnt, lzcnt, tsc, tscinvbit, avx, avx2, aes, erms, clmul, bmi1, bmi2, adx, avx512f, avx512dq, avx512cd, avx512bw, avx512vl, sha, fma, vzeroupper, avx512_vpopcntdq, avx512_vpclmulqdq, avx512_vaes, avx512_vnni, clflush, clflushopt, clwb, avx512_vbmi2, avx512_vbmi, hv, rdtscp, rdpid, fsrm, gfni, avx512_bitalg, f16c, cet_ibt, cet_ss, avx512_ifma
Processor Information for all 8 processors :
  Max Mhz: 2419, Current Mhz: 2419, Mhz Limit: 2419

Memory: 4k page, system-wide physical 16082M (1833M free)
TotalPageFile size 29906M (AvailPageFile size 7237M)
current process WorkingSet (physical memory assigned to process): 226M, peak: 226M
current process commit charge ("private bytes"): 265M, peak: 374M

vm_info: Java HotSpot(TM) 64-Bit Server VM (21.0.1+12-LTS-29) for windows-amd64 JRE (21.0.1+12-LTS-29), built on 2023-10-05T13:27:09Z by "mach5one" with MS VC++ 17.1 (VS2022)

END.
